<?xml version="1.0" encoding="UTF-8"?>
<coverage generated="1772646871043" clover="3.2.0">
  <project timestamp="1772646871043" name="All files">
    <metrics statements="194" coveredstatements="149" conditionals="88" coveredconditionals="56" methods="35" coveredmethods="33" elements="317" coveredelements="238" complexity="0" loc="194" ncloc="194" packages="1" files="1" classes="1"/>
    <file name="server.js" path="C:\Users\sunit\Desktop\Java Course\sprint-monitor\mock-server\server.js">
      <metrics statements="194" coveredstatements="149" conditionals="88" coveredconditionals="56" methods="35" coveredmethods="33"/>
      <line num="1" count="1" type="stmt"/>
      <line num="2" count="1" type="stmt"/>
      <line num="3" count="1" type="stmt"/>
      <line num="4" count="1" type="stmt"/>
      <line num="6" count="1" type="stmt"/>
      <line num="7" count="1" type="stmt"/>
      <line num="14" count="1" type="stmt"/>
      <line num="34" count="1" type="stmt"/>
      <line num="192" count="1" type="stmt"/>
      <line num="193" count="2" type="stmt"/>
      <line num="197" count="1" type="stmt"/>
      <line num="198" count="4" type="stmt"/>
      <line num="201" count="1" type="stmt"/>
      <line num="202" count="6" type="stmt"/>
      <line num="203" count="4" type="cond" truecount="2" falsecount="0"/>
      <line num="204" count="2" type="stmt"/>
      <line num="208" count="1" type="stmt"/>
      <line num="209" count="4" type="stmt"/>
      <line num="210" count="4" type="stmt"/>
      <line num="212" count="4" type="cond" truecount="1" falsecount="1"/>
      <line num="213" count="0" type="stmt"/>
      <line num="216" count="4" type="cond" truecount="1" falsecount="1"/>
      <line num="217" count="0" type="stmt"/>
      <line num="220" count="4" type="stmt"/>
      <line num="223" count="1" type="stmt"/>
      <line num="224" count="11" type="stmt"/>
      <line num="225" count="2" type="cond" truecount="2" falsecount="0"/>
      <line num="226" count="1" type="stmt"/>
      <line num="229" count="1" type="stmt"/>
      <line num="230" count="20" type="stmt"/>
      <line num="231" count="2" type="stmt"/>
      <line num="235" count="1" type="stmt"/>
      <line num="236" count="3" type="stmt"/>
      <line num="237" count="30" type="stmt"/>
      <line num="239" count="3" type="cond" truecount="2" falsecount="0"/>
      <line num="240" count="1" type="stmt"/>
      <line num="243" count="20" type="stmt"/>
      <line num="244" count="20" type="stmt"/>
      <line num="247" count="20" type="stmt"/>
      <line num="248" count="20" type="stmt"/>
      <line num="249" count="2" type="stmt"/>
      <line num="251" count="20" type="stmt"/>
      <line num="252" count="2" type="stmt"/>
      <line num="254" count="2" type="stmt"/>
      <line num="266" count="2" type="stmt"/>
      <line num="270" count="2" type="cond" truecount="1" falsecount="1"/>
      <line num="271" count="10" type="stmt"/>
      <line num="272" count="2" type="stmt"/>
      <line num="273" count="2" type="stmt"/>
      <line num="274" count="4" type="stmt"/>
      <line num="275" count="6" type="stmt"/>
      <line num="277" count="2" type="cond" truecount="1" falsecount="1"/>
      <line num="278" count="0" type="cond" truecount="0" falsecount="2"/>
      <line num="279" count="0" type="stmt"/>
      <line num="283" count="1" type="stmt"/>
      <line num="284" count="12" type="stmt"/>
      <line num="287" count="120" type="cond" truecount="1" falsecount="1"/>
      <line num="289" count="12" type="cond" truecount="1" falsecount="1"/>
      <line num="290" count="0" type="stmt"/>
      <line num="294" count="120" type="stmt"/>
      <line num="295" count="120" type="stmt"/>
      <line num="296" count="12" type="stmt"/>
      <line num="299" count="120" type="stmt"/>
      <line num="300" count="120" type="stmt"/>
      <line num="301" count="12" type="stmt"/>
      <line num="302" count="12" type="stmt"/>
      <line num="304" count="120" type="stmt"/>
      <line num="305" count="12" type="stmt"/>
      <line num="308" count="12" type="stmt"/>
      <line num="309" count="12" type="stmt"/>
      <line num="312" count="12" type="stmt"/>
      <line num="313" count="12" type="stmt"/>
      <line num="314" count="12" type="cond" truecount="1" falsecount="1"/>
      <line num="315" count="0" type="stmt"/>
      <line num="316" count="0" type="stmt"/>
      <line num="317" count="12" type="cond" truecount="1" falsecount="1"/>
      <line num="318" count="0" type="stmt"/>
      <line num="319" count="0" type="stmt"/>
      <line num="320" count="12" type="cond" truecount="2" falsecount="0"/>
      <line num="321" count="10" type="stmt"/>
      <line num="322" count="10" type="stmt"/>
      <line num="324" count="2" type="stmt"/>
      <line num="325" count="2" type="stmt"/>
      <line num="327" count="12" type="stmt"/>
      <line num="333" count="12" type="stmt"/>
      <line num="336" count="12" type="stmt"/>
      <line num="337" count="12" type="stmt"/>
      <line num="338" count="12" type="cond" truecount="1" falsecount="1"/>
      <line num="339" count="12" type="stmt"/>
      <line num="340" count="12" type="stmt"/>
      <line num="341" count="0" type="cond" truecount="0" falsecount="2"/>
      <line num="342" count="0" type="stmt"/>
      <line num="343" count="0" type="stmt"/>
      <line num="344" count="0" type="cond" truecount="0" falsecount="2"/>
      <line num="345" count="0" type="stmt"/>
      <line num="346" count="0" type="stmt"/>
      <line num="348" count="0" type="stmt"/>
      <line num="349" count="0" type="stmt"/>
      <line num="351" count="12" type="stmt"/>
      <line num="357" count="12" type="stmt"/>
      <line num="360" count="12" type="stmt"/>
      <line num="361" count="12" type="stmt"/>
      <line num="362" count="12" type="cond" truecount="1" falsecount="1"/>
      <line num="363" count="0" type="stmt"/>
      <line num="364" count="0" type="stmt"/>
      <line num="365" count="12" type="cond" truecount="1" falsecount="1"/>
      <line num="366" count="0" type="stmt"/>
      <line num="367" count="0" type="stmt"/>
      <line num="368" count="12" type="cond" truecount="1" falsecount="1"/>
      <line num="369" count="0" type="stmt"/>
      <line num="370" count="0" type="stmt"/>
      <line num="372" count="12" type="stmt"/>
      <line num="373" count="12" type="stmt"/>
      <line num="375" count="12" type="stmt"/>
      <line num="381" count="12" type="stmt"/>
      <line num="384" count="12" type="stmt"/>
      <line num="385" count="12" type="stmt"/>
      <line num="386" count="12" type="cond" truecount="1" falsecount="1"/>
      <line num="387" count="0" type="stmt"/>
      <line num="388" count="0" type="stmt"/>
      <line num="389" count="12" type="cond" truecount="2" falsecount="0"/>
      <line num="390" count="10" type="stmt"/>
      <line num="391" count="10" type="stmt"/>
      <line num="392" count="2" type="cond" truecount="2" falsecount="0"/>
      <line num="393" count="1" type="stmt"/>
      <line num="394" count="1" type="stmt"/>
      <line num="396" count="1" type="stmt"/>
      <line num="397" count="1" type="stmt"/>
      <line num="399" count="12" type="stmt"/>
      <line num="405" count="12" type="stmt"/>
      <line num="408" count="12" type="stmt"/>
      <line num="409" count="12" type="stmt"/>
      <line num="410" count="12" type="cond" truecount="1" falsecount="1"/>
      <line num="411" count="0" type="stmt"/>
      <line num="412" count="0" type="stmt"/>
      <line num="413" count="12" type="cond" truecount="1" falsecount="1"/>
      <line num="414" count="0" type="stmt"/>
      <line num="415" count="0" type="stmt"/>
      <line num="416" count="12" type="cond" truecount="1" falsecount="1"/>
      <line num="417" count="12" type="stmt"/>
      <line num="418" count="12" type="stmt"/>
      <line num="420" count="0" type="stmt"/>
      <line num="421" count="0" type="stmt"/>
      <line num="423" count="12" type="stmt"/>
      <line num="429" count="12" type="stmt"/>
      <line num="432" count="12" type="stmt"/>
      <line num="433" count="12" type="stmt"/>
      <line num="434" count="12" type="cond" truecount="2" falsecount="0"/>
      <line num="435" count="2" type="stmt"/>
      <line num="436" count="10" type="cond" truecount="1" falsecount="1"/>
      <line num="437" count="10" type="stmt"/>
      <line num="441" count="12" type="stmt"/>
      <line num="442" count="12" type="cond" truecount="1" falsecount="1"/>
      <line num="443" count="0" type="stmt"/>
      <line num="444" count="12" type="cond" truecount="1" falsecount="1"/>
      <line num="445" count="0" type="stmt"/>
      <line num="449" count="12" type="stmt"/>
      <line num="457" count="12" type="stmt"/>
      <line num="476" count="12" type="stmt"/>
      <line num="480" count="12" type="stmt"/>
      <line num="481" count="12" type="stmt"/>
      <line num="483" count="12" type="stmt"/>
      <line num="484" count="12" type="cond" truecount="3" falsecount="1"/>
      <line num="485" count="12" type="stmt"/>
      <line num="486" count="12" type="stmt"/>
      <line num="497" count="24" type="stmt"/>
      <line num="498" count="12" type="cond" truecount="3" falsecount="1"/>
      <line num="499" count="0" type="stmt"/>
      <line num="510" count="36" type="stmt"/>
      <line num="511" count="12" type="cond" truecount="3" falsecount="1"/>
      <line num="512" count="12" type="stmt"/>
      <line num="513" count="12" type="stmt"/>
      <line num="524" count="48" type="stmt"/>
      <line num="525" count="12" type="cond" truecount="4" falsecount="0"/>
      <line num="526" count="2" type="stmt"/>
      <line num="537" count="60" type="stmt"/>
      <line num="538" count="12" type="cond" truecount="3" falsecount="1"/>
      <line num="539" count="12" type="stmt"/>
      <line num="551" count="12" type="cond" truecount="1" falsecount="1"/>
      <line num="552" count="12" type="stmt"/>
      <line num="563" count="12" type="stmt"/>
      <line num="567" count="1" type="stmt"/>
      <line num="570" count="1" type="cond" truecount="1" falsecount="1"/>
      <line num="571" count="0" type="stmt"/>
      <line num="572" count="0" type="stmt"/>
      <line num="573" count="0" type="stmt"/>
      <line num="574" count="0" type="stmt"/>
      <line num="575" count="0" type="stmt"/>
      <line num="576" count="0" type="stmt"/>
      <line num="577" count="0" type="stmt"/>
      <line num="578" count="0" type="stmt"/>
      <line num="579" count="0" type="stmt"/>
      <line num="580" count="0" type="stmt"/>
      <line num="581" count="0" type="stmt"/>
    </file>
  </project>
</coverage>
