<?xml version="1.0" encoding="UTF-8"?>
<coverage generated="1777017808459" clover="3.2.0">
  <project timestamp="1777017808459" name="All files">
    <metrics statements="299" coveredstatements="175" conditionals="112" coveredconditionals="56" methods="73" coveredmethods="33" elements="484" coveredelements="264" complexity="0" loc="299" ncloc="299" packages="1" files="3" classes="3"/>
    <file name="server.js" path="C:\Users\sunit\Desktop\Dissertation Project\Sprint_Monitor\sprint-monitor\mock-server\server.js">
      <metrics statements="293" coveredstatements="169" conditionals="112" coveredconditionals="56" methods="73" coveredmethods="33"/>
      <line num="1" count="1" type="stmt"/>
      <line num="2" count="1" type="stmt"/>
      <line num="3" count="1" type="stmt"/>
      <line num="4" count="1" type="stmt"/>
      <line num="6" count="1" type="stmt"/>
      <line num="7" count="1" type="stmt"/>
      <line num="9" count="1" type="stmt"/>
      <line num="10" count="1" type="stmt"/>
      <line num="13" count="1" type="stmt"/>
      <line num="20" count="1" type="stmt"/>
      <line num="21" count="0" type="stmt"/>
      <line num="22" count="0" type="stmt"/>
      <line num="30" count="1" type="stmt"/>
      <line num="50" count="1" type="stmt"/>
      <line num="208" count="1" type="stmt"/>
      <line num="209" count="2" type="stmt"/>
      <line num="213" count="1" type="stmt"/>
      <line num="214" count="4" type="stmt"/>
      <line num="217" count="1" type="stmt"/>
      <line num="218" count="6" type="stmt"/>
      <line num="219" count="4" type="cond" truecount="2" falsecount="0"/>
      <line num="220" count="2" type="stmt"/>
      <line num="224" count="1" type="stmt"/>
      <line num="225" count="4" type="stmt"/>
      <line num="226" count="4" type="stmt"/>
      <line num="228" count="4" type="cond" truecount="1" falsecount="1"/>
      <line num="229" count="0" type="stmt"/>
      <line num="232" count="4" type="cond" truecount="1" falsecount="1"/>
      <line num="233" count="0" type="stmt"/>
      <line num="236" count="4" type="stmt"/>
      <line num="239" count="1" type="stmt"/>
      <line num="240" count="11" type="stmt"/>
      <line num="241" count="2" type="cond" truecount="2" falsecount="0"/>
      <line num="242" count="1" type="stmt"/>
      <line num="245" count="1" type="stmt"/>
      <line num="246" count="20" type="stmt"/>
      <line num="247" count="2" type="stmt"/>
      <line num="251" count="1" type="stmt"/>
      <line num="252" count="3" type="stmt"/>
      <line num="253" count="30" type="stmt"/>
      <line num="255" count="3" type="cond" truecount="2" falsecount="0"/>
      <line num="256" count="1" type="stmt"/>
      <line num="259" count="20" type="stmt"/>
      <line num="260" count="20" type="stmt"/>
      <line num="263" count="20" type="stmt"/>
      <line num="264" count="20" type="stmt"/>
      <line num="265" count="2" type="stmt"/>
      <line num="267" count="20" type="stmt"/>
      <line num="268" count="2" type="stmt"/>
      <line num="270" count="2" type="stmt"/>
      <line num="282" count="2" type="stmt"/>
      <line num="286" count="2" type="cond" truecount="1" falsecount="1"/>
      <line num="287" count="10" type="stmt"/>
      <line num="288" count="2" type="stmt"/>
      <line num="289" count="2" type="stmt"/>
      <line num="290" count="4" type="stmt"/>
      <line num="291" count="6" type="stmt"/>
      <line num="293" count="2" type="cond" truecount="1" falsecount="1"/>
      <line num="294" count="0" type="cond" truecount="0" falsecount="2"/>
      <line num="295" count="0" type="stmt"/>
      <line num="299" count="1" type="stmt"/>
      <line num="300" count="12" type="stmt"/>
      <line num="303" count="120" type="cond" truecount="1" falsecount="1"/>
      <line num="305" count="12" type="cond" truecount="1" falsecount="1"/>
      <line num="306" count="0" type="stmt"/>
      <line num="310" count="120" type="stmt"/>
      <line num="311" count="120" type="stmt"/>
      <line num="312" count="12" type="stmt"/>
      <line num="315" count="120" type="stmt"/>
      <line num="316" count="120" type="stmt"/>
      <line num="317" count="12" type="stmt"/>
      <line num="318" count="12" type="stmt"/>
      <line num="320" count="120" type="stmt"/>
      <line num="321" count="12" type="stmt"/>
      <line num="324" count="12" type="stmt"/>
      <line num="325" count="12" type="stmt"/>
      <line num="328" count="12" type="stmt"/>
      <line num="329" count="12" type="stmt"/>
      <line num="330" count="12" type="cond" truecount="1" falsecount="1"/>
      <line num="331" count="0" type="stmt"/>
      <line num="332" count="0" type="stmt"/>
      <line num="333" count="12" type="cond" truecount="1" falsecount="1"/>
      <line num="334" count="0" type="stmt"/>
      <line num="335" count="0" type="stmt"/>
      <line num="336" count="12" type="cond" truecount="2" falsecount="0"/>
      <line num="337" count="10" type="stmt"/>
      <line num="338" count="10" type="stmt"/>
      <line num="340" count="2" type="stmt"/>
      <line num="341" count="2" type="stmt"/>
      <line num="343" count="12" type="stmt"/>
      <line num="349" count="12" type="stmt"/>
      <line num="352" count="12" type="stmt"/>
      <line num="353" count="12" type="stmt"/>
      <line num="354" count="12" type="cond" truecount="1" falsecount="1"/>
      <line num="355" count="12" type="stmt"/>
      <line num="356" count="12" type="stmt"/>
      <line num="357" count="0" type="cond" truecount="0" falsecount="2"/>
      <line num="358" count="0" type="stmt"/>
      <line num="359" count="0" type="stmt"/>
      <line num="360" count="0" type="cond" truecount="0" falsecount="2"/>
      <line num="361" count="0" type="stmt"/>
      <line num="362" count="0" type="stmt"/>
      <line num="364" count="0" type="stmt"/>
      <line num="365" count="0" type="stmt"/>
      <line num="367" count="12" type="stmt"/>
      <line num="373" count="12" type="stmt"/>
      <line num="376" count="12" type="stmt"/>
      <line num="377" count="12" type="stmt"/>
      <line num="378" count="12" type="cond" truecount="1" falsecount="1"/>
      <line num="379" count="0" type="stmt"/>
      <line num="380" count="0" type="stmt"/>
      <line num="381" count="12" type="cond" truecount="1" falsecount="1"/>
      <line num="382" count="0" type="stmt"/>
      <line num="383" count="0" type="stmt"/>
      <line num="384" count="12" type="cond" truecount="1" falsecount="1"/>
      <line num="385" count="0" type="stmt"/>
      <line num="386" count="0" type="stmt"/>
      <line num="388" count="12" type="stmt"/>
      <line num="389" count="12" type="stmt"/>
      <line num="391" count="12" type="stmt"/>
      <line num="397" count="12" type="stmt"/>
      <line num="400" count="12" type="stmt"/>
      <line num="401" count="12" type="stmt"/>
      <line num="402" count="12" type="cond" truecount="1" falsecount="1"/>
      <line num="403" count="0" type="stmt"/>
      <line num="404" count="0" type="stmt"/>
      <line num="405" count="12" type="cond" truecount="2" falsecount="0"/>
      <line num="406" count="10" type="stmt"/>
      <line num="407" count="10" type="stmt"/>
      <line num="408" count="2" type="cond" truecount="2" falsecount="0"/>
      <line num="409" count="1" type="stmt"/>
      <line num="410" count="1" type="stmt"/>
      <line num="412" count="1" type="stmt"/>
      <line num="413" count="1" type="stmt"/>
      <line num="415" count="12" type="stmt"/>
      <line num="421" count="12" type="stmt"/>
      <line num="424" count="12" type="stmt"/>
      <line num="425" count="12" type="stmt"/>
      <line num="426" count="12" type="cond" truecount="1" falsecount="1"/>
      <line num="427" count="0" type="stmt"/>
      <line num="428" count="0" type="stmt"/>
      <line num="429" count="12" type="cond" truecount="1" falsecount="1"/>
      <line num="430" count="0" type="stmt"/>
      <line num="431" count="0" type="stmt"/>
      <line num="432" count="12" type="cond" truecount="1" falsecount="1"/>
      <line num="433" count="12" type="stmt"/>
      <line num="434" count="12" type="stmt"/>
      <line num="436" count="0" type="stmt"/>
      <line num="437" count="0" type="stmt"/>
      <line num="439" count="12" type="stmt"/>
      <line num="445" count="12" type="stmt"/>
      <line num="448" count="12" type="stmt"/>
      <line num="449" count="12" type="stmt"/>
      <line num="450" count="12" type="cond" truecount="2" falsecount="0"/>
      <line num="451" count="2" type="stmt"/>
      <line num="452" count="10" type="cond" truecount="1" falsecount="1"/>
      <line num="453" count="10" type="stmt"/>
      <line num="457" count="12" type="stmt"/>
      <line num="458" count="12" type="cond" truecount="1" falsecount="1"/>
      <line num="459" count="0" type="stmt"/>
      <line num="460" count="12" type="cond" truecount="1" falsecount="1"/>
      <line num="461" count="0" type="stmt"/>
      <line num="465" count="12" type="stmt"/>
      <line num="473" count="12" type="stmt"/>
      <line num="492" count="12" type="stmt"/>
      <line num="496" count="12" type="stmt"/>
      <line num="497" count="12" type="stmt"/>
      <line num="499" count="12" type="stmt"/>
      <line num="500" count="12" type="cond" truecount="3" falsecount="1"/>
      <line num="501" count="12" type="stmt"/>
      <line num="502" count="12" type="stmt"/>
      <line num="513" count="24" type="stmt"/>
      <line num="514" count="12" type="cond" truecount="3" falsecount="1"/>
      <line num="515" count="0" type="stmt"/>
      <line num="526" count="36" type="stmt"/>
      <line num="527" count="12" type="cond" truecount="3" falsecount="1"/>
      <line num="528" count="12" type="stmt"/>
      <line num="529" count="12" type="stmt"/>
      <line num="540" count="48" type="stmt"/>
      <line num="541" count="12" type="cond" truecount="4" falsecount="0"/>
      <line num="542" count="2" type="stmt"/>
      <line num="553" count="60" type="stmt"/>
      <line num="554" count="12" type="cond" truecount="3" falsecount="1"/>
      <line num="555" count="12" type="stmt"/>
      <line num="567" count="12" type="cond" truecount="1" falsecount="1"/>
      <line num="568" count="12" type="stmt"/>
      <line num="579" count="12" type="stmt"/>
      <line num="583" count="1" type="stmt"/>
      <line num="589" count="1" type="stmt"/>
      <line num="615" count="1" type="stmt"/>
      <line num="616" count="0" type="stmt"/>
      <line num="620" count="1" type="stmt"/>
      <line num="621" count="0" type="stmt"/>
      <line num="622" count="0" type="cond" truecount="0" falsecount="2"/>
      <line num="623" count="0" type="stmt"/>
      <line num="627" count="1" type="stmt"/>
      <line num="628" count="0" type="stmt"/>
      <line num="629" count="0" type="stmt"/>
      <line num="630" count="0" type="stmt"/>
      <line num="631" count="0" type="stmt"/>
      <line num="633" count="0" type="stmt"/>
      <line num="644" count="1" type="stmt"/>
      <line num="645" count="0" type="stmt"/>
      <line num="646" count="0" type="stmt"/>
      <line num="653" count="0" type="stmt"/>
      <line num="654" count="0" type="stmt"/>
      <line num="658" count="1" type="stmt"/>
      <line num="659" count="0" type="stmt"/>
      <line num="660" count="0" type="cond" truecount="0" falsecount="2"/>
      <line num="662" count="0" type="stmt"/>
      <line num="667" count="0" type="stmt"/>
      <line num="671" count="1" type="stmt"/>
      <line num="672" count="0" type="stmt"/>
      <line num="673" count="0" type="cond" truecount="0" falsecount="2"/>
      <line num="675" count="0" type="stmt"/>
      <line num="676" count="0" type="cond" truecount="0" falsecount="2"/>
      <line num="677" count="0" type="stmt"/>
      <line num="681" count="1" type="stmt"/>
      <line num="682" count="0" type="stmt"/>
      <line num="683" count="0" type="cond" truecount="0" falsecount="2"/>
      <line num="685" count="0" type="stmt"/>
      <line num="686" count="0" type="stmt"/>
      <line num="690" count="0" type="stmt"/>
      <line num="691" count="0" type="cond" truecount="0" falsecount="2"/>
      <line num="692" count="0" type="cond" truecount="0" falsecount="2"/>
      <line num="693" count="0" type="cond" truecount="0" falsecount="2"/>
      <line num="694" count="0" type="cond" truecount="0" falsecount="2"/>
      <line num="695" count="0" type="stmt"/>
      <line num="702" count="1" type="stmt"/>
      <line num="748" count="1" type="stmt"/>
      <line num="749" count="0" type="stmt"/>
      <line num="750" count="0" type="stmt"/>
      <line num="756" count="0" type="stmt"/>
      <line num="757" count="0" type="stmt"/>
      <line num="761" count="1" type="stmt"/>
      <line num="762" count="0" type="stmt"/>
      <line num="763" count="0" type="cond" truecount="0" falsecount="2"/>
      <line num="764" count="0" type="stmt"/>
      <line num="768" count="1" type="stmt"/>
      <line num="769" count="0" type="stmt"/>
      <line num="770" count="0" type="stmt"/>
      <line num="774" count="1" type="stmt"/>
      <line num="775" count="0" type="stmt"/>
      <line num="776" count="0" type="stmt"/>
      <line num="777" count="0" type="stmt"/>
      <line num="778" count="0" type="stmt"/>
      <line num="779" count="0" type="stmt"/>
      <line num="781" count="0" type="stmt"/>
      <line num="782" count="0" type="stmt"/>
      <line num="785" count="0" type="cond" truecount="0" falsecount="2"/>
      <line num="787" count="0" type="stmt"/>
      <line num="800" count="1" type="stmt"/>
      <line num="801" count="0" type="stmt"/>
      <line num="886" count="1" type="stmt"/>
      <line num="887" count="0" type="stmt"/>
      <line num="888" count="0" type="stmt"/>
      <line num="889" count="0" type="stmt"/>
      <line num="891" count="0" type="stmt"/>
      <line num="903" count="1" type="stmt"/>
      <line num="904" count="0" type="stmt"/>
      <line num="905" count="0" type="cond" truecount="0" falsecount="2"/>
      <line num="907" count="0" type="stmt"/>
      <line num="908" count="0" type="stmt"/>
      <line num="912" count="1" type="cond" truecount="1" falsecount="1"/>
      <line num="913" count="0" type="stmt"/>
      <line num="914" count="0" type="stmt"/>
      <line num="915" count="0" type="stmt"/>
      <line num="916" count="0" type="stmt"/>
      <line num="917" count="0" type="stmt"/>
      <line num="918" count="0" type="stmt"/>
      <line num="919" count="0" type="stmt"/>
      <line num="920" count="0" type="stmt"/>
      <line num="921" count="0" type="stmt"/>
      <line num="922" count="0" type="stmt"/>
      <line num="923" count="0" type="stmt"/>
      <line num="924" count="0" type="stmt"/>
      <line num="925" count="0" type="stmt"/>
      <line num="926" count="0" type="stmt"/>
      <line num="927" count="0" type="stmt"/>
      <line num="928" count="0" type="stmt"/>
      <line num="929" count="0" type="stmt"/>
      <line num="930" count="0" type="stmt"/>
      <line num="931" count="0" type="stmt"/>
      <line num="932" count="0" type="stmt"/>
      <line num="933" count="0" type="stmt"/>
      <line num="934" count="0" type="stmt"/>
      <line num="935" count="0" type="stmt"/>
      <line num="936" count="0" type="stmt"/>
      <line num="937" count="0" type="stmt"/>
      <line num="938" count="0" type="stmt"/>
      <line num="939" count="0" type="stmt"/>
      <line num="940" count="0" type="stmt"/>
      <line num="941" count="0" type="stmt"/>
    </file>
    <file name="swagger-docs.js" path="C:\Users\sunit\Desktop\Dissertation Project\Sprint_Monitor\sprint-monitor\mock-server\swagger-docs.js">
      <metrics statements="1" coveredstatements="1" conditionals="0" coveredconditionals="0" methods="0" coveredmethods="0"/>
      <line num="1019" count="1" type="stmt"/>
    </file>
    <file name="swagger.js" path="C:\Users\sunit\Desktop\Dissertation Project\Sprint_Monitor\sprint-monitor\mock-server\swagger.js">
      <metrics statements="5" coveredstatements="5" conditionals="0" coveredconditionals="0" methods="0" coveredmethods="0"/>
      <line num="1" count="1" type="stmt"/>
      <line num="2" count="1" type="stmt"/>
      <line num="4" count="1" type="stmt"/>
      <line num="60" count="1" type="stmt"/>
      <line num="62" count="1" type="stmt"/>
    </file>
  </project>
</coverage>
