{"C:\\Users\\sunit\\Desktop\\Dissertation Project\\Sprint_Monitor\\sprint-monitor\\mock-server\\server.js": {"path":"C:\\Users\\sunit\\Desktop\\Dissertation Project\\Sprint_Monitor\\sprint-monitor\\mock-server\\server.js","statementMap":{"0":{"start":{"line":1,"column":16},"end":{"line":1,"column":34}},"1":{"start":{"line":2,"column":13},"end":{"line":2,"column":28}},"2":{"start":{"line":3,"column":29},"end":{"line":3,"column":49}},"3":{"start":{"line":4,"column":0},"end":{"line":4,"column":26}},"4":{"start":{"line":6,"column":12},"end":{"line":6,"column":21}},"5":{"start":{"line":7,"column":13},"end":{"line":7,"column":17}},"6":{"start":{"line":9,"column":0},"end":{"line":9,"column":16}},"7":{"start":{"line":10,"column":0},"end":{"line":10,"column":24}},"8":{"start":{"line":13,"column":0},"end":{"line":17,"column":4}},"9":{"start":{"line":20,"column":0},"end":{"line":23,"column":3}},"10":{"start":{"line":21,"column":2},"end":{"line":21,"column":52}},"11":{"start":{"line":22,"column":2},"end":{"line":22,"column":18}},"12":{"start":{"line":30,"column":14},"end":{"line":47,"column":1}},"13":{"start":{"line":50,"column":16},"end":{"line":201,"column":1}},"14":{"start":{"line":208,"column":0},"end":{"line":210,"column":3}},"15":{"start":{"line":209,"column":2},"end":{"line":209,"column":71}},"16":{"start":{"line":213,"column":0},"end":{"line":215,"column":3}},"17":{"start":{"line":214,"column":2},"end":{"line":214,"column":18}},"18":{"start":{"line":217,"column":0},"end":{"line":221,"column":3}},"19":{"start":{"line":218,"column":15},"end":{"line":218,"column":64}},"20":{"start":{"line":218,"column":31},"end":{"line":218,"column":63}},"21":{"start":{"line":219,"column":2},"end":{"line":219,"column":70}},"22":{"start":{"line":219,"column":13},"end":{"line":219,"column":70}},"23":{"start":{"line":220,"column":2},"end":{"line":220,"column":17}},"24":{"start":{"line":224,"column":0},"end":{"line":237,"column":3}},"25":{"start":{"line":225,"column":28},"end":{"line":225,"column":37}},"26":{"start":{"line":226,"column":15},"end":{"line":226,"column":22}},"27":{"start":{"line":228,"column":2},"end":{"line":230,"column":3}},"28":{"start":{"line":229,"column":4},"end":{"line":229,"column":63}},"29":{"start":{"line":229,"column":32},"end":{"line":229,"column":61}},"30":{"start":{"line":232,"column":2},"end":{"line":234,"column":3}},"31":{"start":{"line":233,"column":4},"end":{"line":233,"column":46}},"32":{"start":{"line":236,"column":2},"end":{"line":236,"column":19}},"33":{"start":{"line":239,"column":0},"end":{"line":243,"column":3}},"34":{"start":{"line":240,"column":17},"end":{"line":240,"column":68}},"35":{"start":{"line":240,"column":35},"end":{"line":240,"column":67}},"36":{"start":{"line":241,"column":2},"end":{"line":241,"column":74}},"37":{"start":{"line":241,"column":15},"end":{"line":241,"column":74}},"38":{"start":{"line":242,"column":2},"end":{"line":242,"column":19}},"39":{"start":{"line":245,"column":0},"end":{"line":248,"column":3}},"40":{"start":{"line":246,"column":22},"end":{"line":246,"column":83}},"41":{"start":{"line":246,"column":42},"end":{"line":246,"column":82}},"42":{"start":{"line":247,"column":2},"end":{"line":247,"column":24}},"43":{"start":{"line":251,"column":0},"end":{"line":283,"column":3}},"44":{"start":{"line":252,"column":17},"end":{"line":252,"column":44}},"45":{"start":{"line":253,"column":22},"end":{"line":253,"column":62}},"46":{"start":{"line":253,"column":42},"end":{"line":253,"column":61}},"47":{"start":{"line":255,"column":2},"end":{"line":257,"column":3}},"48":{"start":{"line":256,"column":4},"end":{"line":256,"column":72}},"49":{"start":{"line":259,"column":26},"end":{"line":259,"column":65}},"50":{"start":{"line":259,"column":47},"end":{"line":259,"column":64}},"51":{"start":{"line":260,"column":26},"end":{"line":260,"column":93}},"52":{"start":{"line":260,"column":59},"end":{"line":260,"column":64}},"53":{"start":{"line":263,"column":23},"end":{"line":263,"column":81}},"54":{"start":{"line":263,"column":48},"end":{"line":263,"column":80}},"55":{"start":{"line":264,"column":25},"end":{"line":264,"column":86}},"56":{"start":{"line":264,"column":55},"end":{"line":264,"column":60}},"57":{"start":{"line":265,"column":28},"end":{"line":265,"column":53}},"58":{"start":{"line":267,"column":25},"end":{"line":267,"column":71}},"59":{"start":{"line":267,"column":49},"end":{"line":267,"column":63}},"60":{"start":{"line":268,"column":24},"end":{"line":268,"column":67}},"61":{"start":{"line":270,"column":18},"end":{"line":280,"column":3}},"62":{"start":{"line":282,"column":2},"end":{"line":282,"column":20}},"63":{"start":{"line":286,"column":2},"end":{"line":286,"column":48}},"64":{"start":{"line":286,"column":32},"end":{"line":286,"column":48}},"65":{"start":{"line":287,"column":21},"end":{"line":287,"column":62}},"66":{"start":{"line":287,"column":44},"end":{"line":287,"column":61}},"67":{"start":{"line":288,"column":16},"end":{"line":288,"column":70}},"68":{"start":{"line":289,"column":17},"end":{"line":289,"column":68}},"69":{"start":{"line":290,"column":19},"end":{"line":290,"column":66}},"70":{"start":{"line":290,"column":42},"end":{"line":290,"column":47}},"71":{"start":{"line":291,"column":20},"end":{"line":291,"column":69}},"72":{"start":{"line":291,"column":44},"end":{"line":291,"column":49}},"73":{"start":{"line":293,"column":2},"end":{"line":293,"column":53}},"74":{"start":{"line":293,"column":34},"end":{"line":293,"column":53}},"75":{"start":{"line":294,"column":2},"end":{"line":294,"column":53}},"76":{"start":{"line":294,"column":34},"end":{"line":294,"column":53}},"77":{"start":{"line":295,"column":2},"end":{"line":295,"column":18}},"78":{"start":{"line":299,"column":0},"end":{"line":493,"column":3}},"79":{"start":{"line":300,"column":91},"end":{"line":300,"column":99}},"80":{"start":{"line":303,"column":22},"end":{"line":303,"column":69}},"81":{"start":{"line":303,"column":42},"end":{"line":303,"column":68}},"82":{"start":{"line":305,"column":2},"end":{"line":307,"column":3}},"83":{"start":{"line":306,"column":4},"end":{"line":306,"column":75}},"84":{"start":{"line":310,"column":26},"end":{"line":310,"column":65}},"85":{"start":{"line":310,"column":47},"end":{"line":310,"column":64}},"86":{"start":{"line":311,"column":26},"end":{"line":311,"column":93}},"87":{"start":{"line":311,"column":59},"end":{"line":311,"column":64}},"88":{"start":{"line":312,"column":14},"end":{"line":312,"column":50}},"89":{"start":{"line":315,"column":23},"end":{"line":315,"column":81}},"90":{"start":{"line":315,"column":48},"end":{"line":315,"column":80}},"91":{"start":{"line":316,"column":25},"end":{"line":316,"column":86}},"92":{"start":{"line":316,"column":55},"end":{"line":316,"column":60}},"93":{"start":{"line":317,"column":28},"end":{"line":317,"column":53}},"94":{"start":{"line":318,"column":30},"end":{"line":318,"column":65}},"95":{"start":{"line":320,"column":25},"end":{"line":320,"column":71}},"96":{"start":{"line":320,"column":49},"end":{"line":320,"column":63}},"97":{"start":{"line":321,"column":24},"end":{"line":321,"column":67}},"98":{"start":{"line":324,"column":18},"end":{"line":324,"column":20}},"99":{"start":{"line":325,"column":19},"end":{"line":325,"column":20}},"100":{"start":{"line":328,"column":17},"end":{"line":328,"column":18}},"101":{"start":{"line":329,"column":23},"end":{"line":329,"column":25}},"102":{"start":{"line":330,"column":2},"end":{"line":342,"column":3}},"103":{"start":{"line":331,"column":4},"end":{"line":331,"column":17}},"104":{"start":{"line":332,"column":4},"end":{"line":332,"column":68}},"105":{"start":{"line":333,"column":9},"end":{"line":342,"column":3}},"106":{"start":{"line":334,"column":4},"end":{"line":334,"column":17}},"107":{"start":{"line":335,"column":4},"end":{"line":335,"column":65}},"108":{"start":{"line":336,"column":9},"end":{"line":342,"column":3}},"109":{"start":{"line":337,"column":4},"end":{"line":337,"column":17}},"110":{"start":{"line":338,"column":4},"end":{"line":338,"column":64}},"111":{"start":{"line":340,"column":4},"end":{"line":340,"column":17}},"112":{"start":{"line":341,"column":4},"end":{"line":341,"column":75}},"113":{"start":{"line":343,"column":2},"end":{"line":348,"column":5}},"114":{"start":{"line":349,"column":2},"end":{"line":349,"column":25}},"115":{"start":{"line":352,"column":23},"end":{"line":352,"column":24}},"116":{"start":{"line":353,"column":29},"end":{"line":353,"column":31}},"117":{"start":{"line":354,"column":2},"end":{"line":366,"column":3}},"118":{"start":{"line":355,"column":4},"end":{"line":355,"column":23}},"119":{"start":{"line":356,"column":4},"end":{"line":356,"column":61}},"120":{"start":{"line":357,"column":9},"end":{"line":366,"column":3}},"121":{"start":{"line":358,"column":4},"end":{"line":358,"column":23}},"122":{"start":{"line":359,"column":4},"end":{"line":359,"column":69}},"123":{"start":{"line":360,"column":9},"end":{"line":366,"column":3}},"124":{"start":{"line":361,"column":4},"end":{"line":361,"column":23}},"125":{"start":{"line":362,"column":4},"end":{"line":362,"column":70}},"126":{"start":{"line":364,"column":4},"end":{"line":364,"column":23}},"127":{"start":{"line":365,"column":4},"end":{"line":365,"column":65}},"128":{"start":{"line":367,"column":2},"end":{"line":372,"column":5}},"129":{"start":{"line":373,"column":2},"end":{"line":373,"column":31}},"130":{"start":{"line":376,"column":26},"end":{"line":376,"column":27}},"131":{"start":{"line":377,"column":32},"end":{"line":377,"column":34}},"132":{"start":{"line":378,"column":2},"end":{"line":390,"column":3}},"133":{"start":{"line":379,"column":4},"end":{"line":379,"column":26}},"134":{"start":{"line":380,"column":4},"end":{"line":380,"column":55}},"135":{"start":{"line":381,"column":9},"end":{"line":390,"column":3}},"136":{"start":{"line":382,"column":4},"end":{"line":382,"column":26}},"137":{"start":{"line":383,"column":4},"end":{"line":383,"column":61}},"138":{"start":{"line":384,"column":9},"end":{"line":390,"column":3}},"139":{"start":{"line":385,"column":4},"end":{"line":385,"column":26}},"140":{"start":{"line":386,"column":4},"end":{"line":386,"column":63}},"141":{"start":{"line":388,"column":4},"end":{"line":388,"column":26}},"142":{"start":{"line":389,"column":4},"end":{"line":389,"column":59}},"143":{"start":{"line":391,"column":2},"end":{"line":396,"column":5}},"144":{"start":{"line":397,"column":2},"end":{"line":397,"column":34}},"145":{"start":{"line":400,"column":24},"end":{"line":400,"column":25}},"146":{"start":{"line":401,"column":30},"end":{"line":401,"column":32}},"147":{"start":{"line":402,"column":2},"end":{"line":414,"column":3}},"148":{"start":{"line":403,"column":4},"end":{"line":403,"column":24}},"149":{"start":{"line":404,"column":4},"end":{"line":404,"column":55}},"150":{"start":{"line":405,"column":9},"end":{"line":414,"column":3}},"151":{"start":{"line":406,"column":4},"end":{"line":406,"column":24}},"152":{"start":{"line":407,"column":4},"end":{"line":407,"column":56}},"153":{"start":{"line":408,"column":9},"end":{"line":414,"column":3}},"154":{"start":{"line":409,"column":4},"end":{"line":409,"column":24}},"155":{"start":{"line":410,"column":4},"end":{"line":410,"column":61}},"156":{"start":{"line":412,"column":4},"end":{"line":412,"column":24}},"157":{"start":{"line":413,"column":4},"end":{"line":413,"column":51}},"158":{"start":{"line":415,"column":2},"end":{"line":420,"column":5}},"159":{"start":{"line":421,"column":2},"end":{"line":421,"column":32}},"160":{"start":{"line":424,"column":23},"end":{"line":424,"column":24}},"161":{"start":{"line":425,"column":29},"end":{"line":425,"column":31}},"162":{"start":{"line":426,"column":2},"end":{"line":438,"column":3}},"163":{"start":{"line":427,"column":4},"end":{"line":427,"column":23}},"164":{"start":{"line":428,"column":4},"end":{"line":428,"column":61}},"165":{"start":{"line":429,"column":9},"end":{"line":438,"column":3}},"166":{"start":{"line":430,"column":4},"end":{"line":430,"column":23}},"167":{"start":{"line":431,"column":4},"end":{"line":431,"column":58}},"168":{"start":{"line":432,"column":9},"end":{"line":438,"column":3}},"169":{"start":{"line":433,"column":4},"end":{"line":433,"column":23}},"170":{"start":{"line":434,"column":4},"end":{"line":434,"column":56}},"171":{"start":{"line":436,"column":4},"end":{"line":436,"column":23}},"172":{"start":{"line":437,"column":4},"end":{"line":437,"column":53}},"173":{"start":{"line":439,"column":2},"end":{"line":444,"column":5}},"174":{"start":{"line":445,"column":2},"end":{"line":445,"column":31}},"175":{"start":{"line":448,"column":27},"end":{"line":448,"column":29}},"176":{"start":{"line":449,"column":20},"end":{"line":449,"column":25}},"177":{"start":{"line":450,"column":2},"end":{"line":454,"column":3}},"178":{"start":{"line":451,"column":4},"end":{"line":451,"column":25}},"179":{"start":{"line":452,"column":9},"end":{"line":454,"column":3}},"180":{"start":{"line":453,"column":4},"end":{"line":453,"column":27}},"181":{"start":{"line":457,"column":19},"end":{"line":457,"column":25}},"182":{"start":{"line":458,"column":2},"end":{"line":462,"column":3}},"183":{"start":{"line":459,"column":4},"end":{"line":459,"column":23}},"184":{"start":{"line":460,"column":9},"end":{"line":462,"column":3}},"185":{"start":{"line":461,"column":4},"end":{"line":461,"column":26}},"186":{"start":{"line":465,"column":26},"end":{"line":471,"column":3}},"187":{"start":{"line":473,"column":21},"end":{"line":490,"column":3}},"188":{"start":{"line":492,"column":2},"end":{"line":492,"column":23}},"189":{"start":{"line":496,"column":26},"end":{"line":496,"column":28}},"190":{"start":{"line":497,"column":11},"end":{"line":497,"column":12}},"191":{"start":{"line":499,"column":31},"end":{"line":499,"column":82}},"192":{"start":{"line":499,"column":49},"end":{"line":499,"column":81}},"193":{"start":{"line":500,"column":2},"end":{"line":511,"column":3}},"194":{"start":{"line":501,"column":25},"end":{"line":501,"column":54}},"195":{"start":{"line":502,"column":4},"end":{"line":510,"column":7}},"196":{"start":{"line":513,"column":26},"end":{"line":513,"column":78}},"197":{"start":{"line":513,"column":44},"end":{"line":513,"column":77}},"198":{"start":{"line":514,"column":2},"end":{"line":524,"column":3}},"199":{"start":{"line":515,"column":4},"end":{"line":523,"column":7}},"200":{"start":{"line":526,"column":29},"end":{"line":526,"column":78}},"201":{"start":{"line":526,"column":47},"end":{"line":526,"column":77}},"202":{"start":{"line":527,"column":2},"end":{"line":538,"column":3}},"203":{"start":{"line":528,"column":29},"end":{"line":528,"column":81}},"204":{"start":{"line":529,"column":4},"end":{"line":537,"column":7}},"205":{"start":{"line":540,"column":27},"end":{"line":540,"column":80}},"206":{"start":{"line":540,"column":45},"end":{"line":540,"column":79}},"207":{"start":{"line":541,"column":2},"end":{"line":551,"column":3}},"208":{"start":{"line":542,"column":4},"end":{"line":550,"column":7}},"209":{"start":{"line":553,"column":26},"end":{"line":553,"column":75}},"210":{"start":{"line":553,"column":44},"end":{"line":553,"column":74}},"211":{"start":{"line":554,"column":2},"end":{"line":564,"column":3}},"212":{"start":{"line":555,"column":4},"end":{"line":563,"column":7}},"213":{"start":{"line":567,"column":2},"end":{"line":577,"column":3}},"214":{"start":{"line":568,"column":4},"end":{"line":576,"column":7}},"215":{"start":{"line":579,"column":2},"end":{"line":579,"column":25}},"216":{"start":{"line":583,"column":0},"end":{"line":583,"column":21}},"217":{"start":{"line":589,"column":27},"end":{"line":612,"column":1}},"218":{"start":{"line":615,"column":0},"end":{"line":617,"column":3}},"219":{"start":{"line":616,"column":2},"end":{"line":616,"column":31}},"220":{"start":{"line":620,"column":0},"end":{"line":624,"column":3}},"221":{"start":{"line":621,"column":16},"end":{"line":621,"column":89}},"222":{"start":{"line":621,"column":45},"end":{"line":621,"column":88}},"223":{"start":{"line":622,"column":2},"end":{"line":622,"column":84}},"224":{"start":{"line":622,"column":14},"end":{"line":622,"column":84}},"225":{"start":{"line":623,"column":2},"end":{"line":623,"column":18}},"226":{"start":{"line":627,"column":0},"end":{"line":641,"column":3}},"227":{"start":{"line":628,"column":19},"end":{"line":628,"column":81}},"228":{"start":{"line":628,"column":50},"end":{"line":628,"column":73}},"229":{"start":{"line":629,"column":18},"end":{"line":629,"column":104}},"230":{"start":{"line":629,"column":49},"end":{"line":629,"column":96}},"231":{"start":{"line":630,"column":19},"end":{"line":630,"column":81}},"232":{"start":{"line":630,"column":50},"end":{"line":630,"column":73}},"233":{"start":{"line":631,"column":19},"end":{"line":631,"column":109}},"234":{"start":{"line":631,"column":57},"end":{"line":631,"column":77}},"235":{"start":{"line":633,"column":2},"end":{"line":640,"column":5}},"236":{"start":{"line":644,"column":0},"end":{"line":655,"column":3}},"237":{"start":{"line":645,"column":16},"end":{"line":645,"column":77}},"238":{"start":{"line":645,"column":56},"end":{"line":645,"column":71}},"239":{"start":{"line":646,"column":19},"end":{"line":652,"column":3}},"240":{"start":{"line":653,"column":2},"end":{"line":653,"column":39}},"241":{"start":{"line":654,"column":2},"end":{"line":654,"column":33}},"242":{"start":{"line":658,"column":0},"end":{"line":668,"column":3}},"243":{"start":{"line":659,"column":16},"end":{"line":659,"column":94}},"244":{"start":{"line":659,"column":50},"end":{"line":659,"column":93}},"245":{"start":{"line":660,"column":2},"end":{"line":660,"column":72}},"246":{"start":{"line":660,"column":20},"end":{"line":660,"column":72}},"247":{"start":{"line":662,"column":2},"end":{"line":666,"column":4}},"248":{"start":{"line":667,"column":2},"end":{"line":667,"column":38}},"249":{"start":{"line":671,"column":0},"end":{"line":678,"column":3}},"250":{"start":{"line":672,"column":16},"end":{"line":672,"column":89}},"251":{"start":{"line":672,"column":45},"end":{"line":672,"column":88}},"252":{"start":{"line":673,"column":2},"end":{"line":673,"column":66}},"253":{"start":{"line":673,"column":14},"end":{"line":673,"column":66}},"254":{"start":{"line":675,"column":2},"end":{"line":675,"column":33}},"255":{"start":{"line":676,"column":2},"end":{"line":676,"column":66}},"256":{"start":{"line":676,"column":27},"end":{"line":676,"column":66}},"257":{"start":{"line":677,"column":2},"end":{"line":677,"column":18}},"258":{"start":{"line":681,"column":0},"end":{"line":687,"column":3}},"259":{"start":{"line":682,"column":16},"end":{"line":682,"column":94}},"260":{"start":{"line":682,"column":50},"end":{"line":682,"column":93}},"261":{"start":{"line":683,"column":2},"end":{"line":683,"column":72}},"262":{"start":{"line":683,"column":20},"end":{"line":683,"column":72}},"263":{"start":{"line":685,"column":2},"end":{"line":685,"column":38}},"264":{"start":{"line":686,"column":2},"end":{"line":686,"column":25}},"265":{"start":{"line":690,"column":14},"end":{"line":690,"column":15}},"266":{"start":{"line":691,"column":2},"end":{"line":691,"column":45}},"267":{"start":{"line":691,"column":33},"end":{"line":691,"column":45}},"268":{"start":{"line":692,"column":2},"end":{"line":692,"column":47}},"269":{"start":{"line":692,"column":35},"end":{"line":692,"column":47}},"270":{"start":{"line":693,"column":2},"end":{"line":693,"column":50}},"271":{"start":{"line":693,"column":38},"end":{"line":693,"column":50}},"272":{"start":{"line":694,"column":2},"end":{"line":694,"column":47}},"273":{"start":{"line":694,"column":35},"end":{"line":694,"column":47}},"274":{"start":{"line":695,"column":2},"end":{"line":695,"column":15}},"275":{"start":{"line":702,"column":22},"end":{"line":745,"column":1}},"276":{"start":{"line":748,"column":0},"end":{"line":758,"column":3}},"277":{"start":{"line":749,"column":16},"end":{"line":749,"column":69}},"278":{"start":{"line":749,"column":51},"end":{"line":749,"column":63}},"279":{"start":{"line":750,"column":22},"end":{"line":755,"column":3}},"280":{"start":{"line":756,"column":2},"end":{"line":756,"column":37}},"281":{"start":{"line":757,"column":2},"end":{"line":757,"column":36}},"282":{"start":{"line":761,"column":0},"end":{"line":765,"column":3}},"283":{"start":{"line":762,"column":19},"end":{"line":762,"column":84}},"284":{"start":{"line":762,"column":43},"end":{"line":762,"column":83}},"285":{"start":{"line":763,"column":2},"end":{"line":763,"column":78}},"286":{"start":{"line":763,"column":17},"end":{"line":763,"column":78}},"287":{"start":{"line":764,"column":2},"end":{"line":764,"column":21}},"288":{"start":{"line":768,"column":0},"end":{"line":771,"column":3}},"289":{"start":{"line":769,"column":24},"end":{"line":769,"column":91}},"290":{"start":{"line":769,"column":50},"end":{"line":769,"column":90}},"291":{"start":{"line":770,"column":2},"end":{"line":770,"column":26}},"292":{"start":{"line":774,"column":0},"end":{"line":797,"column":3}},"293":{"start":{"line":775,"column":24},"end":{"line":775,"column":91}},"294":{"start":{"line":775,"column":50},"end":{"line":775,"column":90}},"295":{"start":{"line":776,"column":16},"end":{"line":776,"column":36}},"296":{"start":{"line":777,"column":19},"end":{"line":777,"column":84}},"297":{"start":{"line":777,"column":45},"end":{"line":777,"column":76}},"298":{"start":{"line":778,"column":18},"end":{"line":778,"column":93}},"299":{"start":{"line":778,"column":44},"end":{"line":778,"column":85}},"300":{"start":{"line":779,"column":20},"end":{"line":779,"column":86}},"301":{"start":{"line":779,"column":46},"end":{"line":779,"column":78}},"302":{"start":{"line":781,"column":20},"end":{"line":781,"column":93}},"303":{"start":{"line":781,"column":53},"end":{"line":781,"column":81}},"304":{"start":{"line":782,"column":21},"end":{"line":782,"column":94}},"305":{"start":{"line":782,"column":48},"end":{"line":782,"column":71}},"306":{"start":{"line":785,"column":22},"end":{"line":785,"column":79}},"307":{"start":{"line":787,"column":2},"end":{"line":796,"column":5}},"308":{"start":{"line":800,"column":0},"end":{"line":883,"column":3}},"309":{"start":{"line":801,"column":2},"end":{"line":882,"column":5}},"310":{"start":{"line":886,"column":0},"end":{"line":900,"column":3}},"311":{"start":{"line":887,"column":24},"end":{"line":887,"column":91}},"312":{"start":{"line":887,"column":50},"end":{"line":887,"column":90}},"313":{"start":{"line":888,"column":21},"end":{"line":888,"column":75}},"314":{"start":{"line":888,"column":47},"end":{"line":888,"column":67}},"315":{"start":{"line":889,"column":18},"end":{"line":889,"column":73}},"316":{"start":{"line":889,"column":44},"end":{"line":889,"column":65}},"317":{"start":{"line":891,"column":2},"end":{"line":899,"column":5}},"318":{"start":{"line":903,"column":0},"end":{"line":909,"column":3}},"319":{"start":{"line":904,"column":19},"end":{"line":904,"column":84}},"320":{"start":{"line":904,"column":43},"end":{"line":904,"column":83}},"321":{"start":{"line":905,"column":2},"end":{"line":905,"column":69}},"322":{"start":{"line":905,"column":17},"end":{"line":905,"column":69}},"323":{"start":{"line":907,"column":2},"end":{"line":907,"column":37}},"324":{"start":{"line":908,"column":2},"end":{"line":908,"column":21}},"325":{"start":{"line":912,"column":0},"end":{"line":943,"column":1}},"326":{"start":{"line":913,"column":2},"end":{"line":942,"column":5}},"327":{"start":{"line":914,"column":4},"end":{"line":914,"column":74}},"328":{"start":{"line":915,"column":4},"end":{"line":915,"column":73}},"329":{"start":{"line":916,"column":4},"end":{"line":916,"column":74}},"330":{"start":{"line":917,"column":4},"end":{"line":917,"column":38}},"331":{"start":{"line":918,"column":4},"end":{"line":918,"column":39}},"332":{"start":{"line":919,"column":4},"end":{"line":919,"column":38}},"333":{"start":{"line":920,"column":4},"end":{"line":920,"column":42}},"334":{"start":{"line":921,"column":4},"end":{"line":921,"column":40}},"335":{"start":{"line":922,"column":4},"end":{"line":922,"column":44}},"336":{"start":{"line":923,"column":4},"end":{"line":923,"column":54}},"337":{"start":{"line":924,"column":4},"end":{"line":924,"column":48}},"338":{"start":{"line":925,"column":4},"end":{"line":925,"column":57}},"339":{"start":{"line":926,"column":4},"end":{"line":926,"column":48}},"340":{"start":{"line":927,"column":4},"end":{"line":927,"column":44}},"341":{"start":{"line":928,"column":4},"end":{"line":928,"column":48}},"342":{"start":{"line":929,"column":4},"end":{"line":929,"column":52}},"343":{"start":{"line":930,"column":4},"end":{"line":930,"column":44}},"344":{"start":{"line":931,"column":4},"end":{"line":931,"column":48}},"345":{"start":{"line":932,"column":4},"end":{"line":932,"column":56}},"346":{"start":{"line":933,"column":4},"end":{"line":933,"column":50}},"347":{"start":{"line":934,"column":4},"end":{"line":934,"column":44}},"348":{"start":{"line":935,"column":4},"end":{"line":935,"column":45}},"349":{"start":{"line":936,"column":4},"end":{"line":936,"column":49}},"350":{"start":{"line":937,"column":4},"end":{"line":937,"column":58}},"351":{"start":{"line":938,"column":4},"end":{"line":938,"column":62}},"352":{"start":{"line":939,"column":4},"end":{"line":939,"column":64}},"353":{"start":{"line":940,"column":4},"end":{"line":940,"column":65}},"354":{"start":{"line":941,"column":4},"end":{"line":941,"column":60}}},"fnMap":{"0":{"name":"(anonymous_0)","decl":{"start":{"line":20,"column":25},"end":{"line":20,"column":26}},"loc":{"start":{"line":20,"column":39},"end":{"line":23,"column":1}},"line":20},"1":{"name":"(anonymous_1)","decl":{"start":{"line":208,"column":23},"end":{"line":208,"column":24}},"loc":{"start":{"line":208,"column":37},"end":{"line":210,"column":1}},"line":208},"2":{"name":"(anonymous_2)","decl":{"start":{"line":213,"column":22},"end":{"line":213,"column":23}},"loc":{"start":{"line":213,"column":36},"end":{"line":215,"column":1}},"line":213},"3":{"name":"(anonymous_3)","decl":{"start":{"line":217,"column":26},"end":{"line":217,"column":27}},"loc":{"start":{"line":217,"column":40},"end":{"line":221,"column":1}},"line":217},"4":{"name":"(anonymous_4)","decl":{"start":{"line":218,"column":26},"end":{"line":218,"column":27}},"loc":{"start":{"line":218,"column":31},"end":{"line":218,"column":63}},"line":218},"5":{"name":"(anonymous_5)","decl":{"start":{"line":224,"column":24},"end":{"line":224,"column":25}},"loc":{"start":{"line":224,"column":38},"end":{"line":237,"column":1}},"line":224},"6":{"name":"(anonymous_6)","decl":{"start":{"line":229,"column":27},"end":{"line":229,"column":28}},"loc":{"start":{"line":229,"column":32},"end":{"line":229,"column":61}},"line":229},"7":{"name":"(anonymous_7)","decl":{"start":{"line":239,"column":28},"end":{"line":239,"column":29}},"loc":{"start":{"line":239,"column":42},"end":{"line":243,"column":1}},"line":239},"8":{"name":"(anonymous_8)","decl":{"start":{"line":240,"column":30},"end":{"line":240,"column":31}},"loc":{"start":{"line":240,"column":35},"end":{"line":240,"column":67}},"line":240},"9":{"name":"(anonymous_9)","decl":{"start":{"line":245,"column":38},"end":{"line":245,"column":39}},"loc":{"start":{"line":245,"column":52},"end":{"line":248,"column":1}},"line":245},"10":{"name":"(anonymous_10)","decl":{"start":{"line":246,"column":37},"end":{"line":246,"column":38}},"loc":{"start":{"line":246,"column":42},"end":{"line":246,"column":82}},"line":246},"11":{"name":"(anonymous_11)","decl":{"start":{"line":251,"column":32},"end":{"line":251,"column":33}},"loc":{"start":{"line":251,"column":46},"end":{"line":283,"column":1}},"line":251},"12":{"name":"(anonymous_12)","decl":{"start":{"line":253,"column":37},"end":{"line":253,"column":38}},"loc":{"start":{"line":253,"column":42},"end":{"line":253,"column":61}},"line":253},"13":{"name":"(anonymous_13)","decl":{"start":{"line":259,"column":42},"end":{"line":259,"column":43}},"loc":{"start":{"line":259,"column":47},"end":{"line":259,"column":64}},"line":259},"14":{"name":"(anonymous_14)","decl":{"start":{"line":260,"column":49},"end":{"line":260,"column":50}},"loc":{"start":{"line":260,"column":59},"end":{"line":260,"column":64}},"line":260},"15":{"name":"(anonymous_15)","decl":{"start":{"line":263,"column":43},"end":{"line":263,"column":44}},"loc":{"start":{"line":263,"column":48},"end":{"line":263,"column":80}},"line":263},"16":{"name":"(anonymous_16)","decl":{"start":{"line":264,"column":45},"end":{"line":264,"column":46}},"loc":{"start":{"line":264,"column":55},"end":{"line":264,"column":60}},"line":264},"17":{"name":"(anonymous_17)","decl":{"start":{"line":267,"column":44},"end":{"line":267,"column":45}},"loc":{"start":{"line":267,"column":49},"end":{"line":267,"column":63}},"line":267},"18":{"name":"calculateTrend","decl":{"start":{"line":285,"column":9},"end":{"line":285,"column":23}},"loc":{"start":{"line":285,"column":39},"end":{"line":296,"column":1}},"line":285},"19":{"name":"(anonymous_19)","decl":{"start":{"line":287,"column":39},"end":{"line":287,"column":40}},"loc":{"start":{"line":287,"column":44},"end":{"line":287,"column":61}},"line":287},"20":{"name":"(anonymous_20)","decl":{"start":{"line":290,"column":32},"end":{"line":290,"column":33}},"loc":{"start":{"line":290,"column":42},"end":{"line":290,"column":47}},"line":290},"21":{"name":"(anonymous_21)","decl":{"start":{"line":291,"column":34},"end":{"line":291,"column":35}},"loc":{"start":{"line":291,"column":44},"end":{"line":291,"column":49}},"line":291},"22":{"name":"(anonymous_22)","decl":{"start":{"line":299,"column":42},"end":{"line":299,"column":43}},"loc":{"start":{"line":299,"column":56},"end":{"line":493,"column":1}},"line":299},"23":{"name":"(anonymous_23)","decl":{"start":{"line":303,"column":37},"end":{"line":303,"column":38}},"loc":{"start":{"line":303,"column":42},"end":{"line":303,"column":68}},"line":303},"24":{"name":"(anonymous_24)","decl":{"start":{"line":310,"column":42},"end":{"line":310,"column":43}},"loc":{"start":{"line":310,"column":47},"end":{"line":310,"column":64}},"line":310},"25":{"name":"(anonymous_25)","decl":{"start":{"line":311,"column":49},"end":{"line":311,"column":50}},"loc":{"start":{"line":311,"column":59},"end":{"line":311,"column":64}},"line":311},"26":{"name":"(anonymous_26)","decl":{"start":{"line":315,"column":43},"end":{"line":315,"column":44}},"loc":{"start":{"line":315,"column":48},"end":{"line":315,"column":80}},"line":315},"27":{"name":"(anonymous_27)","decl":{"start":{"line":316,"column":45},"end":{"line":316,"column":46}},"loc":{"start":{"line":316,"column":55},"end":{"line":316,"column":60}},"line":316},"28":{"name":"(anonymous_28)","decl":{"start":{"line":320,"column":44},"end":{"line":320,"column":45}},"loc":{"start":{"line":320,"column":49},"end":{"line":320,"column":63}},"line":320},"29":{"name":"generateRecommendations","decl":{"start":{"line":495,"column":9},"end":{"line":495,"column":32}},"loc":{"start":{"line":495,"column":98},"end":{"line":580,"column":1}},"line":495},"30":{"name":"(anonymous_30)","decl":{"start":{"line":499,"column":44},"end":{"line":499,"column":45}},"loc":{"start":{"line":499,"column":49},"end":{"line":499,"column":81}},"line":499},"31":{"name":"(anonymous_31)","decl":{"start":{"line":513,"column":39},"end":{"line":513,"column":40}},"loc":{"start":{"line":513,"column":44},"end":{"line":513,"column":77}},"line":513},"32":{"name":"(anonymous_32)","decl":{"start":{"line":526,"column":42},"end":{"line":526,"column":43}},"loc":{"start":{"line":526,"column":47},"end":{"line":526,"column":77}},"line":526},"33":{"name":"(anonymous_33)","decl":{"start":{"line":540,"column":40},"end":{"line":540,"column":41}},"loc":{"start":{"line":540,"column":45},"end":{"line":540,"column":79}},"line":540},"34":{"name":"(anonymous_34)","decl":{"start":{"line":553,"column":39},"end":{"line":553,"column":40}},"loc":{"start":{"line":553,"column":44},"end":{"line":553,"column":74}},"line":553},"35":{"name":"(anonymous_35)","decl":{"start":{"line":615,"column":28},"end":{"line":615,"column":29}},"loc":{"start":{"line":615,"column":42},"end":{"line":617,"column":1}},"line":615},"36":{"name":"(anonymous_36)","decl":{"start":{"line":620,"column":32},"end":{"line":620,"column":33}},"loc":{"start":{"line":620,"column":46},"end":{"line":624,"column":1}},"line":620},"37":{"name":"(anonymous_37)","decl":{"start":{"line":621,"column":40},"end":{"line":621,"column":41}},"loc":{"start":{"line":621,"column":45},"end":{"line":621,"column":88}},"line":621},"38":{"name":"(anonymous_38)","decl":{"start":{"line":627,"column":36},"end":{"line":627,"column":37}},"loc":{"start":{"line":627,"column":50},"end":{"line":641,"column":1}},"line":627},"39":{"name":"(anonymous_39)","decl":{"start":{"line":628,"column":45},"end":{"line":628,"column":46}},"loc":{"start":{"line":628,"column":50},"end":{"line":628,"column":73}},"line":628},"40":{"name":"(anonymous_40)","decl":{"start":{"line":629,"column":44},"end":{"line":629,"column":45}},"loc":{"start":{"line":629,"column":49},"end":{"line":629,"column":96}},"line":629},"41":{"name":"(anonymous_41)","decl":{"start":{"line":630,"column":45},"end":{"line":630,"column":46}},"loc":{"start":{"line":630,"column":50},"end":{"line":630,"column":73}},"line":630},"42":{"name":"(anonymous_42)","decl":{"start":{"line":631,"column":45},"end":{"line":631,"column":46}},"loc":{"start":{"line":631,"column":57},"end":{"line":631,"column":77}},"line":631},"43":{"name":"(anonymous_43)","decl":{"start":{"line":644,"column":29},"end":{"line":644,"column":30}},"loc":{"start":{"line":644,"column":43},"end":{"line":655,"column":1}},"line":644},"44":{"name":"(anonymous_44)","decl":{"start":{"line":645,"column":51},"end":{"line":645,"column":52}},"loc":{"start":{"line":645,"column":56},"end":{"line":645,"column":71}},"line":645},"45":{"name":"(anonymous_45)","decl":{"start":{"line":658,"column":32},"end":{"line":658,"column":33}},"loc":{"start":{"line":658,"column":46},"end":{"line":668,"column":1}},"line":658},"46":{"name":"(anonymous_46)","decl":{"start":{"line":659,"column":45},"end":{"line":659,"column":46}},"loc":{"start":{"line":659,"column":50},"end":{"line":659,"column":93}},"line":659},"47":{"name":"(anonymous_47)","decl":{"start":{"line":671,"column":41},"end":{"line":671,"column":42}},"loc":{"start":{"line":671,"column":55},"end":{"line":678,"column":1}},"line":671},"48":{"name":"(anonymous_48)","decl":{"start":{"line":672,"column":40},"end":{"line":672,"column":41}},"loc":{"start":{"line":672,"column":45},"end":{"line":672,"column":88}},"line":672},"49":{"name":"(anonymous_49)","decl":{"start":{"line":681,"column":35},"end":{"line":681,"column":36}},"loc":{"start":{"line":681,"column":49},"end":{"line":687,"column":1}},"line":681},"50":{"name":"(anonymous_50)","decl":{"start":{"line":682,"column":45},"end":{"line":682,"column":46}},"loc":{"start":{"line":682,"column":50},"end":{"line":682,"column":93}},"line":682},"51":{"name":"calculateFeasibilityScore","decl":{"start":{"line":689,"column":9},"end":{"line":689,"column":34}},"loc":{"start":{"line":689,"column":41},"end":{"line":696,"column":1}},"line":689},"52":{"name":"(anonymous_52)","decl":{"start":{"line":748,"column":30},"end":{"line":748,"column":31}},"loc":{"start":{"line":748,"column":44},"end":{"line":758,"column":1}},"line":748},"53":{"name":"(anonymous_53)","decl":{"start":{"line":749,"column":46},"end":{"line":749,"column":47}},"loc":{"start":{"line":749,"column":51},"end":{"line":749,"column":63}},"line":749},"54":{"name":"(anonymous_54)","decl":{"start":{"line":761,"column":33},"end":{"line":761,"column":34}},"loc":{"start":{"line":761,"column":47},"end":{"line":765,"column":1}},"line":761},"55":{"name":"(anonymous_55)","decl":{"start":{"line":762,"column":38},"end":{"line":762,"column":39}},"loc":{"start":{"line":762,"column":43},"end":{"line":762,"column":83}},"line":762},"56":{"name":"(anonymous_56)","decl":{"start":{"line":768,"column":42},"end":{"line":768,"column":43}},"loc":{"start":{"line":768,"column":56},"end":{"line":771,"column":1}},"line":768},"57":{"name":"(anonymous_57)","decl":{"start":{"line":769,"column":45},"end":{"line":769,"column":46}},"loc":{"start":{"line":769,"column":50},"end":{"line":769,"column":90}},"line":769},"58":{"name":"(anonymous_58)","decl":{"start":{"line":774,"column":46},"end":{"line":774,"column":47}},"loc":{"start":{"line":774,"column":60},"end":{"line":797,"column":1}},"line":774},"59":{"name":"(anonymous_59)","decl":{"start":{"line":775,"column":45},"end":{"line":775,"column":46}},"loc":{"start":{"line":775,"column":50},"end":{"line":775,"column":90}},"line":775},"60":{"name":"(anonymous_60)","decl":{"start":{"line":777,"column":40},"end":{"line":777,"column":41}},"loc":{"start":{"line":777,"column":45},"end":{"line":777,"column":76}},"line":777},"61":{"name":"(anonymous_61)","decl":{"start":{"line":778,"column":39},"end":{"line":778,"column":40}},"loc":{"start":{"line":778,"column":44},"end":{"line":778,"column":85}},"line":778},"62":{"name":"(anonymous_62)","decl":{"start":{"line":779,"column":41},"end":{"line":779,"column":42}},"loc":{"start":{"line":779,"column":46},"end":{"line":779,"column":78}},"line":779},"63":{"name":"(anonymous_63)","decl":{"start":{"line":781,"column":41},"end":{"line":781,"column":42}},"loc":{"start":{"line":781,"column":53},"end":{"line":781,"column":81}},"line":781},"64":{"name":"(anonymous_64)","decl":{"start":{"line":782,"column":43},"end":{"line":782,"column":44}},"loc":{"start":{"line":782,"column":48},"end":{"line":782,"column":71}},"line":782},"65":{"name":"(anonymous_65)","decl":{"start":{"line":800,"column":48},"end":{"line":800,"column":49}},"loc":{"start":{"line":800,"column":62},"end":{"line":883,"column":1}},"line":800},"66":{"name":"(anonymous_66)","decl":{"start":{"line":886,"column":49},"end":{"line":886,"column":50}},"loc":{"start":{"line":886,"column":63},"end":{"line":900,"column":1}},"line":886},"67":{"name":"(anonymous_67)","decl":{"start":{"line":887,"column":45},"end":{"line":887,"column":46}},"loc":{"start":{"line":887,"column":50},"end":{"line":887,"column":90}},"line":887},"68":{"name":"(anonymous_68)","decl":{"start":{"line":888,"column":42},"end":{"line":888,"column":43}},"loc":{"start":{"line":888,"column":47},"end":{"line":888,"column":67}},"line":888},"69":{"name":"(anonymous_69)","decl":{"start":{"line":889,"column":39},"end":{"line":889,"column":40}},"loc":{"start":{"line":889,"column":44},"end":{"line":889,"column":65}},"line":889},"70":{"name":"(anonymous_70)","decl":{"start":{"line":903,"column":45},"end":{"line":903,"column":46}},"loc":{"start":{"line":903,"column":59},"end":{"line":909,"column":1}},"line":903},"71":{"name":"(anonymous_71)","decl":{"start":{"line":904,"column":38},"end":{"line":904,"column":39}},"loc":{"start":{"line":904,"column":43},"end":{"line":904,"column":83}},"line":904},"72":{"name":"(anonymous_72)","decl":{"start":{"line":913,"column":19},"end":{"line":913,"column":20}},"loc":{"start":{"line":913,"column":25},"end":{"line":942,"column":3}},"line":913}},"branchMap":{"0":{"loc":{"start":{"line":219,"column":2},"end":{"line":219,"column":70}},"type":"if","locations":[{"start":{"line":219,"column":2},"end":{"line":219,"column":70}},{"start":{},"end":{}}],"line":219},"1":{"loc":{"start":{"line":228,"column":2},"end":{"line":230,"column":3}},"type":"if","locations":[{"start":{"line":228,"column":2},"end":{"line":230,"column":3}},{"start":{},"end":{}}],"line":228},"2":{"loc":{"start":{"line":232,"column":2},"end":{"line":234,"column":3}},"type":"if","locations":[{"start":{"line":232,"column":2},"end":{"line":234,"column":3}},{"start":{},"end":{}}],"line":232},"3":{"loc":{"start":{"line":241,"column":2},"end":{"line":241,"column":74}},"type":"if","locations":[{"start":{"line":241,"column":2},"end":{"line":241,"column":74}},{"start":{},"end":{}}],"line":241},"4":{"loc":{"start":{"line":255,"column":2},"end":{"line":257,"column":3}},"type":"if","locations":[{"start":{"line":255,"column":2},"end":{"line":257,"column":3}},{"start":{},"end":{}}],"line":255},"5":{"loc":{"start":{"line":286,"column":2},"end":{"line":286,"column":48}},"type":"if","locations":[{"start":{"line":286,"column":2},"end":{"line":286,"column":48}},{"start":{},"end":{}}],"line":286},"6":{"loc":{"start":{"line":293,"column":2},"end":{"line":293,"column":53}},"type":"if","locations":[{"start":{"line":293,"column":2},"end":{"line":293,"column":53}},{"start":{},"end":{}}],"line":293},"7":{"loc":{"start":{"line":294,"column":2},"end":{"line":294,"column":53}},"type":"if","locations":[{"start":{"line":294,"column":2},"end":{"line":294,"column":53}},{"start":{},"end":{}}],"line":294},"8":{"loc":{"start":{"line":303,"column":56},"end":{"line":303,"column":67}},"type":"binary-expr","locations":[{"start":{"line":303,"column":56},"end":{"line":303,"column":62}},{"start":{"line":303,"column":66},"end":{"line":303,"column":67}}],"line":303},"9":{"loc":{"start":{"line":305,"column":2},"end":{"line":307,"column":3}},"type":"if","locations":[{"start":{"line":305,"column":2},"end":{"line":307,"column":3}},{"start":{},"end":{}}],"line":305},"10":{"loc":{"start":{"line":330,"column":2},"end":{"line":342,"column":3}},"type":"if","locations":[{"start":{"line":330,"column":2},"end":{"line":342,"column":3}},{"start":{"line":333,"column":9},"end":{"line":342,"column":3}}],"line":330},"11":{"loc":{"start":{"line":333,"column":9},"end":{"line":342,"column":3}},"type":"if","locations":[{"start":{"line":333,"column":9},"end":{"line":342,"column":3}},{"start":{"line":336,"column":9},"end":{"line":342,"column":3}}],"line":333},"12":{"loc":{"start":{"line":336,"column":9},"end":{"line":342,"column":3}},"type":"if","locations":[{"start":{"line":336,"column":9},"end":{"line":342,"column":3}},{"start":{"line":339,"column":9},"end":{"line":342,"column":3}}],"line":336},"13":{"loc":{"start":{"line":354,"column":2},"end":{"line":366,"column":3}},"type":"if","locations":[{"start":{"line":354,"column":2},"end":{"line":366,"column":3}},{"start":{"line":357,"column":9},"end":{"line":366,"column":3}}],"line":354},"14":{"loc":{"start":{"line":357,"column":9},"end":{"line":366,"column":3}},"type":"if","locations":[{"start":{"line":357,"column":9},"end":{"line":366,"column":3}},{"start":{"line":360,"column":9},"end":{"line":366,"column":3}}],"line":357},"15":{"loc":{"start":{"line":360,"column":9},"end":{"line":366,"column":3}},"type":"if","locations":[{"start":{"line":360,"column":9},"end":{"line":366,"column":3}},{"start":{"line":363,"column":9},"end":{"line":366,"column":3}}],"line":360},"16":{"loc":{"start":{"line":378,"column":2},"end":{"line":390,"column":3}},"type":"if","locations":[{"start":{"line":378,"column":2},"end":{"line":390,"column":3}},{"start":{"line":381,"column":9},"end":{"line":390,"column":3}}],"line":378},"17":{"loc":{"start":{"line":381,"column":9},"end":{"line":390,"column":3}},"type":"if","locations":[{"start":{"line":381,"column":9},"end":{"line":390,"column":3}},{"start":{"line":384,"column":9},"end":{"line":390,"column":3}}],"line":381},"18":{"loc":{"start":{"line":384,"column":9},"end":{"line":390,"column":3}},"type":"if","locations":[{"start":{"line":384,"column":9},"end":{"line":390,"column":3}},{"start":{"line":387,"column":9},"end":{"line":390,"column":3}}],"line":384},"19":{"loc":{"start":{"line":402,"column":2},"end":{"line":414,"column":3}},"type":"if","locations":[{"start":{"line":402,"column":2},"end":{"line":414,"column":3}},{"start":{"line":405,"column":9},"end":{"line":414,"column":3}}],"line":402},"20":{"loc":{"start":{"line":405,"column":9},"end":{"line":414,"column":3}},"type":"if","locations":[{"start":{"line":405,"column":9},"end":{"line":414,"column":3}},{"start":{"line":408,"column":9},"end":{"line":414,"column":3}}],"line":405},"21":{"loc":{"start":{"line":408,"column":9},"end":{"line":414,"column":3}},"type":"if","locations":[{"start":{"line":408,"column":9},"end":{"line":414,"column":3}},{"start":{"line":411,"column":9},"end":{"line":414,"column":3}}],"line":408},"22":{"loc":{"start":{"line":426,"column":2},"end":{"line":438,"column":3}},"type":"if","locations":[{"start":{"line":426,"column":2},"end":{"line":438,"column":3}},{"start":{"line":429,"column":9},"end":{"line":438,"column":3}}],"line":426},"23":{"loc":{"start":{"line":429,"column":9},"end":{"line":438,"column":3}},"type":"if","locations":[{"start":{"line":429,"column":9},"end":{"line":438,"column":3}},{"start":{"line":432,"column":9},"end":{"line":438,"column":3}}],"line":429},"24":{"loc":{"start":{"line":432,"column":9},"end":{"line":438,"column":3}},"type":"if","locations":[{"start":{"line":432,"column":9},"end":{"line":438,"column":3}},{"start":{"line":435,"column":9},"end":{"line":438,"column":3}}],"line":432},"25":{"loc":{"start":{"line":450,"column":2},"end":{"line":454,"column":3}},"type":"if","locations":[{"start":{"line":450,"column":2},"end":{"line":454,"column":3}},{"start":{"line":452,"column":9},"end":{"line":454,"column":3}}],"line":450},"26":{"loc":{"start":{"line":452,"column":9},"end":{"line":454,"column":3}},"type":"if","locations":[{"start":{"line":452,"column":9},"end":{"line":454,"column":3}},{"start":{},"end":{}}],"line":452},"27":{"loc":{"start":{"line":458,"column":2},"end":{"line":462,"column":3}},"type":"if","locations":[{"start":{"line":458,"column":2},"end":{"line":462,"column":3}},{"start":{"line":460,"column":9},"end":{"line":462,"column":3}}],"line":458},"28":{"loc":{"start":{"line":460,"column":9},"end":{"line":462,"column":3}},"type":"if","locations":[{"start":{"line":460,"column":9},"end":{"line":462,"column":3}},{"start":{},"end":{}}],"line":460},"29":{"loc":{"start":{"line":500,"column":2},"end":{"line":511,"column":3}},"type":"if","locations":[{"start":{"line":500,"column":2},"end":{"line":511,"column":3}},{"start":{},"end":{}}],"line":500},"30":{"loc":{"start":{"line":500,"column":6},"end":{"line":500,"column":61}},"type":"binary-expr","locations":[{"start":{"line":500,"column":6},"end":{"line":500,"column":26}},{"start":{"line":500,"column":30},"end":{"line":500,"column":61}}],"line":500},"31":{"loc":{"start":{"line":506,"column":16},"end":{"line":506,"column":70}},"type":"cond-expr","locations":[{"start":{"line":506,"column":51},"end":{"line":506,"column":61}},{"start":{"line":506,"column":64},"end":{"line":506,"column":70}}],"line":506},"32":{"loc":{"start":{"line":514,"column":2},"end":{"line":524,"column":3}},"type":"if","locations":[{"start":{"line":514,"column":2},"end":{"line":524,"column":3}},{"start":{},"end":{}}],"line":514},"33":{"loc":{"start":{"line":514,"column":6},"end":{"line":514,"column":51}},"type":"binary-expr","locations":[{"start":{"line":514,"column":6},"end":{"line":514,"column":21}},{"start":{"line":514,"column":25},"end":{"line":514,"column":51}}],"line":514},"34":{"loc":{"start":{"line":527,"column":2},"end":{"line":538,"column":3}},"type":"if","locations":[{"start":{"line":527,"column":2},"end":{"line":538,"column":3}},{"start":{},"end":{}}],"line":527},"35":{"loc":{"start":{"line":527,"column":6},"end":{"line":527,"column":57}},"type":"binary-expr","locations":[{"start":{"line":527,"column":6},"end":{"line":527,"column":24}},{"start":{"line":527,"column":28},"end":{"line":527,"column":57}}],"line":527},"36":{"loc":{"start":{"line":533,"column":16},"end":{"line":533,"column":65}},"type":"cond-expr","locations":[{"start":{"line":533,"column":48},"end":{"line":533,"column":54}},{"start":{"line":533,"column":57},"end":{"line":533,"column":65}}],"line":533},"37":{"loc":{"start":{"line":541,"column":2},"end":{"line":551,"column":3}},"type":"if","locations":[{"start":{"line":541,"column":2},"end":{"line":551,"column":3}},{"start":{},"end":{}}],"line":541},"38":{"loc":{"start":{"line":541,"column":6},"end":{"line":541,"column":53}},"type":"binary-expr","locations":[{"start":{"line":541,"column":6},"end":{"line":541,"column":22}},{"start":{"line":541,"column":26},"end":{"line":541,"column":53}}],"line":541},"39":{"loc":{"start":{"line":546,"column":16},"end":{"line":546,"column":64}},"type":"cond-expr","locations":[{"start":{"line":546,"column":47},"end":{"line":546,"column":53}},{"start":{"line":546,"column":56},"end":{"line":546,"column":64}}],"line":546},"40":{"loc":{"start":{"line":554,"column":2},"end":{"line":564,"column":3}},"type":"if","locations":[{"start":{"line":554,"column":2},"end":{"line":564,"column":3}},{"start":{},"end":{}}],"line":554},"41":{"loc":{"start":{"line":554,"column":6},"end":{"line":554,"column":51}},"type":"binary-expr","locations":[{"start":{"line":554,"column":6},"end":{"line":554,"column":21}},{"start":{"line":554,"column":25},"end":{"line":554,"column":51}}],"line":554},"42":{"loc":{"start":{"line":567,"column":2},"end":{"line":577,"column":3}},"type":"if","locations":[{"start":{"line":567,"column":2},"end":{"line":577,"column":3}},{"start":{},"end":{}}],"line":567},"43":{"loc":{"start":{"line":622,"column":2},"end":{"line":622,"column":84}},"type":"if","locations":[{"start":{"line":622,"column":2},"end":{"line":622,"column":84}},{"start":{},"end":{}}],"line":622},"44":{"loc":{"start":{"line":660,"column":2},"end":{"line":660,"column":72}},"type":"if","locations":[{"start":{"line":660,"column":2},"end":{"line":660,"column":72}},{"start":{},"end":{}}],"line":660},"45":{"loc":{"start":{"line":673,"column":2},"end":{"line":673,"column":66}},"type":"if","locations":[{"start":{"line":673,"column":2},"end":{"line":673,"column":66}},{"start":{},"end":{}}],"line":673},"46":{"loc":{"start":{"line":676,"column":2},"end":{"line":676,"column":66}},"type":"if","locations":[{"start":{"line":676,"column":2},"end":{"line":676,"column":66}},{"start":{},"end":{}}],"line":676},"47":{"loc":{"start":{"line":683,"column":2},"end":{"line":683,"column":72}},"type":"if","locations":[{"start":{"line":683,"column":2},"end":{"line":683,"column":72}},{"start":{},"end":{}}],"line":683},"48":{"loc":{"start":{"line":691,"column":2},"end":{"line":691,"column":45}},"type":"if","locations":[{"start":{"line":691,"column":2},"end":{"line":691,"column":45}},{"start":{},"end":{}}],"line":691},"49":{"loc":{"start":{"line":692,"column":2},"end":{"line":692,"column":47}},"type":"if","locations":[{"start":{"line":692,"column":2},"end":{"line":692,"column":47}},{"start":{},"end":{}}],"line":692},"50":{"loc":{"start":{"line":693,"column":2},"end":{"line":693,"column":50}},"type":"if","locations":[{"start":{"line":693,"column":2},"end":{"line":693,"column":50}},{"start":{},"end":{}}],"line":693},"51":{"loc":{"start":{"line":694,"column":2},"end":{"line":694,"column":47}},"type":"if","locations":[{"start":{"line":694,"column":2},"end":{"line":694,"column":47}},{"start":{},"end":{}}],"line":694},"52":{"loc":{"start":{"line":763,"column":2},"end":{"line":763,"column":78}},"type":"if","locations":[{"start":{"line":763,"column":2},"end":{"line":763,"column":78}},{"start":{},"end":{}}],"line":763},"53":{"loc":{"start":{"line":785,"column":22},"end":{"line":785,"column":79}},"type":"cond-expr","locations":[{"start":{"line":785,"column":35},"end":{"line":785,"column":74}},{"start":{"line":785,"column":78},"end":{"line":785,"column":79}}],"line":785},"54":{"loc":{"start":{"line":905,"column":2},"end":{"line":905,"column":69}},"type":"if","locations":[{"start":{"line":905,"column":2},"end":{"line":905,"column":69}},{"start":{},"end":{}}],"line":905},"55":{"loc":{"start":{"line":912,"column":0},"end":{"line":943,"column":1}},"type":"if","locations":[{"start":{"line":912,"column":0},"end":{"line":943,"column":1}},{"start":{},"end":{}}],"line":912}},"s":{"0":1,"1":1,"2":1,"3":1,"4":1,"5":1,"6":1,"7":1,"8":1,"9":1,"10":0,"11":0,"12":1,"13":1,"14":1,"15":2,"16":1,"17":4,"18":1,"19":4,"20":6,"21":4,"22":2,"23":2,"24":1,"25":4,"26":4,"27":4,"28":0,"29":0,"30":4,"31":0,"32":4,"33":1,"34":2,"35":11,"36":2,"37":1,"38":1,"39":1,"40":2,"41":20,"42":2,"43":1,"44":3,"45":3,"46":30,"47":3,"48":1,"49":2,"50":20,"51":2,"52":20,"53":2,"54":20,"55":2,"56":20,"57":2,"58":2,"59":20,"60":2,"61":2,"62":2,"63":2,"64":0,"65":2,"66":10,"67":2,"68":2,"69":2,"70":4,"71":2,"72":6,"73":2,"74":2,"75":0,"76":0,"77":0,"78":1,"79":12,"80":12,"81":120,"82":12,"83":0,"84":12,"85":120,"86":12,"87":120,"88":12,"89":12,"90":120,"91":12,"92":120,"93":12,"94":12,"95":12,"96":120,"97":12,"98":12,"99":12,"100":12,"101":12,"102":12,"103":0,"104":0,"105":12,"106":0,"107":0,"108":12,"109":10,"110":10,"111":2,"112":2,"113":12,"114":12,"115":12,"116":12,"117":12,"118":12,"119":12,"120":0,"121":0,"122":0,"123":0,"124":0,"125":0,"126":0,"127":0,"128":12,"129":12,"130":12,"131":12,"132":12,"133":0,"134":0,"135":12,"136":0,"137":0,"138":12,"139":0,"140":0,"141":12,"142":12,"143":12,"144":12,"145":12,"146":12,"147":12,"148":0,"149":0,"150":12,"151":10,"152":10,"153":2,"154":1,"155":1,"156":1,"157":1,"158":12,"159":12,"160":12,"161":12,"162":12,"163":0,"164":0,"165":12,"166":0,"167":0,"168":12,"169":12,"170":12,"171":0,"172":0,"173":12,"174":12,"175":12,"176":12,"177":12,"178":2,"179":10,"180":10,"181":12,"182":12,"183":0,"184":12,"185":0,"186":12,"187":12,"188":12,"189":12,"190":12,"191":12,"192":12,"193":12,"194":12,"195":12,"196":12,"197":24,"198":12,"199":0,"200":12,"201":36,"202":12,"203":12,"204":12,"205":12,"206":48,"207":12,"208":2,"209":12,"210":60,"211":12,"212":12,"213":12,"214":12,"215":12,"216":1,"217":1,"218":1,"219":0,"220":1,"221":0,"222":0,"223":0,"224":0,"225":0,"226":1,"227":0,"228":0,"229":0,"230":0,"231":0,"232":0,"233":0,"234":0,"235":0,"236":1,"237":0,"238":0,"239":0,"240":0,"241":0,"242":1,"243":0,"244":0,"245":0,"246":0,"247":0,"248":0,"249":1,"250":0,"251":0,"252":0,"253":0,"254":0,"255":0,"256":0,"257":0,"258":1,"259":0,"260":0,"261":0,"262":0,"263":0,"264":0,"265":0,"266":0,"267":0,"268":0,"269":0,"270":0,"271":0,"272":0,"273":0,"274":0,"275":1,"276":1,"277":0,"278":0,"279":0,"280":0,"281":0,"282":1,"283":0,"284":0,"285":0,"286":0,"287":0,"288":1,"289":0,"290":0,"291":0,"292":1,"293":0,"294":0,"295":0,"296":0,"297":0,"298":0,"299":0,"300":0,"301":0,"302":0,"303":0,"304":0,"305":0,"306":0,"307":0,"308":1,"309":0,"310":1,"311":0,"312":0,"313":0,"314":0,"315":0,"316":0,"317":0,"318":1,"319":0,"320":0,"321":0,"322":0,"323":0,"324":0,"325":1,"326":0,"327":0,"328":0,"329":0,"330":0,"331":0,"332":0,"333":0,"334":0,"335":0,"336":0,"337":0,"338":0,"339":0,"340":0,"341":0,"342":0,"343":0,"344":0,"345":0,"346":0,"347":0,"348":0,"349":0,"350":0,"351":0,"352":0,"353":0,"354":0},"f":{"0":0,"1":2,"2":4,"3":4,"4":6,"5":4,"6":0,"7":2,"8":11,"9":2,"10":20,"11":3,"12":30,"13":20,"14":20,"15":20,"16":20,"17":20,"18":2,"19":10,"20":4,"21":6,"22":12,"23":120,"24":120,"25":120,"26":120,"27":120,"28":120,"29":12,"30":12,"31":24,"32":36,"33":48,"34":60,"35":0,"36":0,"37":0,"38":0,"39":0,"40":0,"41":0,"42":0,"43":0,"44":0,"45":0,"46":0,"47":0,"48":0,"49":0,"50":0,"51":0,"52":0,"53":0,"54":0,"55":0,"56":0,"57":0,"58":0,"59":0,"60":0,"61":0,"62":0,"63":0,"64":0,"65":0,"66":0,"67":0,"68":0,"69":0,"70":0,"71":0,"72":0},"b":{"0":[2,2],"1":[0,4],"2":[0,4],"3":[1,1],"4":[1,2],"5":[0,2],"6":[2,0],"7":[0,0],"8":[120,0],"9":[0,12],"10":[0,12],"11":[0,12],"12":[10,2],"13":[12,0],"14":[0,0],"15":[0,0],"16":[0,12],"17":[0,12],"18":[0,12],"19":[0,12],"20":[10,2],"21":[1,1],"22":[0,12],"23":[0,12],"24":[12,0],"25":[2,10],"26":[10,0],"27":[0,12],"28":[0,12],"29":[12,0],"30":[12,12],"31":[2,10],"32":[0,12],"33":[12,12],"34":[12,0],"35":[12,12],"36":[12,0],"37":[2,10],"38":[12,12],"39":[1,1],"40":[12,0],"41":[12,12],"42":[12,0],"43":[0,0],"44":[0,0],"45":[0,0],"46":[0,0],"47":[0,0],"48":[0,0],"49":[0,0],"50":[0,0],"51":[0,0],"52":[0,0],"53":[0,0],"54":[0,0],"55":[0,1]},"_coverageSchema":"1a1c01bbd47fc00a2c39e90264f33305004495a9","hash":"fdfc7b67d11986bf110db5f534eeeff90c9656d3"}
,"C:\\Users\\sunit\\Desktop\\Dissertation Project\\Sprint_Monitor\\sprint-monitor\\mock-server\\swagger-docs.js": {"path":"C:\\Users\\sunit\\Desktop\\Dissertation Project\\Sprint_Monitor\\sprint-monitor\\mock-server\\swagger-docs.js","statementMap":{"0":{"start":{"line":1019,"column":0},"end":{"line":1019,"column":20}}},"fnMap":{},"branchMap":{},"s":{"0":1},"f":{},"b":{},"_coverageSchema":"1a1c01bbd47fc00a2c39e90264f33305004495a9","hash":"79dea9709fad1540ab419453af4c0b1baebe823a"}
,"C:\\Users\\sunit\\Desktop\\Dissertation Project\\Sprint_Monitor\\sprint-monitor\\mock-server\\swagger.js": {"path":"C:\\Users\\sunit\\Desktop\\Dissertation Project\\Sprint_Monitor\\sprint-monitor\\mock-server\\swagger.js","statementMap":{"0":{"start":{"line":1,"column":21},"end":{"line":1,"column":45}},"1":{"start":{"line":2,"column":18},"end":{"line":2,"column":47}},"2":{"start":{"line":4,"column":16},"end":{"line":58,"column":1}},"3":{"start":{"line":60,"column":14},"end":{"line":60,"column":35}},"4":{"start":{"line":62,"column":0},"end":{"line":62,"column":38}}},"fnMap":{},"branchMap":{},"s":{"0":1,"1":1,"2":1,"3":1,"4":1},"f":{},"b":{},"_coverageSchema":"1a1c01bbd47fc00a2c39e90264f33305004495a9","hash":"f6618712a836c80a438635455aa3a84b472a1135"}
}
