{"C:\\Users\\sunit\\Desktop\\Java Course\\sprint-monitor\\mock-server\\server.js": {"path":"C:\\Users\\sunit\\Desktop\\Java Course\\sprint-monitor\\mock-server\\server.js","statementMap":{"0":{"start":{"line":1,"column":16},"end":{"line":1,"column":34}},"1":{"start":{"line":2,"column":13},"end":{"line":2,"column":28}},"2":{"start":{"line":3,"column":12},"end":{"line":3,"column":21}},"3":{"start":{"line":4,"column":13},"end":{"line":4,"column":17}},"4":{"start":{"line":6,"column":0},"end":{"line":6,"column":16}},"5":{"start":{"line":7,"column":0},"end":{"line":7,"column":24}},"6":{"start":{"line":14,"column":14},"end":{"line":31,"column":1}},"7":{"start":{"line":34,"column":16},"end":{"line":185,"column":1}},"8":{"start":{"line":192,"column":0},"end":{"line":194,"column":3}},"9":{"start":{"line":193,"column":2},"end":{"line":193,"column":71}},"10":{"start":{"line":197,"column":0},"end":{"line":199,"column":3}},"11":{"start":{"line":198,"column":2},"end":{"line":198,"column":18}},"12":{"start":{"line":201,"column":0},"end":{"line":205,"column":3}},"13":{"start":{"line":202,"column":15},"end":{"line":202,"column":64}},"14":{"start":{"line":202,"column":31},"end":{"line":202,"column":63}},"15":{"start":{"line":203,"column":2},"end":{"line":203,"column":70}},"16":{"start":{"line":203,"column":13},"end":{"line":203,"column":70}},"17":{"start":{"line":204,"column":2},"end":{"line":204,"column":17}},"18":{"start":{"line":208,"column":0},"end":{"line":221,"column":3}},"19":{"start":{"line":209,"column":28},"end":{"line":209,"column":37}},"20":{"start":{"line":210,"column":15},"end":{"line":210,"column":22}},"21":{"start":{"line":212,"column":2},"end":{"line":214,"column":3}},"22":{"start":{"line":213,"column":4},"end":{"line":213,"column":63}},"23":{"start":{"line":213,"column":32},"end":{"line":213,"column":61}},"24":{"start":{"line":216,"column":2},"end":{"line":218,"column":3}},"25":{"start":{"line":217,"column":4},"end":{"line":217,"column":46}},"26":{"start":{"line":220,"column":2},"end":{"line":220,"column":19}},"27":{"start":{"line":223,"column":0},"end":{"line":227,"column":3}},"28":{"start":{"line":224,"column":17},"end":{"line":224,"column":68}},"29":{"start":{"line":224,"column":35},"end":{"line":224,"column":67}},"30":{"start":{"line":225,"column":2},"end":{"line":225,"column":74}},"31":{"start":{"line":225,"column":15},"end":{"line":225,"column":74}},"32":{"start":{"line":226,"column":2},"end":{"line":226,"column":19}},"33":{"start":{"line":229,"column":0},"end":{"line":232,"column":3}},"34":{"start":{"line":230,"column":22},"end":{"line":230,"column":83}},"35":{"start":{"line":230,"column":42},"end":{"line":230,"column":82}},"36":{"start":{"line":231,"column":2},"end":{"line":231,"column":24}},"37":{"start":{"line":235,"column":0},"end":{"line":267,"column":3}},"38":{"start":{"line":236,"column":17},"end":{"line":236,"column":44}},"39":{"start":{"line":237,"column":22},"end":{"line":237,"column":62}},"40":{"start":{"line":237,"column":42},"end":{"line":237,"column":61}},"41":{"start":{"line":239,"column":2},"end":{"line":241,"column":3}},"42":{"start":{"line":240,"column":4},"end":{"line":240,"column":72}},"43":{"start":{"line":243,"column":26},"end":{"line":243,"column":65}},"44":{"start":{"line":243,"column":47},"end":{"line":243,"column":64}},"45":{"start":{"line":244,"column":26},"end":{"line":244,"column":93}},"46":{"start":{"line":244,"column":59},"end":{"line":244,"column":64}},"47":{"start":{"line":247,"column":23},"end":{"line":247,"column":81}},"48":{"start":{"line":247,"column":48},"end":{"line":247,"column":80}},"49":{"start":{"line":248,"column":25},"end":{"line":248,"column":86}},"50":{"start":{"line":248,"column":55},"end":{"line":248,"column":60}},"51":{"start":{"line":249,"column":28},"end":{"line":249,"column":53}},"52":{"start":{"line":251,"column":25},"end":{"line":251,"column":71}},"53":{"start":{"line":251,"column":49},"end":{"line":251,"column":63}},"54":{"start":{"line":252,"column":24},"end":{"line":252,"column":67}},"55":{"start":{"line":254,"column":18},"end":{"line":264,"column":3}},"56":{"start":{"line":266,"column":2},"end":{"line":266,"column":20}},"57":{"start":{"line":270,"column":2},"end":{"line":270,"column":48}},"58":{"start":{"line":270,"column":32},"end":{"line":270,"column":48}},"59":{"start":{"line":271,"column":21},"end":{"line":271,"column":62}},"60":{"start":{"line":271,"column":44},"end":{"line":271,"column":61}},"61":{"start":{"line":272,"column":16},"end":{"line":272,"column":70}},"62":{"start":{"line":273,"column":17},"end":{"line":273,"column":68}},"63":{"start":{"line":274,"column":19},"end":{"line":274,"column":66}},"64":{"start":{"line":274,"column":42},"end":{"line":274,"column":47}},"65":{"start":{"line":275,"column":20},"end":{"line":275,"column":69}},"66":{"start":{"line":275,"column":44},"end":{"line":275,"column":49}},"67":{"start":{"line":277,"column":2},"end":{"line":277,"column":53}},"68":{"start":{"line":277,"column":34},"end":{"line":277,"column":53}},"69":{"start":{"line":278,"column":2},"end":{"line":278,"column":53}},"70":{"start":{"line":278,"column":34},"end":{"line":278,"column":53}},"71":{"start":{"line":279,"column":2},"end":{"line":279,"column":18}},"72":{"start":{"line":283,"column":0},"end":{"line":477,"column":3}},"73":{"start":{"line":284,"column":91},"end":{"line":284,"column":99}},"74":{"start":{"line":287,"column":22},"end":{"line":287,"column":69}},"75":{"start":{"line":287,"column":42},"end":{"line":287,"column":68}},"76":{"start":{"line":289,"column":2},"end":{"line":291,"column":3}},"77":{"start":{"line":290,"column":4},"end":{"line":290,"column":75}},"78":{"start":{"line":294,"column":26},"end":{"line":294,"column":65}},"79":{"start":{"line":294,"column":47},"end":{"line":294,"column":64}},"80":{"start":{"line":295,"column":26},"end":{"line":295,"column":93}},"81":{"start":{"line":295,"column":59},"end":{"line":295,"column":64}},"82":{"start":{"line":296,"column":14},"end":{"line":296,"column":50}},"83":{"start":{"line":299,"column":23},"end":{"line":299,"column":81}},"84":{"start":{"line":299,"column":48},"end":{"line":299,"column":80}},"85":{"start":{"line":300,"column":25},"end":{"line":300,"column":86}},"86":{"start":{"line":300,"column":55},"end":{"line":300,"column":60}},"87":{"start":{"line":301,"column":28},"end":{"line":301,"column":53}},"88":{"start":{"line":302,"column":30},"end":{"line":302,"column":65}},"89":{"start":{"line":304,"column":25},"end":{"line":304,"column":71}},"90":{"start":{"line":304,"column":49},"end":{"line":304,"column":63}},"91":{"start":{"line":305,"column":24},"end":{"line":305,"column":67}},"92":{"start":{"line":308,"column":18},"end":{"line":308,"column":20}},"93":{"start":{"line":309,"column":19},"end":{"line":309,"column":20}},"94":{"start":{"line":312,"column":17},"end":{"line":312,"column":18}},"95":{"start":{"line":313,"column":23},"end":{"line":313,"column":25}},"96":{"start":{"line":314,"column":2},"end":{"line":326,"column":3}},"97":{"start":{"line":315,"column":4},"end":{"line":315,"column":17}},"98":{"start":{"line":316,"column":4},"end":{"line":316,"column":68}},"99":{"start":{"line":317,"column":9},"end":{"line":326,"column":3}},"100":{"start":{"line":318,"column":4},"end":{"line":318,"column":17}},"101":{"start":{"line":319,"column":4},"end":{"line":319,"column":65}},"102":{"start":{"line":320,"column":9},"end":{"line":326,"column":3}},"103":{"start":{"line":321,"column":4},"end":{"line":321,"column":17}},"104":{"start":{"line":322,"column":4},"end":{"line":322,"column":64}},"105":{"start":{"line":324,"column":4},"end":{"line":324,"column":17}},"106":{"start":{"line":325,"column":4},"end":{"line":325,"column":75}},"107":{"start":{"line":327,"column":2},"end":{"line":332,"column":5}},"108":{"start":{"line":333,"column":2},"end":{"line":333,"column":25}},"109":{"start":{"line":336,"column":23},"end":{"line":336,"column":24}},"110":{"start":{"line":337,"column":29},"end":{"line":337,"column":31}},"111":{"start":{"line":338,"column":2},"end":{"line":350,"column":3}},"112":{"start":{"line":339,"column":4},"end":{"line":339,"column":23}},"113":{"start":{"line":340,"column":4},"end":{"line":340,"column":61}},"114":{"start":{"line":341,"column":9},"end":{"line":350,"column":3}},"115":{"start":{"line":342,"column":4},"end":{"line":342,"column":23}},"116":{"start":{"line":343,"column":4},"end":{"line":343,"column":69}},"117":{"start":{"line":344,"column":9},"end":{"line":350,"column":3}},"118":{"start":{"line":345,"column":4},"end":{"line":345,"column":23}},"119":{"start":{"line":346,"column":4},"end":{"line":346,"column":70}},"120":{"start":{"line":348,"column":4},"end":{"line":348,"column":23}},"121":{"start":{"line":349,"column":4},"end":{"line":349,"column":65}},"122":{"start":{"line":351,"column":2},"end":{"line":356,"column":5}},"123":{"start":{"line":357,"column":2},"end":{"line":357,"column":31}},"124":{"start":{"line":360,"column":26},"end":{"line":360,"column":27}},"125":{"start":{"line":361,"column":32},"end":{"line":361,"column":34}},"126":{"start":{"line":362,"column":2},"end":{"line":374,"column":3}},"127":{"start":{"line":363,"column":4},"end":{"line":363,"column":26}},"128":{"start":{"line":364,"column":4},"end":{"line":364,"column":55}},"129":{"start":{"line":365,"column":9},"end":{"line":374,"column":3}},"130":{"start":{"line":366,"column":4},"end":{"line":366,"column":26}},"131":{"start":{"line":367,"column":4},"end":{"line":367,"column":61}},"132":{"start":{"line":368,"column":9},"end":{"line":374,"column":3}},"133":{"start":{"line":369,"column":4},"end":{"line":369,"column":26}},"134":{"start":{"line":370,"column":4},"end":{"line":370,"column":63}},"135":{"start":{"line":372,"column":4},"end":{"line":372,"column":26}},"136":{"start":{"line":373,"column":4},"end":{"line":373,"column":59}},"137":{"start":{"line":375,"column":2},"end":{"line":380,"column":5}},"138":{"start":{"line":381,"column":2},"end":{"line":381,"column":34}},"139":{"start":{"line":384,"column":24},"end":{"line":384,"column":25}},"140":{"start":{"line":385,"column":30},"end":{"line":385,"column":32}},"141":{"start":{"line":386,"column":2},"end":{"line":398,"column":3}},"142":{"start":{"line":387,"column":4},"end":{"line":387,"column":24}},"143":{"start":{"line":388,"column":4},"end":{"line":388,"column":55}},"144":{"start":{"line":389,"column":9},"end":{"line":398,"column":3}},"145":{"start":{"line":390,"column":4},"end":{"line":390,"column":24}},"146":{"start":{"line":391,"column":4},"end":{"line":391,"column":56}},"147":{"start":{"line":392,"column":9},"end":{"line":398,"column":3}},"148":{"start":{"line":393,"column":4},"end":{"line":393,"column":24}},"149":{"start":{"line":394,"column":4},"end":{"line":394,"column":61}},"150":{"start":{"line":396,"column":4},"end":{"line":396,"column":24}},"151":{"start":{"line":397,"column":4},"end":{"line":397,"column":51}},"152":{"start":{"line":399,"column":2},"end":{"line":404,"column":5}},"153":{"start":{"line":405,"column":2},"end":{"line":405,"column":32}},"154":{"start":{"line":408,"column":23},"end":{"line":408,"column":24}},"155":{"start":{"line":409,"column":29},"end":{"line":409,"column":31}},"156":{"start":{"line":410,"column":2},"end":{"line":422,"column":3}},"157":{"start":{"line":411,"column":4},"end":{"line":411,"column":23}},"158":{"start":{"line":412,"column":4},"end":{"line":412,"column":61}},"159":{"start":{"line":413,"column":9},"end":{"line":422,"column":3}},"160":{"start":{"line":414,"column":4},"end":{"line":414,"column":23}},"161":{"start":{"line":415,"column":4},"end":{"line":415,"column":58}},"162":{"start":{"line":416,"column":9},"end":{"line":422,"column":3}},"163":{"start":{"line":417,"column":4},"end":{"line":417,"column":23}},"164":{"start":{"line":418,"column":4},"end":{"line":418,"column":56}},"165":{"start":{"line":420,"column":4},"end":{"line":420,"column":23}},"166":{"start":{"line":421,"column":4},"end":{"line":421,"column":53}},"167":{"start":{"line":423,"column":2},"end":{"line":428,"column":5}},"168":{"start":{"line":429,"column":2},"end":{"line":429,"column":31}},"169":{"start":{"line":432,"column":27},"end":{"line":432,"column":29}},"170":{"start":{"line":433,"column":20},"end":{"line":433,"column":25}},"171":{"start":{"line":434,"column":2},"end":{"line":438,"column":3}},"172":{"start":{"line":435,"column":4},"end":{"line":435,"column":25}},"173":{"start":{"line":436,"column":9},"end":{"line":438,"column":3}},"174":{"start":{"line":437,"column":4},"end":{"line":437,"column":27}},"175":{"start":{"line":441,"column":19},"end":{"line":441,"column":25}},"176":{"start":{"line":442,"column":2},"end":{"line":446,"column":3}},"177":{"start":{"line":443,"column":4},"end":{"line":443,"column":23}},"178":{"start":{"line":444,"column":9},"end":{"line":446,"column":3}},"179":{"start":{"line":445,"column":4},"end":{"line":445,"column":26}},"180":{"start":{"line":449,"column":26},"end":{"line":455,"column":3}},"181":{"start":{"line":457,"column":21},"end":{"line":474,"column":3}},"182":{"start":{"line":476,"column":2},"end":{"line":476,"column":23}},"183":{"start":{"line":480,"column":26},"end":{"line":480,"column":28}},"184":{"start":{"line":481,"column":11},"end":{"line":481,"column":12}},"185":{"start":{"line":483,"column":31},"end":{"line":483,"column":82}},"186":{"start":{"line":483,"column":49},"end":{"line":483,"column":81}},"187":{"start":{"line":484,"column":2},"end":{"line":495,"column":3}},"188":{"start":{"line":485,"column":25},"end":{"line":485,"column":54}},"189":{"start":{"line":486,"column":4},"end":{"line":494,"column":7}},"190":{"start":{"line":497,"column":26},"end":{"line":497,"column":78}},"191":{"start":{"line":497,"column":44},"end":{"line":497,"column":77}},"192":{"start":{"line":498,"column":2},"end":{"line":508,"column":3}},"193":{"start":{"line":499,"column":4},"end":{"line":507,"column":7}},"194":{"start":{"line":510,"column":29},"end":{"line":510,"column":78}},"195":{"start":{"line":510,"column":47},"end":{"line":510,"column":77}},"196":{"start":{"line":511,"column":2},"end":{"line":522,"column":3}},"197":{"start":{"line":512,"column":29},"end":{"line":512,"column":81}},"198":{"start":{"line":513,"column":4},"end":{"line":521,"column":7}},"199":{"start":{"line":524,"column":27},"end":{"line":524,"column":80}},"200":{"start":{"line":524,"column":45},"end":{"line":524,"column":79}},"201":{"start":{"line":525,"column":2},"end":{"line":535,"column":3}},"202":{"start":{"line":526,"column":4},"end":{"line":534,"column":7}},"203":{"start":{"line":537,"column":26},"end":{"line":537,"column":75}},"204":{"start":{"line":537,"column":44},"end":{"line":537,"column":74}},"205":{"start":{"line":538,"column":2},"end":{"line":548,"column":3}},"206":{"start":{"line":539,"column":4},"end":{"line":547,"column":7}},"207":{"start":{"line":551,"column":2},"end":{"line":561,"column":3}},"208":{"start":{"line":552,"column":4},"end":{"line":560,"column":7}},"209":{"start":{"line":563,"column":2},"end":{"line":563,"column":25}},"210":{"start":{"line":567,"column":0},"end":{"line":567,"column":21}},"211":{"start":{"line":570,"column":0},"end":{"line":583,"column":1}},"212":{"start":{"line":571,"column":2},"end":{"line":582,"column":5}},"213":{"start":{"line":572,"column":4},"end":{"line":572,"column":74}},"214":{"start":{"line":573,"column":4},"end":{"line":573,"column":37}},"215":{"start":{"line":574,"column":4},"end":{"line":574,"column":39}},"216":{"start":{"line":575,"column":4},"end":{"line":575,"column":38}},"217":{"start":{"line":576,"column":4},"end":{"line":576,"column":42}},"218":{"start":{"line":577,"column":4},"end":{"line":577,"column":40}},"219":{"start":{"line":578,"column":4},"end":{"line":578,"column":44}},"220":{"start":{"line":579,"column":4},"end":{"line":579,"column":54}},"221":{"start":{"line":580,"column":4},"end":{"line":580,"column":48}},"222":{"start":{"line":581,"column":4},"end":{"line":581,"column":57}}},"fnMap":{"0":{"name":"(anonymous_0)","decl":{"start":{"line":192,"column":23},"end":{"line":192,"column":24}},"loc":{"start":{"line":192,"column":37},"end":{"line":194,"column":1}},"line":192},"1":{"name":"(anonymous_1)","decl":{"start":{"line":197,"column":22},"end":{"line":197,"column":23}},"loc":{"start":{"line":197,"column":36},"end":{"line":199,"column":1}},"line":197},"2":{"name":"(anonymous_2)","decl":{"start":{"line":201,"column":26},"end":{"line":201,"column":27}},"loc":{"start":{"line":201,"column":40},"end":{"line":205,"column":1}},"line":201},"3":{"name":"(anonymous_3)","decl":{"start":{"line":202,"column":26},"end":{"line":202,"column":27}},"loc":{"start":{"line":202,"column":31},"end":{"line":202,"column":63}},"line":202},"4":{"name":"(anonymous_4)","decl":{"start":{"line":208,"column":24},"end":{"line":208,"column":25}},"loc":{"start":{"line":208,"column":38},"end":{"line":221,"column":1}},"line":208},"5":{"name":"(anonymous_5)","decl":{"start":{"line":213,"column":27},"end":{"line":213,"column":28}},"loc":{"start":{"line":213,"column":32},"end":{"line":213,"column":61}},"line":213},"6":{"name":"(anonymous_6)","decl":{"start":{"line":223,"column":28},"end":{"line":223,"column":29}},"loc":{"start":{"line":223,"column":42},"end":{"line":227,"column":1}},"line":223},"7":{"name":"(anonymous_7)","decl":{"start":{"line":224,"column":30},"end":{"line":224,"column":31}},"loc":{"start":{"line":224,"column":35},"end":{"line":224,"column":67}},"line":224},"8":{"name":"(anonymous_8)","decl":{"start":{"line":229,"column":38},"end":{"line":229,"column":39}},"loc":{"start":{"line":229,"column":52},"end":{"line":232,"column":1}},"line":229},"9":{"name":"(anonymous_9)","decl":{"start":{"line":230,"column":37},"end":{"line":230,"column":38}},"loc":{"start":{"line":230,"column":42},"end":{"line":230,"column":82}},"line":230},"10":{"name":"(anonymous_10)","decl":{"start":{"line":235,"column":32},"end":{"line":235,"column":33}},"loc":{"start":{"line":235,"column":46},"end":{"line":267,"column":1}},"line":235},"11":{"name":"(anonymous_11)","decl":{"start":{"line":237,"column":37},"end":{"line":237,"column":38}},"loc":{"start":{"line":237,"column":42},"end":{"line":237,"column":61}},"line":237},"12":{"name":"(anonymous_12)","decl":{"start":{"line":243,"column":42},"end":{"line":243,"column":43}},"loc":{"start":{"line":243,"column":47},"end":{"line":243,"column":64}},"line":243},"13":{"name":"(anonymous_13)","decl":{"start":{"line":244,"column":49},"end":{"line":244,"column":50}},"loc":{"start":{"line":244,"column":59},"end":{"line":244,"column":64}},"line":244},"14":{"name":"(anonymous_14)","decl":{"start":{"line":247,"column":43},"end":{"line":247,"column":44}},"loc":{"start":{"line":247,"column":48},"end":{"line":247,"column":80}},"line":247},"15":{"name":"(anonymous_15)","decl":{"start":{"line":248,"column":45},"end":{"line":248,"column":46}},"loc":{"start":{"line":248,"column":55},"end":{"line":248,"column":60}},"line":248},"16":{"name":"(anonymous_16)","decl":{"start":{"line":251,"column":44},"end":{"line":251,"column":45}},"loc":{"start":{"line":251,"column":49},"end":{"line":251,"column":63}},"line":251},"17":{"name":"calculateTrend","decl":{"start":{"line":269,"column":9},"end":{"line":269,"column":23}},"loc":{"start":{"line":269,"column":39},"end":{"line":280,"column":1}},"line":269},"18":{"name":"(anonymous_18)","decl":{"start":{"line":271,"column":39},"end":{"line":271,"column":40}},"loc":{"start":{"line":271,"column":44},"end":{"line":271,"column":61}},"line":271},"19":{"name":"(anonymous_19)","decl":{"start":{"line":274,"column":32},"end":{"line":274,"column":33}},"loc":{"start":{"line":274,"column":42},"end":{"line":274,"column":47}},"line":274},"20":{"name":"(anonymous_20)","decl":{"start":{"line":275,"column":34},"end":{"line":275,"column":35}},"loc":{"start":{"line":275,"column":44},"end":{"line":275,"column":49}},"line":275},"21":{"name":"(anonymous_21)","decl":{"start":{"line":283,"column":42},"end":{"line":283,"column":43}},"loc":{"start":{"line":283,"column":56},"end":{"line":477,"column":1}},"line":283},"22":{"name":"(anonymous_22)","decl":{"start":{"line":287,"column":37},"end":{"line":287,"column":38}},"loc":{"start":{"line":287,"column":42},"end":{"line":287,"column":68}},"line":287},"23":{"name":"(anonymous_23)","decl":{"start":{"line":294,"column":42},"end":{"line":294,"column":43}},"loc":{"start":{"line":294,"column":47},"end":{"line":294,"column":64}},"line":294},"24":{"name":"(anonymous_24)","decl":{"start":{"line":295,"column":49},"end":{"line":295,"column":50}},"loc":{"start":{"line":295,"column":59},"end":{"line":295,"column":64}},"line":295},"25":{"name":"(anonymous_25)","decl":{"start":{"line":299,"column":43},"end":{"line":299,"column":44}},"loc":{"start":{"line":299,"column":48},"end":{"line":299,"column":80}},"line":299},"26":{"name":"(anonymous_26)","decl":{"start":{"line":300,"column":45},"end":{"line":300,"column":46}},"loc":{"start":{"line":300,"column":55},"end":{"line":300,"column":60}},"line":300},"27":{"name":"(anonymous_27)","decl":{"start":{"line":304,"column":44},"end":{"line":304,"column":45}},"loc":{"start":{"line":304,"column":49},"end":{"line":304,"column":63}},"line":304},"28":{"name":"generateRecommendations","decl":{"start":{"line":479,"column":9},"end":{"line":479,"column":32}},"loc":{"start":{"line":479,"column":98},"end":{"line":564,"column":1}},"line":479},"29":{"name":"(anonymous_29)","decl":{"start":{"line":483,"column":44},"end":{"line":483,"column":45}},"loc":{"start":{"line":483,"column":49},"end":{"line":483,"column":81}},"line":483},"30":{"name":"(anonymous_30)","decl":{"start":{"line":497,"column":39},"end":{"line":497,"column":40}},"loc":{"start":{"line":497,"column":44},"end":{"line":497,"column":77}},"line":497},"31":{"name":"(anonymous_31)","decl":{"start":{"line":510,"column":42},"end":{"line":510,"column":43}},"loc":{"start":{"line":510,"column":47},"end":{"line":510,"column":77}},"line":510},"32":{"name":"(anonymous_32)","decl":{"start":{"line":524,"column":40},"end":{"line":524,"column":41}},"loc":{"start":{"line":524,"column":45},"end":{"line":524,"column":79}},"line":524},"33":{"name":"(anonymous_33)","decl":{"start":{"line":537,"column":39},"end":{"line":537,"column":40}},"loc":{"start":{"line":537,"column":44},"end":{"line":537,"column":74}},"line":537},"34":{"name":"(anonymous_34)","decl":{"start":{"line":571,"column":19},"end":{"line":571,"column":20}},"loc":{"start":{"line":571,"column":25},"end":{"line":582,"column":3}},"line":571}},"branchMap":{"0":{"loc":{"start":{"line":203,"column":2},"end":{"line":203,"column":70}},"type":"if","locations":[{"start":{"line":203,"column":2},"end":{"line":203,"column":70}},{"start":{},"end":{}}],"line":203},"1":{"loc":{"start":{"line":212,"column":2},"end":{"line":214,"column":3}},"type":"if","locations":[{"start":{"line":212,"column":2},"end":{"line":214,"column":3}},{"start":{},"end":{}}],"line":212},"2":{"loc":{"start":{"line":216,"column":2},"end":{"line":218,"column":3}},"type":"if","locations":[{"start":{"line":216,"column":2},"end":{"line":218,"column":3}},{"start":{},"end":{}}],"line":216},"3":{"loc":{"start":{"line":225,"column":2},"end":{"line":225,"column":74}},"type":"if","locations":[{"start":{"line":225,"column":2},"end":{"line":225,"column":74}},{"start":{},"end":{}}],"line":225},"4":{"loc":{"start":{"line":239,"column":2},"end":{"line":241,"column":3}},"type":"if","locations":[{"start":{"line":239,"column":2},"end":{"line":241,"column":3}},{"start":{},"end":{}}],"line":239},"5":{"loc":{"start":{"line":270,"column":2},"end":{"line":270,"column":48}},"type":"if","locations":[{"start":{"line":270,"column":2},"end":{"line":270,"column":48}},{"start":{},"end":{}}],"line":270},"6":{"loc":{"start":{"line":277,"column":2},"end":{"line":277,"column":53}},"type":"if","locations":[{"start":{"line":277,"column":2},"end":{"line":277,"column":53}},{"start":{},"end":{}}],"line":277},"7":{"loc":{"start":{"line":278,"column":2},"end":{"line":278,"column":53}},"type":"if","locations":[{"start":{"line":278,"column":2},"end":{"line":278,"column":53}},{"start":{},"end":{}}],"line":278},"8":{"loc":{"start":{"line":287,"column":56},"end":{"line":287,"column":67}},"type":"binary-expr","locations":[{"start":{"line":287,"column":56},"end":{"line":287,"column":62}},{"start":{"line":287,"column":66},"end":{"line":287,"column":67}}],"line":287},"9":{"loc":{"start":{"line":289,"column":2},"end":{"line":291,"column":3}},"type":"if","locations":[{"start":{"line":289,"column":2},"end":{"line":291,"column":3}},{"start":{},"end":{}}],"line":289},"10":{"loc":{"start":{"line":314,"column":2},"end":{"line":326,"column":3}},"type":"if","locations":[{"start":{"line":314,"column":2},"end":{"line":326,"column":3}},{"start":{"line":317,"column":9},"end":{"line":326,"column":3}}],"line":314},"11":{"loc":{"start":{"line":317,"column":9},"end":{"line":326,"column":3}},"type":"if","locations":[{"start":{"line":317,"column":9},"end":{"line":326,"column":3}},{"start":{"line":320,"column":9},"end":{"line":326,"column":3}}],"line":317},"12":{"loc":{"start":{"line":320,"column":9},"end":{"line":326,"column":3}},"type":"if","locations":[{"start":{"line":320,"column":9},"end":{"line":326,"column":3}},{"start":{"line":323,"column":9},"end":{"line":326,"column":3}}],"line":320},"13":{"loc":{"start":{"line":338,"column":2},"end":{"line":350,"column":3}},"type":"if","locations":[{"start":{"line":338,"column":2},"end":{"line":350,"column":3}},{"start":{"line":341,"column":9},"end":{"line":350,"column":3}}],"line":338},"14":{"loc":{"start":{"line":341,"column":9},"end":{"line":350,"column":3}},"type":"if","locations":[{"start":{"line":341,"column":9},"end":{"line":350,"column":3}},{"start":{"line":344,"column":9},"end":{"line":350,"column":3}}],"line":341},"15":{"loc":{"start":{"line":344,"column":9},"end":{"line":350,"column":3}},"type":"if","locations":[{"start":{"line":344,"column":9},"end":{"line":350,"column":3}},{"start":{"line":347,"column":9},"end":{"line":350,"column":3}}],"line":344},"16":{"loc":{"start":{"line":362,"column":2},"end":{"line":374,"column":3}},"type":"if","locations":[{"start":{"line":362,"column":2},"end":{"line":374,"column":3}},{"start":{"line":365,"column":9},"end":{"line":374,"column":3}}],"line":362},"17":{"loc":{"start":{"line":365,"column":9},"end":{"line":374,"column":3}},"type":"if","locations":[{"start":{"line":365,"column":9},"end":{"line":374,"column":3}},{"start":{"line":368,"column":9},"end":{"line":374,"column":3}}],"line":365},"18":{"loc":{"start":{"line":368,"column":9},"end":{"line":374,"column":3}},"type":"if","locations":[{"start":{"line":368,"column":9},"end":{"line":374,"column":3}},{"start":{"line":371,"column":9},"end":{"line":374,"column":3}}],"line":368},"19":{"loc":{"start":{"line":386,"column":2},"end":{"line":398,"column":3}},"type":"if","locations":[{"start":{"line":386,"column":2},"end":{"line":398,"column":3}},{"start":{"line":389,"column":9},"end":{"line":398,"column":3}}],"line":386},"20":{"loc":{"start":{"line":389,"column":9},"end":{"line":398,"column":3}},"type":"if","locations":[{"start":{"line":389,"column":9},"end":{"line":398,"column":3}},{"start":{"line":392,"column":9},"end":{"line":398,"column":3}}],"line":389},"21":{"loc":{"start":{"line":392,"column":9},"end":{"line":398,"column":3}},"type":"if","locations":[{"start":{"line":392,"column":9},"end":{"line":398,"column":3}},{"start":{"line":395,"column":9},"end":{"line":398,"column":3}}],"line":392},"22":{"loc":{"start":{"line":410,"column":2},"end":{"line":422,"column":3}},"type":"if","locations":[{"start":{"line":410,"column":2},"end":{"line":422,"column":3}},{"start":{"line":413,"column":9},"end":{"line":422,"column":3}}],"line":410},"23":{"loc":{"start":{"line":413,"column":9},"end":{"line":422,"column":3}},"type":"if","locations":[{"start":{"line":413,"column":9},"end":{"line":422,"column":3}},{"start":{"line":416,"column":9},"end":{"line":422,"column":3}}],"line":413},"24":{"loc":{"start":{"line":416,"column":9},"end":{"line":422,"column":3}},"type":"if","locations":[{"start":{"line":416,"column":9},"end":{"line":422,"column":3}},{"start":{"line":419,"column":9},"end":{"line":422,"column":3}}],"line":416},"25":{"loc":{"start":{"line":434,"column":2},"end":{"line":438,"column":3}},"type":"if","locations":[{"start":{"line":434,"column":2},"end":{"line":438,"column":3}},{"start":{"line":436,"column":9},"end":{"line":438,"column":3}}],"line":434},"26":{"loc":{"start":{"line":436,"column":9},"end":{"line":438,"column":3}},"type":"if","locations":[{"start":{"line":436,"column":9},"end":{"line":438,"column":3}},{"start":{},"end":{}}],"line":436},"27":{"loc":{"start":{"line":442,"column":2},"end":{"line":446,"column":3}},"type":"if","locations":[{"start":{"line":442,"column":2},"end":{"line":446,"column":3}},{"start":{"line":444,"column":9},"end":{"line":446,"column":3}}],"line":442},"28":{"loc":{"start":{"line":444,"column":9},"end":{"line":446,"column":3}},"type":"if","locations":[{"start":{"line":444,"column":9},"end":{"line":446,"column":3}},{"start":{},"end":{}}],"line":444},"29":{"loc":{"start":{"line":484,"column":2},"end":{"line":495,"column":3}},"type":"if","locations":[{"start":{"line":484,"column":2},"end":{"line":495,"column":3}},{"start":{},"end":{}}],"line":484},"30":{"loc":{"start":{"line":484,"column":6},"end":{"line":484,"column":61}},"type":"binary-expr","locations":[{"start":{"line":484,"column":6},"end":{"line":484,"column":26}},{"start":{"line":484,"column":30},"end":{"line":484,"column":61}}],"line":484},"31":{"loc":{"start":{"line":490,"column":16},"end":{"line":490,"column":70}},"type":"cond-expr","locations":[{"start":{"line":490,"column":51},"end":{"line":490,"column":61}},{"start":{"line":490,"column":64},"end":{"line":490,"column":70}}],"line":490},"32":{"loc":{"start":{"line":498,"column":2},"end":{"line":508,"column":3}},"type":"if","locations":[{"start":{"line":498,"column":2},"end":{"line":508,"column":3}},{"start":{},"end":{}}],"line":498},"33":{"loc":{"start":{"line":498,"column":6},"end":{"line":498,"column":51}},"type":"binary-expr","locations":[{"start":{"line":498,"column":6},"end":{"line":498,"column":21}},{"start":{"line":498,"column":25},"end":{"line":498,"column":51}}],"line":498},"34":{"loc":{"start":{"line":511,"column":2},"end":{"line":522,"column":3}},"type":"if","locations":[{"start":{"line":511,"column":2},"end":{"line":522,"column":3}},{"start":{},"end":{}}],"line":511},"35":{"loc":{"start":{"line":511,"column":6},"end":{"line":511,"column":57}},"type":"binary-expr","locations":[{"start":{"line":511,"column":6},"end":{"line":511,"column":24}},{"start":{"line":511,"column":28},"end":{"line":511,"column":57}}],"line":511},"36":{"loc":{"start":{"line":517,"column":16},"end":{"line":517,"column":65}},"type":"cond-expr","locations":[{"start":{"line":517,"column":48},"end":{"line":517,"column":54}},{"start":{"line":517,"column":57},"end":{"line":517,"column":65}}],"line":517},"37":{"loc":{"start":{"line":525,"column":2},"end":{"line":535,"column":3}},"type":"if","locations":[{"start":{"line":525,"column":2},"end":{"line":535,"column":3}},{"start":{},"end":{}}],"line":525},"38":{"loc":{"start":{"line":525,"column":6},"end":{"line":525,"column":53}},"type":"binary-expr","locations":[{"start":{"line":525,"column":6},"end":{"line":525,"column":22}},{"start":{"line":525,"column":26},"end":{"line":525,"column":53}}],"line":525},"39":{"loc":{"start":{"line":530,"column":16},"end":{"line":530,"column":64}},"type":"cond-expr","locations":[{"start":{"line":530,"column":47},"end":{"line":530,"column":53}},{"start":{"line":530,"column":56},"end":{"line":530,"column":64}}],"line":530},"40":{"loc":{"start":{"line":538,"column":2},"end":{"line":548,"column":3}},"type":"if","locations":[{"start":{"line":538,"column":2},"end":{"line":548,"column":3}},{"start":{},"end":{}}],"line":538},"41":{"loc":{"start":{"line":538,"column":6},"end":{"line":538,"column":51}},"type":"binary-expr","locations":[{"start":{"line":538,"column":6},"end":{"line":538,"column":21}},{"start":{"line":538,"column":25},"end":{"line":538,"column":51}}],"line":538},"42":{"loc":{"start":{"line":551,"column":2},"end":{"line":561,"column":3}},"type":"if","locations":[{"start":{"line":551,"column":2},"end":{"line":561,"column":3}},{"start":{},"end":{}}],"line":551},"43":{"loc":{"start":{"line":570,"column":0},"end":{"line":583,"column":1}},"type":"if","locations":[{"start":{"line":570,"column":0},"end":{"line":583,"column":1}},{"start":{},"end":{}}],"line":570}},"s":{"0":1,"1":1,"2":1,"3":1,"4":1,"5":1,"6":1,"7":1,"8":1,"9":2,"10":1,"11":4,"12":1,"13":4,"14":6,"15":4,"16":2,"17":2,"18":1,"19":4,"20":4,"21":4,"22":0,"23":0,"24":4,"25":0,"26":4,"27":1,"28":2,"29":11,"30":2,"31":1,"32":1,"33":1,"34":2,"35":20,"36":2,"37":1,"38":3,"39":3,"40":30,"41":3,"42":1,"43":2,"44":20,"45":2,"46":20,"47":2,"48":20,"49":2,"50":20,"51":2,"52":2,"53":20,"54":2,"55":2,"56":2,"57":2,"58":0,"59":2,"60":10,"61":2,"62":2,"63":2,"64":4,"65":2,"66":6,"67":2,"68":2,"69":0,"70":0,"71":0,"72":1,"73":12,"74":12,"75":120,"76":12,"77":0,"78":12,"79":120,"80":12,"81":120,"82":12,"83":12,"84":120,"85":12,"86":120,"87":12,"88":12,"89":12,"90":120,"91":12,"92":12,"93":12,"94":12,"95":12,"96":12,"97":0,"98":0,"99":12,"100":0,"101":0,"102":12,"103":10,"104":10,"105":2,"106":2,"107":12,"108":12,"109":12,"110":12,"111":12,"112":12,"113":12,"114":0,"115":0,"116":0,"117":0,"118":0,"119":0,"120":0,"121":0,"122":12,"123":12,"124":12,"125":12,"126":12,"127":0,"128":0,"129":12,"130":0,"131":0,"132":12,"133":0,"134":0,"135":12,"136":12,"137":12,"138":12,"139":12,"140":12,"141":12,"142":0,"143":0,"144":12,"145":10,"146":10,"147":2,"148":1,"149":1,"150":1,"151":1,"152":12,"153":12,"154":12,"155":12,"156":12,"157":0,"158":0,"159":12,"160":0,"161":0,"162":12,"163":12,"164":12,"165":0,"166":0,"167":12,"168":12,"169":12,"170":12,"171":12,"172":2,"173":10,"174":10,"175":12,"176":12,"177":0,"178":12,"179":0,"180":12,"181":12,"182":12,"183":12,"184":12,"185":12,"186":12,"187":12,"188":12,"189":12,"190":12,"191":24,"192":12,"193":0,"194":12,"195":36,"196":12,"197":12,"198":12,"199":12,"200":48,"201":12,"202":2,"203":12,"204":60,"205":12,"206":12,"207":12,"208":12,"209":12,"210":1,"211":1,"212":0,"213":0,"214":0,"215":0,"216":0,"217":0,"218":0,"219":0,"220":0,"221":0,"222":0},"f":{"0":2,"1":4,"2":4,"3":6,"4":4,"5":0,"6":2,"7":11,"8":2,"9":20,"10":3,"11":30,"12":20,"13":20,"14":20,"15":20,"16":20,"17":2,"18":10,"19":4,"20":6,"21":12,"22":120,"23":120,"24":120,"25":120,"26":120,"27":120,"28":12,"29":12,"30":24,"31":36,"32":48,"33":60,"34":0},"b":{"0":[2,2],"1":[0,4],"2":[0,4],"3":[1,1],"4":[1,2],"5":[0,2],"6":[2,0],"7":[0,0],"8":[120,0],"9":[0,12],"10":[0,12],"11":[0,12],"12":[10,2],"13":[12,0],"14":[0,0],"15":[0,0],"16":[0,12],"17":[0,12],"18":[0,12],"19":[0,12],"20":[10,2],"21":[1,1],"22":[0,12],"23":[0,12],"24":[12,0],"25":[2,10],"26":[10,0],"27":[0,12],"28":[0,12],"29":[12,0],"30":[12,12],"31":[2,10],"32":[0,12],"33":[12,12],"34":[12,0],"35":[12,12],"36":[12,0],"37":[2,10],"38":[12,12],"39":[1,1],"40":[12,0],"41":[12,12],"42":[12,0],"43":[0,1]},"_coverageSchema":"1a1c01bbd47fc00a2c39e90264f33305004495a9","hash":"72f497fc18a1c721bac11becb8e58758f1aefed0"}
}
