TN:
SF:server.js
FN:20,(anonymous_0)
FN:208,(anonymous_1)
FN:213,(anonymous_2)
FN:217,(anonymous_3)
FN:218,(anonymous_4)
FN:224,(anonymous_5)
FN:229,(anonymous_6)
FN:239,(anonymous_7)
FN:240,(anonymous_8)
FN:245,(anonymous_9)
FN:246,(anonymous_10)
FN:251,(anonymous_11)
FN:253,(anonymous_12)
FN:259,(anonymous_13)
FN:260,(anonymous_14)
FN:263,(anonymous_15)
FN:264,(anonymous_16)
FN:267,(anonymous_17)
FN:285,calculateTrend
FN:287,(anonymous_19)
FN:290,(anonymous_20)
FN:291,(anonymous_21)
FN:299,(anonymous_22)
FN:303,(anonymous_23)
FN:310,(anonymous_24)
FN:311,(anonymous_25)
FN:315,(anonymous_26)
FN:316,(anonymous_27)
FN:320,(anonymous_28)
FN:495,generateRecommendations
FN:499,(anonymous_30)
FN:513,(anonymous_31)
FN:526,(anonymous_32)
FN:540,(anonymous_33)
FN:553,(anonymous_34)
FN:615,(anonymous_35)
FN:620,(anonymous_36)
FN:621,(anonymous_37)
FN:627,(anonymous_38)
FN:628,(anonymous_39)
FN:629,(anonymous_40)
FN:630,(anonymous_41)
FN:631,(anonymous_42)
FN:644,(anonymous_43)
FN:645,(anonymous_44)
FN:658,(anonymous_45)
FN:659,(anonymous_46)
FN:671,(anonymous_47)
FN:672,(anonymous_48)
FN:681,(anonymous_49)
FN:682,(anonymous_50)
FN:689,calculateFeasibilityScore
FN:748,(anonymous_52)
FN:749,(anonymous_53)
FN:761,(anonymous_54)
FN:762,(anonymous_55)
FN:768,(anonymous_56)
FN:769,(anonymous_57)
FN:774,(anonymous_58)
FN:775,(anonymous_59)
FN:777,(anonymous_60)
FN:778,(anonymous_61)
FN:779,(anonymous_62)
FN:781,(anonymous_63)
FN:782,(anonymous_64)
FN:800,(anonymous_65)
FN:886,(anonymous_66)
FN:887,(anonymous_67)
FN:888,(anonymous_68)
FN:889,(anonymous_69)
FN:903,(anonymous_70)
FN:904,(anonymous_71)
FN:913,(anonymous_72)
FNF:73
FNH:33
FNDA:0,(anonymous_0)
FNDA:2,(anonymous_1)
FNDA:4,(anonymous_2)
FNDA:4,(anonymous_3)
FNDA:6,(anonymous_4)
FNDA:4,(anonymous_5)
FNDA:0,(anonymous_6)
FNDA:2,(anonymous_7)
FNDA:11,(anonymous_8)
FNDA:2,(anonymous_9)
FNDA:20,(anonymous_10)
FNDA:3,(anonymous_11)
FNDA:30,(anonymous_12)
FNDA:20,(anonymous_13)
FNDA:20,(anonymous_14)
FNDA:20,(anonymous_15)
FNDA:20,(anonymous_16)
FNDA:20,(anonymous_17)
FNDA:2,calculateTrend
FNDA:10,(anonymous_19)
FNDA:4,(anonymous_20)
FNDA:6,(anonymous_21)
FNDA:12,(anonymous_22)
FNDA:120,(anonymous_23)
FNDA:120,(anonymous_24)
FNDA:120,(anonymous_25)
FNDA:120,(anonymous_26)
FNDA:120,(anonymous_27)
FNDA:120,(anonymous_28)
FNDA:12,generateRecommendations
FNDA:12,(anonymous_30)
FNDA:24,(anonymous_31)
FNDA:36,(anonymous_32)
FNDA:48,(anonymous_33)
FNDA:60,(anonymous_34)
FNDA:0,(anonymous_35)
FNDA:0,(anonymous_36)
FNDA:0,(anonymous_37)
FNDA:0,(anonymous_38)
FNDA:0,(anonymous_39)
FNDA:0,(anonymous_40)
FNDA:0,(anonymous_41)
FNDA:0,(anonymous_42)
FNDA:0,(anonymous_43)
FNDA:0,(anonymous_44)
FNDA:0,(anonymous_45)
FNDA:0,(anonymous_46)
FNDA:0,(anonymous_47)
FNDA:0,(anonymous_48)
FNDA:0,(anonymous_49)
FNDA:0,(anonymous_50)
FNDA:0,calculateFeasibilityScore
FNDA:0,(anonymous_52)
FNDA:0,(anonymous_53)
FNDA:0,(anonymous_54)
FNDA:0,(anonymous_55)
FNDA:0,(anonymous_56)
FNDA:0,(anonymous_57)
FNDA:0,(anonymous_58)
FNDA:0,(anonymous_59)
FNDA:0,(anonymous_60)
FNDA:0,(anonymous_61)
FNDA:0,(anonymous_62)
FNDA:0,(anonymous_63)
FNDA:0,(anonymous_64)
FNDA:0,(anonymous_65)
FNDA:0,(anonymous_66)
FNDA:0,(anonymous_67)
FNDA:0,(anonymous_68)
FNDA:0,(anonymous_69)
FNDA:0,(anonymous_70)
FNDA:0,(anonymous_71)
FNDA:0,(anonymous_72)
DA:1,1
DA:2,1
DA:3,1
DA:4,1
DA:6,1
DA:7,1
DA:9,1
DA:10,1
DA:13,1
DA:20,1
DA:21,0
DA:22,0
DA:30,1
DA:50,1
DA:208,1
DA:209,2
DA:213,1
DA:214,4
DA:217,1
DA:218,6
DA:219,4
DA:220,2
DA:224,1
DA:225,4
DA:226,4
DA:228,4
DA:229,0
DA:232,4
DA:233,0
DA:236,4
DA:239,1
DA:240,11
DA:241,2
DA:242,1
DA:245,1
DA:246,20
DA:247,2
DA:251,1
DA:252,3
DA:253,30
DA:255,3
DA:256,1
DA:259,20
DA:260,20
DA:263,20
DA:264,20
DA:265,2
DA:267,20
DA:268,2
DA:270,2
DA:282,2
DA:286,2
DA:287,10
DA:288,2
DA:289,2
DA:290,4
DA:291,6
DA:293,2
DA:294,0
DA:295,0
DA:299,1
DA:300,12
DA:303,120
DA:305,12
DA:306,0
DA:310,120
DA:311,120
DA:312,12
DA:315,120
DA:316,120
DA:317,12
DA:318,12
DA:320,120
DA:321,12
DA:324,12
DA:325,12
DA:328,12
DA:329,12
DA:330,12
DA:331,0
DA:332,0
DA:333,12
DA:334,0
DA:335,0
DA:336,12
DA:337,10
DA:338,10
DA:340,2
DA:341,2
DA:343,12
DA:349,12
DA:352,12
DA:353,12
DA:354,12
DA:355,12
DA:356,12
DA:357,0
DA:358,0
DA:359,0
DA:360,0
DA:361,0
DA:362,0
DA:364,0
DA:365,0
DA:367,12
DA:373,12
DA:376,12
DA:377,12
DA:378,12
DA:379,0
DA:380,0
DA:381,12
DA:382,0
DA:383,0
DA:384,12
DA:385,0
DA:386,0
DA:388,12
DA:389,12
DA:391,12
DA:397,12
DA:400,12
DA:401,12
DA:402,12
DA:403,0
DA:404,0
DA:405,12
DA:406,10
DA:407,10
DA:408,2
DA:409,1
DA:410,1
DA:412,1
DA:413,1
DA:415,12
DA:421,12
DA:424,12
DA:425,12
DA:426,12
DA:427,0
DA:428,0
DA:429,12
DA:430,0
DA:431,0
DA:432,12
DA:433,12
DA:434,12
DA:436,0
DA:437,0
DA:439,12
DA:445,12
DA:448,12
DA:449,12
DA:450,12
DA:451,2
DA:452,10
DA:453,10
DA:457,12
DA:458,12
DA:459,0
DA:460,12
DA:461,0
DA:465,12
DA:473,12
DA:492,12
DA:496,12
DA:497,12
DA:499,12
DA:500,12
DA:501,12
DA:502,12
DA:513,24
DA:514,12
DA:515,0
DA:526,36
DA:527,12
DA:528,12
DA:529,12
DA:540,48
DA:541,12
DA:542,2
DA:553,60
DA:554,12
DA:555,12
DA:567,12
DA:568,12
DA:579,12
DA:583,1
DA:589,1
DA:615,1
DA:616,0
DA:620,1
DA:621,0
DA:622,0
DA:623,0
DA:627,1
DA:628,0
DA:629,0
DA:630,0
DA:631,0
DA:633,0
DA:644,1
DA:645,0
DA:646,0
DA:653,0
DA:654,0
DA:658,1
DA:659,0
DA:660,0
DA:662,0
DA:667,0
DA:671,1
DA:672,0
DA:673,0
DA:675,0
DA:676,0
DA:677,0
DA:681,1
DA:682,0
DA:683,0
DA:685,0
DA:686,0
DA:690,0
DA:691,0
DA:692,0
DA:693,0
DA:694,0
DA:695,0
DA:702,1
DA:748,1
DA:749,0
DA:750,0
DA:756,0
DA:757,0
DA:761,1
DA:762,0
DA:763,0
DA:764,0
DA:768,1
DA:769,0
DA:770,0
DA:774,1
DA:775,0
DA:776,0
DA:777,0
DA:778,0
DA:779,0
DA:781,0
DA:782,0
DA:785,0
DA:787,0
DA:800,1
DA:801,0
DA:886,1
DA:887,0
DA:888,0
DA:889,0
DA:891,0
DA:903,1
DA:904,0
DA:905,0
DA:907,0
DA:908,0
DA:912,1
DA:913,0
DA:914,0
DA:915,0
DA:916,0
DA:917,0
DA:918,0
DA:919,0
DA:920,0
DA:921,0
DA:922,0
DA:923,0
DA:924,0
DA:925,0
DA:926,0
DA:927,0
DA:928,0
DA:929,0
DA:930,0
DA:931,0
DA:932,0
DA:933,0
DA:934,0
DA:935,0
DA:936,0
DA:937,0
DA:938,0
DA:939,0
DA:940,0
DA:941,0
LF:293
LH:169
BRDA:219,0,0,2
BRDA:219,0,1,2
BRDA:228,1,0,0
BRDA:228,1,1,4
BRDA:232,2,0,0
BRDA:232,2,1,4
BRDA:241,3,0,1
BRDA:241,3,1,1
BRDA:255,4,0,1
BRDA:255,4,1,2
BRDA:286,5,0,0
BRDA:286,5,1,2
BRDA:293,6,0,2
BRDA:293,6,1,0
BRDA:294,7,0,0
BRDA:294,7,1,0
BRDA:303,8,0,120
BRDA:303,8,1,0
BRDA:305,9,0,0
BRDA:305,9,1,12
BRDA:330,10,0,0
BRDA:330,10,1,12
BRDA:333,11,0,0
BRDA:333,11,1,12
BRDA:336,12,0,10
BRDA:336,12,1,2
BRDA:354,13,0,12
BRDA:354,13,1,0
BRDA:357,14,0,0
BRDA:357,14,1,0
BRDA:360,15,0,0
BRDA:360,15,1,0
BRDA:378,16,0,0
BRDA:378,16,1,12
BRDA:381,17,0,0
BRDA:381,17,1,12
BRDA:384,18,0,0
BRDA:384,18,1,12
BRDA:402,19,0,0
BRDA:402,19,1,12
BRDA:405,20,0,10
BRDA:405,20,1,2
BRDA:408,21,0,1
BRDA:408,21,1,1
BRDA:426,22,0,0
BRDA:426,22,1,12
BRDA:429,23,0,0
BRDA:429,23,1,12
BRDA:432,24,0,12
BRDA:432,24,1,0
BRDA:450,25,0,2
BRDA:450,25,1,10
BRDA:452,26,0,10
BRDA:452,26,1,0
BRDA:458,27,0,0
BRDA:458,27,1,12
BRDA:460,28,0,0
BRDA:460,28,1,12
BRDA:500,29,0,12
BRDA:500,29,1,0
BRDA:500,30,0,12
BRDA:500,30,1,12
BRDA:506,31,0,2
BRDA:506,31,1,10
BRDA:514,32,0,0
BRDA:514,32,1,12
BRDA:514,33,0,12
BRDA:514,33,1,12
BRDA:527,34,0,12
BRDA:527,34,1,0
BRDA:527,35,0,12
BRDA:527,35,1,12
BRDA:533,36,0,12
BRDA:533,36,1,0
BRDA:541,37,0,2
BRDA:541,37,1,10
BRDA:541,38,0,12
BRDA:541,38,1,12
BRDA:546,39,0,1
BRDA:546,39,1,1
BRDA:554,40,0,12
BRDA:554,40,1,0
BRDA:554,41,0,12
BRDA:554,41,1,12
BRDA:567,42,0,12
BRDA:567,42,1,0
BRDA:622,43,0,0
BRDA:622,43,1,0
BRDA:660,44,0,0
BRDA:660,44,1,0
BRDA:673,45,0,0
BRDA:673,45,1,0
BRDA:676,46,0,0
BRDA:676,46,1,0
BRDA:683,47,0,0
BRDA:683,47,1,0
BRDA:691,48,0,0
BRDA:691,48,1,0
BRDA:692,49,0,0
BRDA:692,49,1,0
BRDA:693,50,0,0
BRDA:693,50,1,0
BRDA:694,51,0,0
BRDA:694,51,1,0
BRDA:763,52,0,0
BRDA:763,52,1,0
BRDA:785,53,0,0
BRDA:785,53,1,0
BRDA:905,54,0,0
BRDA:905,54,1,0
BRDA:912,55,0,0
BRDA:912,55,1,1
BRF:112
BRH:56
end_of_record
TN:
SF:swagger-docs.js
FNF:0
FNH:0
DA:1019,1
LF:1
LH:1
BRF:0
BRH:0
end_of_record
TN:
SF:swagger.js
FNF:0
FNH:0
DA:1,1
DA:2,1
DA:4,1
DA:60,1
DA:62,1
LF:5
LH:5
BRF:0
BRH:0
end_of_record
