TN:
SF:server.js
FN:192,(anonymous_0)
FN:197,(anonymous_1)
FN:201,(anonymous_2)
FN:202,(anonymous_3)
FN:208,(anonymous_4)
FN:213,(anonymous_5)
FN:223,(anonymous_6)
FN:224,(anonymous_7)
FN:229,(anonymous_8)
FN:230,(anonymous_9)
FN:235,(anonymous_10)
FN:237,(anonymous_11)
FN:243,(anonymous_12)
FN:244,(anonymous_13)
FN:247,(anonymous_14)
FN:248,(anonymous_15)
FN:251,(anonymous_16)
FN:269,calculateTrend
FN:271,(anonymous_18)
FN:274,(anonymous_19)
FN:275,(anonymous_20)
FN:283,(anonymous_21)
FN:287,(anonymous_22)
FN:294,(anonymous_23)
FN:295,(anonymous_24)
FN:299,(anonymous_25)
FN:300,(anonymous_26)
FN:304,(anonymous_27)
FN:479,generateRecommendations
FN:483,(anonymous_29)
FN:497,(anonymous_30)
FN:510,(anonymous_31)
FN:524,(anonymous_32)
FN:537,(anonymous_33)
FN:571,(anonymous_34)
FNF:35
FNH:33
FNDA:2,(anonymous_0)
FNDA:4,(anonymous_1)
FNDA:4,(anonymous_2)
FNDA:6,(anonymous_3)
FNDA:4,(anonymous_4)
FNDA:0,(anonymous_5)
FNDA:2,(anonymous_6)
FNDA:11,(anonymous_7)
FNDA:2,(anonymous_8)
FNDA:20,(anonymous_9)
FNDA:3,(anonymous_10)
FNDA:30,(anonymous_11)
FNDA:20,(anonymous_12)
FNDA:20,(anonymous_13)
FNDA:20,(anonymous_14)
FNDA:20,(anonymous_15)
FNDA:20,(anonymous_16)
FNDA:2,calculateTrend
FNDA:10,(anonymous_18)
FNDA:4,(anonymous_19)
FNDA:6,(anonymous_20)
FNDA:12,(anonymous_21)
FNDA:120,(anonymous_22)
FNDA:120,(anonymous_23)
FNDA:120,(anonymous_24)
FNDA:120,(anonymous_25)
FNDA:120,(anonymous_26)
FNDA:120,(anonymous_27)
FNDA:12,generateRecommendations
FNDA:12,(anonymous_29)
FNDA:24,(anonymous_30)
FNDA:36,(anonymous_31)
FNDA:48,(anonymous_32)
FNDA:60,(anonymous_33)
FNDA:0,(anonymous_34)
DA:1,1
DA:2,1
DA:3,1
DA:4,1
DA:6,1
DA:7,1
DA:14,1
DA:34,1
DA:192,1
DA:193,2
DA:197,1
DA:198,4
DA:201,1
DA:202,6
DA:203,4
DA:204,2
DA:208,1
DA:209,4
DA:210,4
DA:212,4
DA:213,0
DA:216,4
DA:217,0
DA:220,4
DA:223,1
DA:224,11
DA:225,2
DA:226,1
DA:229,1
DA:230,20
DA:231,2
DA:235,1
DA:236,3
DA:237,30
DA:239,3
DA:240,1
DA:243,20
DA:244,20
DA:247,20
DA:248,20
DA:249,2
DA:251,20
DA:252,2
DA:254,2
DA:266,2
DA:270,2
DA:271,10
DA:272,2
DA:273,2
DA:274,4
DA:275,6
DA:277,2
DA:278,0
DA:279,0
DA:283,1
DA:284,12
DA:287,120
DA:289,12
DA:290,0
DA:294,120
DA:295,120
DA:296,12
DA:299,120
DA:300,120
DA:301,12
DA:302,12
DA:304,120
DA:305,12
DA:308,12
DA:309,12
DA:312,12
DA:313,12
DA:314,12
DA:315,0
DA:316,0
DA:317,12
DA:318,0
DA:319,0
DA:320,12
DA:321,10
DA:322,10
DA:324,2
DA:325,2
DA:327,12
DA:333,12
DA:336,12
DA:337,12
DA:338,12
DA:339,12
DA:340,12
DA:341,0
DA:342,0
DA:343,0
DA:344,0
DA:345,0
DA:346,0
DA:348,0
DA:349,0
DA:351,12
DA:357,12
DA:360,12
DA:361,12
DA:362,12
DA:363,0
DA:364,0
DA:365,12
DA:366,0
DA:367,0
DA:368,12
DA:369,0
DA:370,0
DA:372,12
DA:373,12
DA:375,12
DA:381,12
DA:384,12
DA:385,12
DA:386,12
DA:387,0
DA:388,0
DA:389,12
DA:390,10
DA:391,10
DA:392,2
DA:393,1
DA:394,1
DA:396,1
DA:397,1
DA:399,12
DA:405,12
DA:408,12
DA:409,12
DA:410,12
DA:411,0
DA:412,0
DA:413,12
DA:414,0
DA:415,0
DA:416,12
DA:417,12
DA:418,12
DA:420,0
DA:421,0
DA:423,12
DA:429,12
DA:432,12
DA:433,12
DA:434,12
DA:435,2
DA:436,10
DA:437,10
DA:441,12
DA:442,12
DA:443,0
DA:444,12
DA:445,0
DA:449,12
DA:457,12
DA:476,12
DA:480,12
DA:481,12
DA:483,12
DA:484,12
DA:485,12
DA:486,12
DA:497,24
DA:498,12
DA:499,0
DA:510,36
DA:511,12
DA:512,12
DA:513,12
DA:524,48
DA:525,12
DA:526,2
DA:537,60
DA:538,12
DA:539,12
DA:551,12
DA:552,12
DA:563,12
DA:567,1
DA:570,1
DA:571,0
DA:572,0
DA:573,0
DA:574,0
DA:575,0
DA:576,0
DA:577,0
DA:578,0
DA:579,0
DA:580,0
DA:581,0
LF:194
LH:149
BRDA:203,0,0,2
BRDA:203,0,1,2
BRDA:212,1,0,0
BRDA:212,1,1,4
BRDA:216,2,0,0
BRDA:216,2,1,4
BRDA:225,3,0,1
BRDA:225,3,1,1
BRDA:239,4,0,1
BRDA:239,4,1,2
BRDA:270,5,0,0
BRDA:270,5,1,2
BRDA:277,6,0,2
BRDA:277,6,1,0
BRDA:278,7,0,0
BRDA:278,7,1,0
BRDA:287,8,0,120
BRDA:287,8,1,0
BRDA:289,9,0,0
BRDA:289,9,1,12
BRDA:314,10,0,0
BRDA:314,10,1,12
BRDA:317,11,0,0
BRDA:317,11,1,12
BRDA:320,12,0,10
BRDA:320,12,1,2
BRDA:338,13,0,12
BRDA:338,13,1,0
BRDA:341,14,0,0
BRDA:341,14,1,0
BRDA:344,15,0,0
BRDA:344,15,1,0
BRDA:362,16,0,0
BRDA:362,16,1,12
BRDA:365,17,0,0
BRDA:365,17,1,12
BRDA:368,18,0,0
BRDA:368,18,1,12
BRDA:386,19,0,0
BRDA:386,19,1,12
BRDA:389,20,0,10
BRDA:389,20,1,2
BRDA:392,21,0,1
BRDA:392,21,1,1
BRDA:410,22,0,0
BRDA:410,22,1,12
BRDA:413,23,0,0
BRDA:413,23,1,12
BRDA:416,24,0,12
BRDA:416,24,1,0
BRDA:434,25,0,2
BRDA:434,25,1,10
BRDA:436,26,0,10
BRDA:436,26,1,0
BRDA:442,27,0,0
BRDA:442,27,1,12
BRDA:444,28,0,0
BRDA:444,28,1,12
BRDA:484,29,0,12
BRDA:484,29,1,0
BRDA:484,30,0,12
BRDA:484,30,1,12
BRDA:490,31,0,2
BRDA:490,31,1,10
BRDA:498,32,0,0
BRDA:498,32,1,12
BRDA:498,33,0,12
BRDA:498,33,1,12
BRDA:511,34,0,12
BRDA:511,34,1,0
BRDA:511,35,0,12
BRDA:511,35,1,12
BRDA:517,36,0,12
BRDA:517,36,1,0
BRDA:525,37,0,2
BRDA:525,37,1,10
BRDA:525,38,0,12
BRDA:525,38,1,12
BRDA:530,39,0,1
BRDA:530,39,1,1
BRDA:538,40,0,12
BRDA:538,40,1,0
BRDA:538,41,0,12
BRDA:538,41,1,12
BRDA:551,42,0,12
BRDA:551,42,1,0
BRDA:570,43,0,0
BRDA:570,43,1,1
BRF:88
BRH:56
end_of_record
