<?xml version="1.0" encoding="utf-8"?>
<TestRun id="126684ad-7410-4278-af85-77dc8283ebe9" name="sunit@DESKTOP-6A6A1RN 2026-04-28 21:33:32" runUser="DESKTOP-6A6A1RN\sunit" xmlns="http://microsoft.com/schemas/VisualStudio/TeamTest/2010">
  <Times creation="2026-04-28T21:33:32.3923666+05:30" queuing="2026-04-28T21:33:32.3923672+05:30" start="2026-04-28T21:33:29.8787139+05:30" finish="2026-04-28T21:33:35.0376379+05:30" />
  <TestSettings name="default" id="a9f32eb8-b23e-47f5-944b-ec10a8e9cdca">
    <Deployment runDeploymentRoot="sunit_DESKTOP-6A6A1RN_2026-04-28_21_33_32" />
  </TestSettings>
  <Results>
    <UnitTestResult executionId="7657a414-3e80-470d-9285-bb9343c8aa1a" testId="c3ec664e-b665-9d50-a05f-618e3eb0cd2e" testName="SprintMonitor.Tests.Controllers.TeamsControllerTests.GetTeam_ReturnsNotFound_WhenTeamDoesNotExist" computerName="DESKTOP-6A6A1RN" duration="00:00:00.0016777" startTime="2026-04-28T21:33:32.4841962+05:30" endTime="2026-04-28T21:33:32.4841963+05:30" testType="13cdc9d9-ddb5-4fa4-a97d-d965ccfc6d4b" outcome="Passed" testListId="8c84fa94-04c1-424b-9868-57a2d4851a1d" relativeResultsDirectory="7657a414-3e80-470d-9285-bb9343c8aa1a" />
    <UnitTestResult executionId="4f83d8ca-fb20-48d5-baa7-40b2166a8a4f" testId="848551cd-4179-ae26-cc7a-4497cd3bbb1b" testName="SprintMonitor.Tests.Controllers.RiskAssessmentControllerTests.GetAssessmentHistory_ReturnsEmptyList_WhenNoAssessments" computerName="DESKTOP-6A6A1RN" duration="00:00:00.0081192" startTime="2026-04-28T21:33:32.4321040+05:30" endTime="2026-04-28T21:33:32.4321042+05:30" testType="13cdc9d9-ddb5-4fa4-a97d-d965ccfc6d4b" outcome="Passed" testListId="8c84fa94-04c1-424b-9868-57a2d4851a1d" relativeResultsDirectory="4f83d8ca-fb20-48d5-baa7-40b2166a8a4f" />
    <UnitTestResult executionId="b29b42d0-0ad8-4173-9700-fc5b96281af3" testId="bbedff67-ba3d-882d-aed5-edbd2afabb22" testName="SprintMonitor.Tests.Controllers.SprintsControllerTests.DeleteSprint_ReturnsNotFound_WhenSprintDoesNotExist" computerName="DESKTOP-6A6A1RN" duration="00:00:00.0024768" startTime="2026-04-28T21:33:32.4668267+05:30" endTime="2026-04-28T21:33:32.4668270+05:30" testType="13cdc9d9-ddb5-4fa4-a97d-d965ccfc6d4b" outcome="Passed" testListId="8c84fa94-04c1-424b-9868-57a2d4851a1d" relativeResultsDirectory="b29b42d0-0ad8-4173-9700-fc5b96281af3" />
    <UnitTestResult executionId="ba855acb-b5c2-49f6-873c-b598e65893f8" testId="f53d0607-ac0d-0f5f-8b31-9ca6abde2ea6" testName="SprintMonitor.Tests.Services.SprintServiceTests.Sprints_HaveCorrectVelocityCalculation" computerName="DESKTOP-6A6A1RN" duration="00:00:00.0027963" startTime="2026-04-28T21:33:34.3411386+05:30" endTime="2026-04-28T21:33:34.3411388+05:30" testType="13cdc9d9-ddb5-4fa4-a97d-d965ccfc6d4b" outcome="Passed" testListId="8c84fa94-04c1-424b-9868-57a2d4851a1d" relativeResultsDirectory="ba855acb-b5c2-49f6-873c-b598e65893f8" />
    <UnitTestResult executionId="c16220ba-305b-4b68-aa8e-01ba7a9b921d" testId="4854a12b-503c-28f1-240f-b9072e3d0723" testName="SprintMonitor.Tests.Services.MetricsServiceTests.CalculateMetrics_CalculatesCorrectAverageVelocity" computerName="DESKTOP-6A6A1RN" duration="00:00:00.0006109" startTime="2026-04-28T21:33:32.3739832+05:30" endTime="2026-04-28T21:33:32.3739835+05:30" testType="13cdc9d9-ddb5-4fa4-a97d-d965ccfc6d4b" outcome="Passed" testListId="8c84fa94-04c1-424b-9868-57a2d4851a1d" relativeResultsDirectory="c16220ba-305b-4b68-aa8e-01ba7a9b921d" />
    <UnitTestResult executionId="5a0532c5-9336-4564-91ba-555844239227" testId="6e1eb252-fa14-2872-0fd4-394ae13e1b8d" testName="SprintMonitor.Tests.Services.MetricsServiceTests.CalculateMetrics_ReturnsValidMetrics_WithSprintData" computerName="DESKTOP-6A6A1RN" duration="00:00:00.0007607" startTime="2026-04-28T21:33:32.3590852+05:30" endTime="2026-04-28T21:33:32.3590855+05:30" testType="13cdc9d9-ddb5-4fa4-a97d-d965ccfc6d4b" outcome="Passed" testListId="8c84fa94-04c1-424b-9868-57a2d4851a1d" relativeResultsDirectory="5a0532c5-9336-4564-91ba-555844239227" />
    <UnitTestResult executionId="27bab33b-3e1c-4388-92be-736a923245bb" testId="77abe839-4ce1-cf06-addd-77fd432a9c66" testName="SprintMonitor.Tests.Controllers.RiskAssessmentControllerTests.GetAssessment_ReturnsOk_WhenAssessmentExists" computerName="DESKTOP-6A6A1RN" duration="00:00:00.2425851" startTime="2026-04-28T21:33:32.4133258+05:30" endTime="2026-04-28T21:33:32.4133267+05:30" testType="13cdc9d9-ddb5-4fa4-a97d-d965ccfc6d4b" outcome="Passed" testListId="8c84fa94-04c1-424b-9868-57a2d4851a1d" relativeResultsDirectory="27bab33b-3e1c-4388-92be-736a923245bb" />
    <UnitTestResult executionId="4bd3b91c-8f3e-4f2f-8c28-78f8449ae437" testId="567494dc-f881-f6c9-0012-4f5a0ef9f20d" testName="SprintMonitor.Tests.Services.MetricsServiceTests.CalculateMetrics_CalculatesSpilloverRate" computerName="DESKTOP-6A6A1RN" duration="00:00:00.0008519" startTime="2026-04-28T21:33:32.2681401+05:30" endTime="2026-04-28T21:33:32.2681403+05:30" testType="13cdc9d9-ddb5-4fa4-a97d-d965ccfc6d4b" outcome="Passed" testListId="8c84fa94-04c1-424b-9868-57a2d4851a1d" relativeResultsDirectory="4bd3b91c-8f3e-4f2f-8c28-78f8449ae437" />
    <UnitTestResult executionId="659c72cf-33e8-41f7-91ef-c64434e2cd6d" testId="a2769320-77f8-23da-202a-d466476b295d" testName="SprintMonitor.Tests.Services.SprintServiceTests.GetSprintsByTeamAsync_OrdersByStartDateDescending" computerName="DESKTOP-6A6A1RN" duration="00:00:00.0024488" startTime="2026-04-28T21:33:34.3473758+05:30" endTime="2026-04-28T21:33:34.3473763+05:30" testType="13cdc9d9-ddb5-4fa4-a97d-d965ccfc6d4b" outcome="Passed" testListId="8c84fa94-04c1-424b-9868-57a2d4851a1d" relativeResultsDirectory="659c72cf-33e8-41f7-91ef-c64434e2cd6d" />
    <UnitTestResult executionId="c2b4aeda-134e-4c43-8afd-70c03b84a68d" testId="16a94fb7-926c-f763-478d-981e8fd90267" testName="SprintMonitor.Tests.Services.RiskAssessmentServiceTests.EvaluateRiskAsync_IncludesCommitmentRiskFactor" computerName="DESKTOP-6A6A1RN" duration="00:00:00.0129042" startTime="2026-04-28T21:33:34.8567161+05:30" endTime="2026-04-28T21:33:34.8567166+05:30" testType="13cdc9d9-ddb5-4fa4-a97d-d965ccfc6d4b" outcome="Passed" testListId="8c84fa94-04c1-424b-9868-57a2d4851a1d" relativeResultsDirectory="c2b4aeda-134e-4c43-8afd-70c03b84a68d" />
    <UnitTestResult executionId="bce0ed7f-6410-441d-92c9-f2fb7a4978cc" testId="ac9a534b-94fc-047e-6d1e-2f8104405a60" testName="SprintMonitor.Tests.Controllers.SprintsControllerTests.CreateSprint_ReturnsBadRequest_WhenNegativeCompletedPoints" computerName="DESKTOP-6A6A1RN" duration="00:00:00.0150906" startTime="2026-04-28T21:33:32.4354802+05:30" endTime="2026-04-28T21:33:32.4354805+05:30" testType="13cdc9d9-ddb5-4fa4-a97d-d965ccfc6d4b" outcome="Passed" testListId="8c84fa94-04c1-424b-9868-57a2d4851a1d" relativeResultsDirectory="bce0ed7f-6410-441d-92c9-f2fb7a4978cc" />
    <UnitTestResult executionId="8485ab8e-7311-418e-a09f-6bc694108fed" testId="63a2a478-aa65-1ecd-46e9-2fca1f3647d0" testName="SprintMonitor.Tests.Services.MetricsServiceTests.CalculateMetrics_HighCV_WithInconsistentVelocity" computerName="DESKTOP-6A6A1RN" duration="00:00:00.0004111" startTime="2026-04-28T21:33:32.3609168+05:30" endTime="2026-04-28T21:33:32.3609169+05:30" testType="13cdc9d9-ddb5-4fa4-a97d-d965ccfc6d4b" outcome="Passed" testListId="8c84fa94-04c1-424b-9868-57a2d4851a1d" relativeResultsDirectory="8485ab8e-7311-418e-a09f-6bc694108fed" />
    <UnitTestResult executionId="f43bbadb-e054-41fb-b14e-4ee97bf2f538" testId="8ee90808-1d7a-d770-8f55-b8f8db6b9307" testName="SprintMonitor.Tests.Controllers.RiskAssessmentControllerTests.EvaluateRisk_ReturnsExpectedRiskLevel(plannedCommitment: 60, availability: 60, expectedLevel: &quot;HIGH&quot;)" computerName="DESKTOP-6A6A1RN" duration="00:00:00.0004055" startTime="2026-04-28T21:33:32.4503134+05:30" endTime="2026-04-28T21:33:32.4503135+05:30" testType="13cdc9d9-ddb5-4fa4-a97d-d965ccfc6d4b" outcome="Passed" testListId="8c84fa94-04c1-424b-9868-57a2d4851a1d" relativeResultsDirectory="f43bbadb-e054-41fb-b14e-4ee97bf2f538" />
    <UnitTestResult executionId="b6c572a7-c871-41e3-afd1-c40f348806dd" testId="706a2bd8-ce4b-7273-7cd9-acd11a01d430" testName="SprintMonitor.Tests.Services.SprintServiceTests.CreateSprintAsync_CalculatesCompletionRate" computerName="DESKTOP-6A6A1RN" duration="00:00:01.9092804" startTime="2026-04-28T21:33:34.0797733+05:30" endTime="2026-04-28T21:33:34.0797739+05:30" testType="13cdc9d9-ddb5-4fa4-a97d-d965ccfc6d4b" outcome="Passed" testListId="8c84fa94-04c1-424b-9868-57a2d4851a1d" relativeResultsDirectory="b6c572a7-c871-41e3-afd1-c40f348806dd" />
    <UnitTestResult executionId="ffc40ced-88c7-4b6d-9e5f-648278d54691" testId="6046303c-9f7e-382c-1031-ade6894af5b7" testName="SprintMonitor.Tests.Services.TeamServiceTests.UpdateTeamAsync_PreservesExistingValues_WhenNotProvided" computerName="DESKTOP-6A6A1RN" duration="00:00:00.0650324" startTime="2026-04-28T21:33:34.2051512+05:30" endTime="2026-04-28T21:33:34.2051517+05:30" testType="13cdc9d9-ddb5-4fa4-a97d-d965ccfc6d4b" outcome="Passed" testListId="8c84fa94-04c1-424b-9868-57a2d4851a1d" relativeResultsDirectory="ffc40ced-88c7-4b6d-9e5f-648278d54691" />
    <UnitTestResult executionId="752df4fd-e968-4649-a380-9759fed98c46" testId="40b26adc-7394-e569-15da-a422189c0300" testName="SprintMonitor.Tests.Services.SprintServiceTests.DeleteSprintAsync_ReturnsFalse_WhenSprintNotExists" computerName="DESKTOP-6A6A1RN" duration="00:00:00.0026511" startTime="2026-04-28T21:33:34.3383128+05:30" endTime="2026-04-28T21:33:34.3383131+05:30" testType="13cdc9d9-ddb5-4fa4-a97d-d965ccfc6d4b" outcome="Passed" testListId="8c84fa94-04c1-424b-9868-57a2d4851a1d" relativeResultsDirectory="752df4fd-e968-4649-a380-9759fed98c46" />
    <UnitTestResult executionId="9907d431-2c28-4d61-af90-1856f18b13f0" testId="6155aebe-207f-adf2-febb-f8637d68e7ca" testName="SprintMonitor.Tests.Controllers.TeamsControllerTests.CreateTeam_ReturnsCreated_WhenValidData" computerName="DESKTOP-6A6A1RN" duration="00:00:00.0052458" startTime="2026-04-28T21:33:32.4823600+05:30" endTime="2026-04-28T21:33:32.4823604+05:30" testType="13cdc9d9-ddb5-4fa4-a97d-d965ccfc6d4b" outcome="Passed" testListId="8c84fa94-04c1-424b-9868-57a2d4851a1d" relativeResultsDirectory="9907d431-2c28-4d61-af90-1856f18b13f0" />
    <UnitTestResult executionId="a8a1573f-d0fb-4046-8b1b-c570437e853b" testId="e7c81b60-edf0-d262-d67f-fe59fad95922" testName="SprintMonitor.Tests.Services.SprintServiceTests.GetSprintByIdAsync_ReturnsSprint_WhenExists" computerName="DESKTOP-6A6A1RN" duration="00:00:00.0022365" startTime="2026-04-28T21:33:34.3496254+05:30" endTime="2026-04-28T21:33:34.3496256+05:30" testType="13cdc9d9-ddb5-4fa4-a97d-d965ccfc6d4b" outcome="Passed" testListId="8c84fa94-04c1-424b-9868-57a2d4851a1d" relativeResultsDirectory="a8a1573f-d0fb-4046-8b1b-c570437e853b" />
    <UnitTestResult executionId="1a761f48-37b6-4afd-aa48-da14795d4924" testId="0621deb9-6fa4-22c3-05c3-19d81c3a21da" testName="SprintMonitor.Tests.Services.MetricsServiceTests.CalculateMetrics_HandlesZeroCommittedPoints" computerName="DESKTOP-6A6A1RN" duration="00:00:00.0003520" startTime="2026-04-28T21:33:32.3598611+05:30" endTime="2026-04-28T21:33:32.3598612+05:30" testType="13cdc9d9-ddb5-4fa4-a97d-d965ccfc6d4b" outcome="Passed" testListId="8c84fa94-04c1-424b-9868-57a2d4851a1d" relativeResultsDirectory="1a761f48-37b6-4afd-aa48-da14795d4924" />
    <UnitTestResult executionId="3fb9c878-7f60-497d-a434-24b78b9cd7cf" testId="c910335b-d97b-0fa6-4148-d6a56cb4ec15" testName="SprintMonitor.Tests.Controllers.RiskAssessmentControllerTests.GetAssessment_ReturnsNotFound_WhenAssessmentDoesNotExist" computerName="DESKTOP-6A6A1RN" duration="00:00:00.0018067" startTime="2026-04-28T21:33:32.4617498+05:30" endTime="2026-04-28T21:33:32.4617500+05:30" testType="13cdc9d9-ddb5-4fa4-a97d-d965ccfc6d4b" outcome="Passed" testListId="8c84fa94-04c1-424b-9868-57a2d4851a1d" relativeResultsDirectory="3fb9c878-7f60-497d-a434-24b78b9cd7cf" />
    <UnitTestResult executionId="a73e6e21-e860-4233-84dc-7f6ce6f67c24" testId="9625d8df-6d67-af35-34c1-558d9ffcaf95" testName="SprintMonitor.Tests.Controllers.SprintsControllerTests.GetRecentSprints_ReturnsOkWithSprints" computerName="DESKTOP-6A6A1RN" duration="00:00:00.0028101" startTime="2026-04-28T21:33:32.4697824+05:30" endTime="2026-04-28T21:33:32.4697826+05:30" testType="13cdc9d9-ddb5-4fa4-a97d-d965ccfc6d4b" outcome="Passed" testListId="8c84fa94-04c1-424b-9868-57a2d4851a1d" relativeResultsDirectory="a73e6e21-e860-4233-84dc-7f6ce6f67c24" />
    <UnitTestResult executionId="4d0ed562-40a7-4b18-b548-c5b9a7f22b58" testId="82794717-d371-1d17-36d0-f3c54ac4e2b7" testName="SprintMonitor.Tests.Services.RiskAssessmentServiceTests.EvaluateRiskAsync_GeneratesRecommendations_ForHighRisk" computerName="DESKTOP-6A6A1RN" duration="00:00:00.0086275" startTime="2026-04-28T21:33:34.6120602+05:30" endTime="2026-04-28T21:33:34.6120605+05:30" testType="13cdc9d9-ddb5-4fa4-a97d-d965ccfc6d4b" outcome="Passed" testListId="8c84fa94-04c1-424b-9868-57a2d4851a1d" relativeResultsDirectory="4d0ed562-40a7-4b18-b548-c5b9a7f22b58" />
    <UnitTestResult executionId="ef1c87f5-ef92-437e-86d1-45d6f72bb329" testId="dbc4d080-e65f-3b62-58a8-8c6cb52bdc84" testName="SprintMonitor.Tests.Services.MetricsServiceTests.CalculateMetrics_CVRGreaterThanOne_WhenOvercommitting" computerName="DESKTOP-6A6A1RN" duration="00:00:00.0004222" startTime="2026-04-28T21:33:32.3605584+05:30" endTime="2026-04-28T21:33:32.3605586+05:30" testType="13cdc9d9-ddb5-4fa4-a97d-d965ccfc6d4b" outcome="Passed" testListId="8c84fa94-04c1-424b-9868-57a2d4851a1d" relativeResultsDirectory="ef1c87f5-ef92-437e-86d1-45d6f72bb329" />
    <UnitTestResult executionId="57c0fd29-7b15-463c-981c-830754035d58" testId="426609c4-2f4f-f0a2-a470-d721613891bd" testName="SprintMonitor.Tests.Controllers.TeamsControllerTests.GetTeam_ReturnsOkWithTeam_WhenTeamExists" computerName="DESKTOP-6A6A1RN" duration="00:00:00.0073458" startTime="2026-04-28T21:33:32.4140712+05:30" endTime="2026-04-28T21:33:32.4140716+05:30" testType="13cdc9d9-ddb5-4fa4-a97d-d965ccfc6d4b" outcome="Passed" testListId="8c84fa94-04c1-424b-9868-57a2d4851a1d" relativeResultsDirectory="57c0fd29-7b15-463c-981c-830754035d58" />
    <UnitTestResult executionId="17b82cf9-3a59-40dc-8d95-b22d37daa882" testId="8fd77805-61d7-5f0c-2889-88adba000385" testName="SprintMonitor.Tests.Controllers.TeamsControllerTests.CreateTeam_ReturnsBadRequest_WhenNameIsWhitespace" computerName="DESKTOP-6A6A1RN" duration="00:00:00.0011003" startTime="2026-04-28T21:33:32.4888575+05:30" endTime="2026-04-28T21:33:32.4888578+05:30" testType="13cdc9d9-ddb5-4fa4-a97d-d965ccfc6d4b" outcome="Passed" testListId="8c84fa94-04c1-424b-9868-57a2d4851a1d" relativeResultsDirectory="17b82cf9-3a59-40dc-8d95-b22d37daa882" />
    <UnitTestResult executionId="f44820f5-d842-432a-b6d9-6828ba82c947" testId="cbdf0f34-78a3-c19d-8e3b-be975d3295cf" testName="SprintMonitor.Tests.Services.TeamServiceTests.CreateTeamAsync_TeamExistsInDatabase" computerName="DESKTOP-6A6A1RN" duration="00:00:00.0083151" startTime="2026-04-28T21:33:34.1398120+05:30" endTime="2026-04-28T21:33:34.1398131+05:30" testType="13cdc9d9-ddb5-4fa4-a97d-d965ccfc6d4b" outcome="Passed" testListId="8c84fa94-04c1-424b-9868-57a2d4851a1d" relativeResultsDirectory="f44820f5-d842-432a-b6d9-6828ba82c947" />
    <UnitTestResult executionId="0262c92a-b6c6-4d72-8a48-8599b8a96d77" testId="b0d0aeb8-d92f-3193-5dc4-296f77d9f9cc" testName="SprintMonitor.Tests.Services.TeamServiceTests.UpdateTeamAsync_ReturnsNull_WhenTeamNotExists" computerName="DESKTOP-6A6A1RN" duration="00:00:00.0032947" startTime="2026-04-28T21:33:34.2115508+05:30" endTime="2026-04-28T21:33:34.2115512+05:30" testType="13cdc9d9-ddb5-4fa4-a97d-d965ccfc6d4b" outcome="Passed" testListId="8c84fa94-04c1-424b-9868-57a2d4851a1d" relativeResultsDirectory="0262c92a-b6c6-4d72-8a48-8599b8a96d77" />
    <UnitTestResult executionId="ea640fd6-3e2e-4180-9d71-efb9ee331f85" testId="37a20fa5-630f-5b62-6688-a9b45341ad0d" testName="SprintMonitor.Tests.Services.MetricsServiceTests.CalculateMetrics_HandlesVeryLowCommitment" computerName="DESKTOP-6A6A1RN" duration="00:00:00.0003197" startTime="2026-04-28T21:33:32.2683042+05:30" endTime="2026-04-28T21:33:32.2683043+05:30" testType="13cdc9d9-ddb5-4fa4-a97d-d965ccfc6d4b" outcome="Passed" testListId="8c84fa94-04c1-424b-9868-57a2d4851a1d" relativeResultsDirectory="ea640fd6-3e2e-4180-9d71-efb9ee331f85" />
    <UnitTestResult executionId="f3c307fa-24a3-4c82-beb6-39449f0eb16b" testId="81fa6ea6-ec03-4365-2003-18e7909a7075" testName="SprintMonitor.Tests.Services.MetricsServiceTests.CalculateMetrics_HandlesVeryHighCommitment" computerName="DESKTOP-6A6A1RN" duration="00:00:00.0002592" startTime="2026-04-28T21:33:32.3601971+05:30" endTime="2026-04-28T21:33:32.3601972+05:30" testType="13cdc9d9-ddb5-4fa4-a97d-d965ccfc6d4b" outcome="Passed" testListId="8c84fa94-04c1-424b-9868-57a2d4851a1d" relativeResultsDirectory="f3c307fa-24a3-4c82-beb6-39449f0eb16b" />
    <UnitTestResult executionId="f5cfc9f5-2e9c-4bb4-aa12-c97b28d589e8" testId="f71929e2-1562-d259-f98c-8db626cfc4d3" testName="SprintMonitor.Tests.Services.SprintServiceTests.Sprints_HaveValidDateRange" computerName="DESKTOP-6A6A1RN" duration="00:00:00.0102190" startTime="2026-04-28T21:33:34.2613644+05:30" endTime="2026-04-28T21:33:34.2613648+05:30" testType="13cdc9d9-ddb5-4fa4-a97d-d965ccfc6d4b" outcome="Passed" testListId="8c84fa94-04c1-424b-9868-57a2d4851a1d" relativeResultsDirectory="f5cfc9f5-2e9c-4bb4-aa12-c97b28d589e8" />
    <UnitTestResult executionId="a245ae96-9853-48b5-bbc3-36542ba9de13" testId="6cdf02db-2687-f1ea-e56b-cf7fd04023c6" testName="SprintMonitor.Tests.Services.TeamServiceTests.DeleteTeamAsync_ReturnsFalse_WhenTeamNotExists" computerName="DESKTOP-6A6A1RN" duration="00:00:00.0174193" startTime="2026-04-28T21:33:34.2578963+05:30" endTime="2026-04-28T21:33:34.2578968+05:30" testType="13cdc9d9-ddb5-4fa4-a97d-d965ccfc6d4b" outcome="Passed" testListId="8c84fa94-04c1-424b-9868-57a2d4851a1d" relativeResultsDirectory="a245ae96-9853-48b5-bbc3-36542ba9de13" />
    <UnitTestResult executionId="a4e1369a-66ec-482d-abd8-47b78984a2e0" testId="941df030-903f-359c-e8c2-6c1524015ccf" testName="SprintMonitor.Tests.Services.SprintServiceTests.UpdateSprintAsync_UpdatesSprint_WhenExists" computerName="DESKTOP-6A6A1RN" duration="00:00:00.0370157" startTime="2026-04-28T21:33:34.3355614+05:30" endTime="2026-04-28T21:33:34.3355620+05:30" testType="13cdc9d9-ddb5-4fa4-a97d-d965ccfc6d4b" outcome="Passed" testListId="8c84fa94-04c1-424b-9868-57a2d4851a1d" relativeResultsDirectory="a4e1369a-66ec-482d-abd8-47b78984a2e0" />
    <UnitTestResult executionId="4beea7f1-dfbe-4f97-8d8d-0a50588f7a32" testId="cfd4982a-47e1-f2ed-b463-1bb9bfd492c6" testName="SprintMonitor.Tests.Services.RiskAssessmentServiceTests.EvaluateRiskAsync_ReturnsHighRisk_ForHighRiskMetrics" computerName="DESKTOP-6A6A1RN" duration="00:00:00.0111248" startTime="2026-04-28T21:33:34.8436166+05:30" endTime="2026-04-28T21:33:34.8436170+05:30" testType="13cdc9d9-ddb5-4fa4-a97d-d965ccfc6d4b" outcome="Passed" testListId="8c84fa94-04c1-424b-9868-57a2d4851a1d" relativeResultsDirectory="4beea7f1-dfbe-4f97-8d8d-0a50588f7a32" />
    <UnitTestResult executionId="69d44641-b705-4378-bdfb-f8e18ff84b6c" testId="b00b466d-4393-df14-41e9-90080332d347" testName="SprintMonitor.Tests.Controllers.RiskAssessmentControllerTests.EvaluateRisk_ReturnsBadRequest_WhenTeamAvailabilityIsNegative" computerName="DESKTOP-6A6A1RN" duration="00:00:00.0015564" startTime="2026-04-28T21:33:32.4579001+05:30" endTime="2026-04-28T21:33:32.4579006+05:30" testType="13cdc9d9-ddb5-4fa4-a97d-d965ccfc6d4b" outcome="Passed" testListId="8c84fa94-04c1-424b-9868-57a2d4851a1d" relativeResultsDirectory="69d44641-b705-4378-bdfb-f8e18ff84b6c" />
    <UnitTestResult executionId="fe4561ff-beed-4471-86ed-c80a35551f32" testId="b7656f98-f723-0bfd-59d7-a147ad61d131" testName="SprintMonitor.Tests.Controllers.SprintsControllerTests.GetSprint_ReturnsNotFound_WhenSprintDoesNotExist" computerName="DESKTOP-6A6A1RN" duration="00:00:00.0040161" startTime="2026-04-28T21:33:32.4468729+05:30" endTime="2026-04-28T21:33:32.4468733+05:30" testType="13cdc9d9-ddb5-4fa4-a97d-d965ccfc6d4b" outcome="Passed" testListId="8c84fa94-04c1-424b-9868-57a2d4851a1d" relativeResultsDirectory="fe4561ff-beed-4471-86ed-c80a35551f32" />
    <UnitTestResult executionId="59074c4a-1bba-4b2c-8adb-a304245a210c" testId="7c0e7349-8da0-bdb7-4746-c3dd1fa87dd1" testName="SprintMonitor.Tests.Controllers.RiskAssessmentControllerTests.EvaluateRisk_ReturnsExpectedRiskLevel(plannedCommitment: 30, availability: 100, expectedLevel: &quot;LOW&quot;)" computerName="DESKTOP-6A6A1RN" duration="00:00:00.0010822" startTime="2026-04-28T21:33:32.4501545+05:30" endTime="2026-04-28T21:33:32.4501547+05:30" testType="13cdc9d9-ddb5-4fa4-a97d-d965ccfc6d4b" outcome="Passed" testListId="8c84fa94-04c1-424b-9868-57a2d4851a1d" relativeResultsDirectory="59074c4a-1bba-4b2c-8adb-a304245a210c" />
    <UnitTestResult executionId="79ad8fe2-4b04-4c8d-9569-968351f0376d" testId="a243651d-2ddf-161c-a7d8-c48b3603385a" testName="SprintMonitor.Tests.Controllers.RiskAssessmentControllerTests.EvaluateRisk_ReturnsBadRequest_WhenTeamAvailabilityExceeds100" computerName="DESKTOP-6A6A1RN" duration="00:00:00.0035155" startTime="2026-04-28T21:33:32.4303697+05:30" endTime="2026-04-28T21:33:32.4303699+05:30" testType="13cdc9d9-ddb5-4fa4-a97d-d965ccfc6d4b" outcome="Passed" testListId="8c84fa94-04c1-424b-9868-57a2d4851a1d" relativeResultsDirectory="79ad8fe2-4b04-4c8d-9569-968351f0376d" />
    <UnitTestResult executionId="bbeeccc1-f754-4690-a284-fd58b0314666" testId="7ef32457-cf9c-7548-0d76-be20b4b57e4e" testName="SprintMonitor.Tests.Services.MetricsServiceTests.CalculateMetrics_ReturnsZeroValues_WithEmptySprints" computerName="DESKTOP-6A6A1RN" duration="00:00:00.0004725" startTime="2026-04-28T21:33:32.3603850+05:30" endTime="2026-04-28T21:33:32.3603851+05:30" testType="13cdc9d9-ddb5-4fa4-a97d-d965ccfc6d4b" outcome="Passed" testListId="8c84fa94-04c1-424b-9868-57a2d4851a1d" relativeResultsDirectory="bbeeccc1-f754-4690-a284-fd58b0314666" />
    <UnitTestResult executionId="6a853b40-031d-460d-9c1a-a0fdba7144da" testId="953bef0b-9d9d-1db9-1261-d96a0633e0c1" testName="SprintMonitor.Tests.Controllers.SprintsControllerTests.GetSprint_ReturnsOk_WhenSprintExists" computerName="DESKTOP-6A6A1RN" duration="00:00:00.0020572" startTime="2026-04-28T21:33:32.4742106+05:30" endTime="2026-04-28T21:33:32.4742108+05:30" testType="13cdc9d9-ddb5-4fa4-a97d-d965ccfc6d4b" outcome="Passed" testListId="8c84fa94-04c1-424b-9868-57a2d4851a1d" relativeResultsDirectory="6a853b40-031d-460d-9c1a-a0fdba7144da" />
    <UnitTestResult executionId="e8ae7ddf-b956-4426-8533-834c594e4051" testId="1add0938-8f09-87d9-2d47-077eb0f84b00" testName="SprintMonitor.Tests.Services.SprintServiceTests.GetRecentSprintsAsync_ReturnsMostRecentSprints" computerName="DESKTOP-6A6A1RN" duration="00:00:00.0307705" startTime="2026-04-28T21:33:34.2982936+05:30" endTime="2026-04-28T21:33:34.2982943+05:30" testType="13cdc9d9-ddb5-4fa4-a97d-d965ccfc6d4b" outcome="Passed" testListId="8c84fa94-04c1-424b-9868-57a2d4851a1d" relativeResultsDirectory="e8ae7ddf-b956-4426-8533-834c594e4051" />
    <UnitTestResult executionId="2f22ad66-7c93-470b-9984-620097851b7b" testId="9698218e-c1f7-1e93-2dc5-7088a4f87cd4" testName="SprintMonitor.Tests.Services.SprintServiceTests.CreateSprintAsync_CreatesNewSprint" computerName="DESKTOP-6A6A1RN" duration="00:00:00.0480200" startTime="2026-04-28T21:33:34.1279643+05:30" endTime="2026-04-28T21:33:34.1279648+05:30" testType="13cdc9d9-ddb5-4fa4-a97d-d965ccfc6d4b" outcome="Passed" testListId="8c84fa94-04c1-424b-9868-57a2d4851a1d" relativeResultsDirectory="2f22ad66-7c93-470b-9984-620097851b7b" />
    <UnitTestResult executionId="a5cbad80-7d4c-465f-bf6e-39f999909194" testId="bfac52fd-00c5-3585-e448-4b07502f3919" testName="SprintMonitor.Tests.Services.SprintServiceTests.GetSprintByIdAsync_ReturnsNull_WhenNotExists" computerName="DESKTOP-6A6A1RN" duration="00:00:00.0017719" startTime="2026-04-28T21:33:34.3537210+05:30" endTime="2026-04-28T21:33:34.3537213+05:30" testType="13cdc9d9-ddb5-4fa4-a97d-d965ccfc6d4b" outcome="Passed" testListId="8c84fa94-04c1-424b-9868-57a2d4851a1d" relativeResultsDirectory="a5cbad80-7d4c-465f-bf6e-39f999909194" />
    <UnitTestResult executionId="4b4a06f3-fd63-4e98-bf71-04368e7de026" testId="83174210-891f-d5fe-a8f3-a7929444a2a0" testName="SprintMonitor.Tests.Services.SprintServiceTests.GetSprintsByTeamAsync_ReturnsEmpty_ForNonExistentTeam" computerName="DESKTOP-6A6A1RN" duration="00:00:00.0805669" startTime="2026-04-28T21:33:34.2509962+05:30" endTime="2026-04-28T21:33:34.2509969+05:30" testType="13cdc9d9-ddb5-4fa4-a97d-d965ccfc6d4b" outcome="Passed" testListId="8c84fa94-04c1-424b-9868-57a2d4851a1d" relativeResultsDirectory="4b4a06f3-fd63-4e98-bf71-04368e7de026" />
    <UnitTestResult executionId="c41e431d-428f-4929-9e00-0ef45023a206" testId="ba1eb752-a105-d067-33df-a3e6bf00e93f" testName="SprintMonitor.Tests.Controllers.SprintsControllerTests.CreateSprint_ReturnsCreated_WhenValidData" computerName="DESKTOP-6A6A1RN" duration="00:00:00.2399403" startTime="2026-04-28T21:33:32.4104093+05:30" endTime="2026-04-28T21:33:32.4104099+05:30" testType="13cdc9d9-ddb5-4fa4-a97d-d965ccfc6d4b" outcome="Passed" testListId="8c84fa94-04c1-424b-9868-57a2d4851a1d" relativeResultsDirectory="c41e431d-428f-4929-9e00-0ef45023a206" />
    <UnitTestResult executionId="d8cfb7f9-6dc0-4953-bb2c-394cfd9781e4" testId="3ed74129-5059-ffcb-59ef-9b74816aaccd" testName="SprintMonitor.Tests.Services.SprintServiceTests.GetRecentSprintsAsync_ReturnsAllSprints_WhenCountExceedsAvailable" computerName="DESKTOP-6A6A1RN" duration="00:00:00.0033321" startTime="2026-04-28T21:33:34.3446738+05:30" endTime="2026-04-28T21:33:34.3446741+05:30" testType="13cdc9d9-ddb5-4fa4-a97d-d965ccfc6d4b" outcome="Passed" testListId="8c84fa94-04c1-424b-9868-57a2d4851a1d" relativeResultsDirectory="d8cfb7f9-6dc0-4953-bb2c-394cfd9781e4" />
    <UnitTestResult executionId="f2645659-2fc4-4ae1-9934-695f6b5f8b11" testId="624362ed-d5b7-4eb9-0af5-8e79cc27b81e" testName="SprintMonitor.Tests.Controllers.RiskAssessmentControllerTests.EvaluateRisk_ReturnsOk_WhenValidRequest" computerName="DESKTOP-6A6A1RN" duration="00:00:00.0031736" startTime="2026-04-28T21:33:32.4462788+05:30" endTime="2026-04-28T21:33:32.4462790+05:30" testType="13cdc9d9-ddb5-4fa4-a97d-d965ccfc6d4b" outcome="Passed" testListId="8c84fa94-04c1-424b-9868-57a2d4851a1d" relativeResultsDirectory="f2645659-2fc4-4ae1-9934-695f6b5f8b11" />
    <UnitTestResult executionId="8021654c-b3da-4e5d-8289-9b3d74eb3055" testId="107b051a-5602-e11b-9f79-7e3b0ae5a0f9" testName="SprintMonitor.Tests.Services.TeamServiceTests.GetAllTeamsAsync_ReturnsActiveTeams" computerName="DESKTOP-6A6A1RN" duration="00:00:01.8776132" startTime="2026-04-28T21:33:34.0482295+05:30" endTime="2026-04-28T21:33:34.0482302+05:30" testType="13cdc9d9-ddb5-4fa4-a97d-d965ccfc6d4b" outcome="Passed" testListId="8c84fa94-04c1-424b-9868-57a2d4851a1d" relativeResultsDirectory="8021654c-b3da-4e5d-8289-9b3d74eb3055" />
    <UnitTestResult executionId="06f07333-114a-44ff-a8be-06e68a2a29d3" testId="01756942-b786-4e10-06c2-b38b42a47316" testName="SprintMonitor.Tests.Controllers.RiskAssessmentControllerTests.GetAssessmentHistory_ReturnsOk_WithAssessments" computerName="DESKTOP-6A6A1RN" duration="00:00:00.0034403" startTime="2026-04-28T21:33:32.4529621+05:30" endTime="2026-04-28T21:33:32.4529625+05:30" testType="13cdc9d9-ddb5-4fa4-a97d-d965ccfc6d4b" outcome="Passed" testListId="8c84fa94-04c1-424b-9868-57a2d4851a1d" relativeResultsDirectory="06f07333-114a-44ff-a8be-06e68a2a29d3" />
    <UnitTestResult executionId="fe6df71a-9259-4313-b077-782822405859" testId="2384abbb-0a84-1c65-f849-bddaf32b6c19" testName="SprintMonitor.Tests.Services.TeamServiceTests.GetTeamByIdAsync_ReturnsNull_WhenNotExists" computerName="DESKTOP-6A6A1RN" duration="00:00:00.0039751" startTime="2026-04-28T21:33:34.2262350+05:30" endTime="2026-04-28T21:33:34.2262354+05:30" testType="13cdc9d9-ddb5-4fa4-a97d-d965ccfc6d4b" outcome="Passed" testListId="8c84fa94-04c1-424b-9868-57a2d4851a1d" relativeResultsDirectory="fe6df71a-9259-4313-b077-782822405859" />
    <UnitTestResult executionId="3af698fb-31f1-41f4-a3b6-b65babe47b88" testId="2cc9a4ad-9f3a-ba29-d731-313949607cf1" testName="SprintMonitor.Tests.Controllers.SprintsControllerTests.GetSprintsByTeam_ReturnsOkWithSprints" computerName="DESKTOP-6A6A1RN" duration="00:00:00.0021732" startTime="2026-04-28T21:33:32.4720546+05:30" endTime="2026-04-28T21:33:32.4720548+05:30" testType="13cdc9d9-ddb5-4fa4-a97d-d965ccfc6d4b" outcome="Passed" testListId="8c84fa94-04c1-424b-9868-57a2d4851a1d" relativeResultsDirectory="3af698fb-31f1-41f4-a3b6-b65babe47b88" />
    <UnitTestResult executionId="90bc5ee9-0b22-4f42-8d59-bdc9a4bbcba1" testId="05f0eb12-90b3-f3ae-c5cd-5b94313ab714" testName="SprintMonitor.Tests.Controllers.RiskAssessmentControllerTests.EvaluateRisk_ReturnsExpectedRiskLevel(plannedCommitment: 50, availability: 80, expectedLevel: &quot;MODERATE&quot;)" computerName="DESKTOP-6A6A1RN" duration="00:00:00.0028148" startTime="2026-04-28T21:33:32.4469991+05:30" endTime="2026-04-28T21:33:32.4469992+05:30" testType="13cdc9d9-ddb5-4fa4-a97d-d965ccfc6d4b" outcome="Passed" testListId="8c84fa94-04c1-424b-9868-57a2d4851a1d" relativeResultsDirectory="90bc5ee9-0b22-4f42-8d59-bdc9a4bbcba1" />
    <UnitTestResult executionId="5a67a698-5920-4dd5-bd77-9a7d3e20e979" testId="189e8bd5-3979-0a1b-eb6d-749214769996" testName="SprintMonitor.Tests.Services.RiskAssessmentServiceTests.EvaluateRiskAsync_ReturnsLowRisk_ForLowScoreMetrics" computerName="DESKTOP-6A6A1RN" duration="00:00:00.0108400" startTime="2026-04-28T21:33:34.6033132+05:30" endTime="2026-04-28T21:33:34.6033138+05:30" testType="13cdc9d9-ddb5-4fa4-a97d-d965ccfc6d4b" outcome="Passed" testListId="8c84fa94-04c1-424b-9868-57a2d4851a1d" relativeResultsDirectory="5a67a698-5920-4dd5-bd77-9a7d3e20e979" />
    <UnitTestResult executionId="cc2ed732-bb81-45e1-9546-2a40f2801253" testId="bf3f7915-3ede-0f2a-610e-55b0ed98ad6e" testName="SprintMonitor.Tests.Services.SprintServiceTests.GetSprintsByTeamAsync_ReturnsSprints_ForExistingTeam" computerName="DESKTOP-6A6A1RN" duration="00:00:00.0023802" startTime="2026-04-28T21:33:34.3561894+05:30" endTime="2026-04-28T21:33:34.3561899+05:30" testType="13cdc9d9-ddb5-4fa4-a97d-d965ccfc6d4b" outcome="Passed" testListId="8c84fa94-04c1-424b-9868-57a2d4851a1d" relativeResultsDirectory="cc2ed732-bb81-45e1-9546-2a40f2801253" />
    <UnitTestResult executionId="8e4438bf-6813-4bf1-842c-b7986eb5317d" testId="6e99bb9a-88d5-32a6-9c2e-aca45333aedc" testName="SprintMonitor.Tests.Services.MetricsServiceTests.CalculateMetrics_CVRIsOne_WhenCommitmentEqualsVelocity" computerName="DESKTOP-6A6A1RN" duration="00:00:00.0089117" startTime="2026-04-28T21:33:32.2673334+05:30" endTime="2026-04-28T21:33:32.2673337+05:30" testType="13cdc9d9-ddb5-4fa4-a97d-d965ccfc6d4b" outcome="Passed" testListId="8c84fa94-04c1-424b-9868-57a2d4851a1d" relativeResultsDirectory="8e4438bf-6813-4bf1-842c-b7986eb5317d" />
    <UnitTestResult executionId="5f8f8235-101f-4ccd-ba22-5693e288e316" testId="ccc84d02-7d44-b40a-5b7b-04e84c4e6a50" testName="SprintMonitor.Tests.Services.TeamServiceTests.CreateTeamAsync_CreatesNewTeam" computerName="DESKTOP-6A6A1RN" duration="00:00:00.0039078" startTime="2026-04-28T21:33:34.2303260+05:30" endTime="2026-04-28T21:33:34.2303264+05:30" testType="13cdc9d9-ddb5-4fa4-a97d-d965ccfc6d4b" outcome="Passed" testListId="8c84fa94-04c1-424b-9868-57a2d4851a1d" relativeResultsDirectory="5f8f8235-101f-4ccd-ba22-5693e288e316" />
    <UnitTestResult executionId="a6078700-9560-4be8-a406-884ea7134f84" testId="65946560-ca6e-8050-613f-fbe2e1b60e23" testName="SprintMonitor.Tests.Services.SprintServiceTests.UpdateSprintAsync_ReturnsNull_WhenSprintNotExists" computerName="DESKTOP-6A6A1RN" duration="00:00:00.0057355" startTime="2026-04-28T21:33:34.2673907+05:30" endTime="2026-04-28T21:33:34.2673914+05:30" testType="13cdc9d9-ddb5-4fa4-a97d-d965ccfc6d4b" outcome="Passed" testListId="8c84fa94-04c1-424b-9868-57a2d4851a1d" relativeResultsDirectory="a6078700-9560-4be8-a406-884ea7134f84" />
    <UnitTestResult executionId="58a14eae-5c27-4f63-9d3a-bac6ff74830c" testId="c2cd2ed3-4905-395f-a914-9280a0c87bd7" testName="SprintMonitor.Tests.Controllers.TeamsControllerTests.UpdateTeam_ReturnsOk_WhenTeamExists" computerName="DESKTOP-6A6A1RN" duration="00:00:00.0454417" startTime="2026-04-28T21:33:32.4597310+05:30" endTime="2026-04-28T21:33:32.4597313+05:30" testType="13cdc9d9-ddb5-4fa4-a97d-d965ccfc6d4b" outcome="Passed" testListId="8c84fa94-04c1-424b-9868-57a2d4851a1d" relativeResultsDirectory="58a14eae-5c27-4f63-9d3a-bac6ff74830c" />
    <UnitTestResult executionId="8e74ee4f-e7fe-43ef-a504-4ee96b411d46" testId="b811aea5-d008-af72-e9f7-3485a234188a" testName="SprintMonitor.Tests.Controllers.RiskAssessmentControllerTests.EvaluateRisk_ReturnsBadRequest_WhenServiceThrows" computerName="DESKTOP-6A6A1RN" duration="00:00:00.0154317" startTime="2026-04-28T21:33:32.4456014+05:30" endTime="2026-04-28T21:33:32.4456021+05:30" testType="13cdc9d9-ddb5-4fa4-a97d-d965ccfc6d4b" outcome="Passed" testListId="8c84fa94-04c1-424b-9868-57a2d4851a1d" relativeResultsDirectory="8e74ee4f-e7fe-43ef-a504-4ee96b411d46" />
    <UnitTestResult executionId="6f6f5a2c-a755-47ab-853f-26dd39e9d241" testId="97eaebb9-1299-944c-7c2f-9186f54ce0cc" testName="SprintMonitor.Tests.Services.SprintServiceTests.GetRecentSprintsAsync_ReturnsRequestedCount" computerName="DESKTOP-6A6A1RN" duration="00:00:00.0021409" startTime="2026-04-28T21:33:34.3518701+05:30" endTime="2026-04-28T21:33:34.3518705+05:30" testType="13cdc9d9-ddb5-4fa4-a97d-d965ccfc6d4b" outcome="Passed" testListId="8c84fa94-04c1-424b-9868-57a2d4851a1d" relativeResultsDirectory="6f6f5a2c-a755-47ab-853f-26dd39e9d241" />
    <UnitTestResult executionId="0f6aef78-a3b1-43d8-95d2-7dcbac892b30" testId="d5865003-7c1b-d7da-6373-964ee7d7d2b4" testName="SprintMonitor.Tests.Services.SprintServiceTests.CreateSprintAsync_SprintExistsInDatabase" computerName="DESKTOP-6A6A1RN" duration="00:00:00.0029477" startTime="2026-04-28T21:33:34.3591736+05:30" endTime="2026-04-28T21:33:34.3591740+05:30" testType="13cdc9d9-ddb5-4fa4-a97d-d965ccfc6d4b" outcome="Passed" testListId="8c84fa94-04c1-424b-9868-57a2d4851a1d" relativeResultsDirectory="0f6aef78-a3b1-43d8-95d2-7dcbac892b30" />
    <UnitTestResult executionId="86636e6f-b8fb-4730-8183-5a094b3d6d04" testId="87b5d955-4b45-dbd0-e933-2aecf5d95fbc" testName="SprintMonitor.Tests.Services.TeamServiceTests.GetTeamByIdAsync_ReturnsTeam_WhenExists" computerName="DESKTOP-6A6A1RN" duration="00:00:00.0029064" startTime="2026-04-28T21:33:34.2081555+05:30" endTime="2026-04-28T21:33:34.2081559+05:30" testType="13cdc9d9-ddb5-4fa4-a97d-d965ccfc6d4b" outcome="Passed" testListId="8c84fa94-04c1-424b-9868-57a2d4851a1d" relativeResultsDirectory="86636e6f-b8fb-4730-8183-5a094b3d6d04" />
    <UnitTestResult executionId="10b8d0a6-4773-4810-87e7-b5185c724e87" testId="decedc0f-ffde-f2c2-f25e-219101d7d472" testName="SprintMonitor.Tests.Controllers.SprintsControllerTests.UpdateSprint_ReturnsOk_WhenSprintExists" computerName="DESKTOP-6A6A1RN" duration="00:00:00.0023428" startTime="2026-04-28T21:33:32.4318874+05:30" endTime="2026-04-28T21:33:32.4318880+05:30" testType="13cdc9d9-ddb5-4fa4-a97d-d965ccfc6d4b" outcome="Passed" testListId="8c84fa94-04c1-424b-9868-57a2d4851a1d" relativeResultsDirectory="10b8d0a6-4773-4810-87e7-b5185c724e87" />
    <UnitTestResult executionId="5c06d482-75e5-4efb-80a7-84cb2590827c" testId="2112caeb-0852-b81a-518b-65000539f327" testName="SprintMonitor.Tests.Controllers.RiskAssessmentControllerTests.EvaluateRisk_ReturnsBadRequest_WhenPlannedCommitmentIsNegative" computerName="DESKTOP-6A6A1RN" duration="00:00:00.0017616" startTime="2026-04-28T21:33:32.4561992+05:30" endTime="2026-04-28T21:33:32.4561999+05:30" testType="13cdc9d9-ddb5-4fa4-a97d-d965ccfc6d4b" outcome="Passed" testListId="8c84fa94-04c1-424b-9868-57a2d4851a1d" relativeResultsDirectory="5c06d482-75e5-4efb-80a7-84cb2590827c" />
    <UnitTestResult executionId="0fad3c7c-feb7-4c4e-8b89-f42b75b119e6" testId="e0dc3954-353b-469a-cf61-0bec9b891646" testName="SprintMonitor.Tests.Services.RiskAssessmentServiceTests.EvaluateRiskAsync_IncludesSpilloverRiskFactor" computerName="DESKTOP-6A6A1RN" duration="00:00:00.0070432" startTime="2026-04-28T21:33:34.6364049+05:30" endTime="2026-04-28T21:33:34.6364050+05:30" testType="13cdc9d9-ddb5-4fa4-a97d-d965ccfc6d4b" outcome="Passed" testListId="8c84fa94-04c1-424b-9868-57a2d4851a1d" relativeResultsDirectory="0fad3c7c-feb7-4c4e-8b89-f42b75b119e6" />
    <UnitTestResult executionId="9e7f890d-4367-4b33-a056-42880992bc76" testId="7c5b8dd9-210d-a172-4e9b-9105a84185b6" testName="SprintMonitor.Tests.Services.MetricsServiceTests.CalculateMetrics_LowCV_WithConsistentVelocity" computerName="DESKTOP-6A6A1RN" duration="00:00:00.0005302" startTime="2026-04-28T21:33:32.3600287+05:30" endTime="2026-04-28T21:33:32.3600288+05:30" testType="13cdc9d9-ddb5-4fa4-a97d-d965ccfc6d4b" outcome="Passed" testListId="8c84fa94-04c1-424b-9868-57a2d4851a1d" relativeResultsDirectory="9e7f890d-4367-4b33-a056-42880992bc76" />
    <UnitTestResult executionId="b34a8ec2-86cc-4d37-ab9e-31ac63609675" testId="2f8597e9-dfe0-6ab2-dd3c-fa0673096608" testName="SprintMonitor.Tests.Controllers.TeamsControllerTests.CreateTeam_ReturnsBadRequest_WhenNameIsEmpty" computerName="DESKTOP-6A6A1RN" duration="00:00:00.0028760" startTime="2026-04-28T21:33:32.4769533+05:30" endTime="2026-04-28T21:33:32.4769537+05:30" testType="13cdc9d9-ddb5-4fa4-a97d-d965ccfc6d4b" outcome="Passed" testListId="8c84fa94-04c1-424b-9868-57a2d4851a1d" relativeResultsDirectory="b34a8ec2-86cc-4d37-ab9e-31ac63609675" />
    <UnitTestResult executionId="d0b936ec-0f72-44a7-b858-6f6f3c2b7ec5" testId="b625bce3-86ee-c386-24a8-43a03d2709c9" testName="SprintMonitor.Tests.Services.SprintServiceTests.DeleteSprintAsync_DeletesSprint_WhenExists" computerName="DESKTOP-6A6A1RN" duration="00:00:00.0419786" startTime="2026-04-28T21:33:34.1701497+05:30" endTime="2026-04-28T21:33:34.1701500+05:30" testType="13cdc9d9-ddb5-4fa4-a97d-d965ccfc6d4b" outcome="Passed" testListId="8c84fa94-04c1-424b-9868-57a2d4851a1d" relativeResultsDirectory="d0b936ec-0f72-44a7-b858-6f6f3c2b7ec5" />
    <UnitTestResult executionId="8fda89b5-9887-491a-abe7-1b7ad4c54c86" testId="71ec4120-2edb-b393-613a-a32179f12691" testName="SprintMonitor.Tests.Controllers.SprintsControllerTests.DeleteSprint_ReturnsNoContent_WhenSprintExists" computerName="DESKTOP-6A6A1RN" duration="00:00:00.0042757" startTime="2026-04-28T21:33:32.4642022+05:30" endTime="2026-04-28T21:33:32.4642026+05:30" testType="13cdc9d9-ddb5-4fa4-a97d-d965ccfc6d4b" outcome="Passed" testListId="8c84fa94-04c1-424b-9868-57a2d4851a1d" relativeResultsDirectory="8fda89b5-9887-491a-abe7-1b7ad4c54c86" />
    <UnitTestResult executionId="fa37f363-e4cc-42e2-9a36-6689141ae41b" testId="ee522a29-2e27-f305-e9d0-2275b8e0c403" testName="SprintMonitor.Tests.Services.TeamServiceTests.GetTeamByIdAsync_ReturnsInactiveTeam_WhenTeamIsInactive" computerName="DESKTOP-6A6A1RN" duration="00:00:00.0038563" startTime="2026-04-28T21:33:34.2343420+05:30" endTime="2026-04-28T21:33:34.2343424+05:30" testType="13cdc9d9-ddb5-4fa4-a97d-d965ccfc6d4b" outcome="Passed" testListId="8c84fa94-04c1-424b-9868-57a2d4851a1d" relativeResultsDirectory="fa37f363-e4cc-42e2-9a36-6689141ae41b" />
    <UnitTestResult executionId="457e5f95-55f1-4f6a-bbb0-395309371594" testId="a2da4fb5-c080-c6c3-88e7-6faee1f12c9a" testName="SprintMonitor.Tests.Controllers.TeamsControllerTests.DeleteTeam_ReturnsNotFound_WhenTeamDoesNotExist" computerName="DESKTOP-6A6A1RN" duration="00:00:00.2360759" startTime="2026-04-28T21:33:32.4072096+05:30" endTime="2026-04-28T21:33:32.4072101+05:30" testType="13cdc9d9-ddb5-4fa4-a97d-d965ccfc6d4b" outcome="Passed" testListId="8c84fa94-04c1-424b-9868-57a2d4851a1d" relativeResultsDirectory="457e5f95-55f1-4f6a-bbb0-395309371594" />
    <UnitTestResult executionId="3a1466dc-c1f1-4f5f-8021-182e6dca58e5" testId="711e6fb3-4d3e-0fea-73f0-2d17125494b0" testName="SprintMonitor.Tests.Services.RiskAssessmentServiceTests.EvaluateRiskAsync_LowConfidence_WithFewSprints" computerName="DESKTOP-6A6A1RN" duration="00:00:02.2680159" startTime="2026-04-28T21:33:34.4384651+05:30" endTime="2026-04-28T21:33:34.4384657+05:30" testType="13cdc9d9-ddb5-4fa4-a97d-d965ccfc6d4b" outcome="Passed" testListId="8c84fa94-04c1-424b-9868-57a2d4851a1d" relativeResultsDirectory="3a1466dc-c1f1-4f5f-8021-182e6dca58e5" />
    <UnitTestResult executionId="0f9377d6-4c2f-4efc-a1af-19448cc23a1e" testId="4a2044c6-3794-f1ab-c841-8fd7112b7b4d" testName="SprintMonitor.Tests.Services.RiskAssessmentServiceTests.EvaluateRiskAsync_SavesAssessmentToDatabase" computerName="DESKTOP-6A6A1RN" duration="00:00:00.0088612" startTime="2026-04-28T21:33:34.6212049+05:30" endTime="2026-04-28T21:33:34.6212055+05:30" testType="13cdc9d9-ddb5-4fa4-a97d-d965ccfc6d4b" outcome="Passed" testListId="8c84fa94-04c1-424b-9868-57a2d4851a1d" relativeResultsDirectory="0f9377d6-4c2f-4efc-a1af-19448cc23a1e" />
    <UnitTestResult executionId="d84d205a-224c-4f61-a55c-7c87348c8b4c" testId="c668c3ce-8e29-77f1-f20c-a9451a189c0d" testName="SprintMonitor.Tests.Controllers.SprintsControllerTests.CreateSprint_ReturnsBadRequest_WhenNegativeCommittedPoints" computerName="DESKTOP-6A6A1RN" duration="00:00:00.0013422" startTime="2026-04-28T21:33:32.4460708+05:30" endTime="2026-04-28T21:33:32.4460710+05:30" testType="13cdc9d9-ddb5-4fa4-a97d-d965ccfc6d4b" outcome="Passed" testListId="8c84fa94-04c1-424b-9868-57a2d4851a1d" relativeResultsDirectory="d84d205a-224c-4f61-a55c-7c87348c8b4c" />
    <UnitTestResult executionId="99b35c80-b133-4318-9a3e-65d3c50dcaac" testId="49e35dc7-411a-65e9-2828-a475104833f2" testName="SprintMonitor.Tests.Services.RiskAssessmentServiceTests.GetAssessmentHistoryAsync_ReturnsOrderedHistory" computerName="DESKTOP-6A6A1RN" duration="00:00:00.1704153" startTime="2026-04-28T21:33:34.8298317+05:30" endTime="2026-04-28T21:33:34.8298323+05:30" testType="13cdc9d9-ddb5-4fa4-a97d-d965ccfc6d4b" outcome="Passed" testListId="8c84fa94-04c1-424b-9868-57a2d4851a1d" relativeResultsDirectory="99b35c80-b133-4318-9a3e-65d3c50dcaac" />
    <UnitTestResult executionId="bc41bb0a-143e-400e-b108-a72133bfd29f" testId="2883928a-fbd0-1d9b-4d14-7eef88cbbf28" testName="SprintMonitor.Tests.Controllers.TeamsControllerTests.DeleteTeam_ReturnsNoContent_WhenTeamExists" computerName="DESKTOP-6A6A1RN" duration="00:00:00.0024336" startTime="2026-04-28T21:33:32.4739047+05:30" endTime="2026-04-28T21:33:32.4739051+05:30" testType="13cdc9d9-ddb5-4fa4-a97d-d965ccfc6d4b" outcome="Passed" testListId="8c84fa94-04c1-424b-9868-57a2d4851a1d" relativeResultsDirectory="bc41bb0a-143e-400e-b108-a72133bfd29f" />
    <UnitTestResult executionId="b719b66c-3804-47c8-a57d-38f5dcde8ec4" testId="7c040fed-828a-9c86-e6d1-231f805cc470" testName="SprintMonitor.Tests.Controllers.TeamsControllerTests.GetAllTeams_ReturnsEmptyListWhenNoTeams" computerName="DESKTOP-6A6A1RN" duration="00:00:00.0017372" startTime="2026-04-28T21:33:32.4906688+05:30" endTime="2026-04-28T21:33:32.4906692+05:30" testType="13cdc9d9-ddb5-4fa4-a97d-d965ccfc6d4b" outcome="Passed" testListId="8c84fa94-04c1-424b-9868-57a2d4851a1d" relativeResultsDirectory="b719b66c-3804-47c8-a57d-38f5dcde8ec4" />
    <UnitTestResult executionId="c7379ae9-f7ae-4863-b653-8690c16302b7" testId="2c721836-3ff7-51d3-2c38-b7b425157b48" testName="SprintMonitor.Tests.Services.TeamServiceTests.GetAllTeamsAsync_ExcludesInactiveTeams" computerName="DESKTOP-6A6A1RN" duration="00:00:00.0058074" startTime="2026-04-28T21:33:34.2402984+05:30" endTime="2026-04-28T21:33:34.2402988+05:30" testType="13cdc9d9-ddb5-4fa4-a97d-d965ccfc6d4b" outcome="Passed" testListId="8c84fa94-04c1-424b-9868-57a2d4851a1d" relativeResultsDirectory="c7379ae9-f7ae-4863-b653-8690c16302b7" />
    <UnitTestResult executionId="33b13219-77a7-4425-89ee-83fe933c00a0" testId="3b6d5bbc-2b07-652d-b08e-b59f78e654e6" testName="SprintMonitor.Tests.Services.MetricsServiceTests.CalculateMetrics_ZeroSpilloverRate_WhenNoSpillover" computerName="DESKTOP-6A6A1RN" duration="00:00:00.0003571" startTime="2026-04-28T21:33:32.3607351+05:30" endTime="2026-04-28T21:33:32.3607352+05:30" testType="13cdc9d9-ddb5-4fa4-a97d-d965ccfc6d4b" outcome="Passed" testListId="8c84fa94-04c1-424b-9868-57a2d4851a1d" relativeResultsDirectory="33b13219-77a7-4425-89ee-83fe933c00a0" />
    <UnitTestResult executionId="e6ad232a-6e1e-4e13-b675-c8ce8019d9dc" testId="afbcffea-d66b-3ec6-606a-60af60c0321c" testName="SprintMonitor.Tests.Controllers.SprintsControllerTests.UpdateSprint_ReturnsNotFound_WhenSprintDoesNotExist" computerName="DESKTOP-6A6A1RN" duration="00:00:00.0059686" startTime="2026-04-28T21:33:32.4300283+05:30" endTime="2026-04-28T21:33:32.4300292+05:30" testType="13cdc9d9-ddb5-4fa4-a97d-d965ccfc6d4b" outcome="Passed" testListId="8c84fa94-04c1-424b-9868-57a2d4851a1d" relativeResultsDirectory="e6ad232a-6e1e-4e13-b675-c8ce8019d9dc" />
    <UnitTestResult executionId="3a1fa390-3885-4e5d-a02c-447d6c81af78" testId="34dd16a7-1794-9856-c682-fbe555750b2f" testName="SprintMonitor.Tests.Services.RiskAssessmentServiceTests.EvaluateRiskAsync_RecommendationsHavePriority" computerName="DESKTOP-6A6A1RN" duration="00:00:00.1390895" startTime="2026-04-28T21:33:34.5780392+05:30" endTime="2026-04-28T21:33:34.5780398+05:30" testType="13cdc9d9-ddb5-4fa4-a97d-d965ccfc6d4b" outcome="Passed" testListId="8c84fa94-04c1-424b-9868-57a2d4851a1d" relativeResultsDirectory="3a1fa390-3885-4e5d-a02c-447d6c81af78" />
    <UnitTestResult executionId="00239659-df4a-49cd-83d8-1082eef8b29d" testId="38813362-b039-ba9f-8cfe-5ac5d85f364c" testName="SprintMonitor.Tests.Controllers.TeamsControllerTests.GetAllTeams_ReturnsOkWithTeams" computerName="DESKTOP-6A6A1RN" duration="00:00:00.0032527" startTime="2026-04-28T21:33:32.4875859+05:30" endTime="2026-04-28T21:33:32.4875863+05:30" testType="13cdc9d9-ddb5-4fa4-a97d-d965ccfc6d4b" outcome="Passed" testListId="8c84fa94-04c1-424b-9868-57a2d4851a1d" relativeResultsDirectory="00239659-df4a-49cd-83d8-1082eef8b29d" />
    <UnitTestResult executionId="f0e99a1d-cc04-4770-b3e8-9ccbd395aca6" testId="1d2b3548-bfd8-6c3b-bbe2-8e1bacc18b9d" testName="SprintMonitor.Tests.Services.RiskAssessmentServiceTests.EvaluateRiskAsync_ReturnsHighRisk_ForModerateMetricsWithAvailabilityPenalty" computerName="DESKTOP-6A6A1RN" duration="00:00:00.0085828" startTime="2026-04-28T21:33:34.6450823+05:30" endTime="2026-04-28T21:33:34.6450825+05:30" testType="13cdc9d9-ddb5-4fa4-a97d-d965ccfc6d4b" outcome="Passed" testListId="8c84fa94-04c1-424b-9868-57a2d4851a1d" relativeResultsDirectory="f0e99a1d-cc04-4770-b3e8-9ccbd395aca6" />
    <UnitTestResult executionId="3b383b95-972d-4e78-980a-3c2365eaac08" testId="3755cd34-4010-8aa1-da92-23b6c4cf0dfb" testName="SprintMonitor.Tests.Services.RiskAssessmentServiceTests.EvaluateRiskAsync_HighConfidence_WithManyHistoricalSprints" computerName="DESKTOP-6A6A1RN" duration="00:00:00.0078503" startTime="2026-04-28T21:33:34.6291447+05:30" endTime="2026-04-28T21:33:34.6291451+05:30" testType="13cdc9d9-ddb5-4fa4-a97d-d965ccfc6d4b" outcome="Passed" testListId="8c84fa94-04c1-424b-9868-57a2d4851a1d" relativeResultsDirectory="3b383b95-972d-4e78-980a-3c2365eaac08" />
    <UnitTestResult executionId="80b4453a-e23f-4cdf-a5dd-de911702153e" testId="3acbdd40-a0d2-f3b9-7999-4a32492a6a4e" testName="SprintMonitor.Tests.Controllers.RiskAssessmentControllerTests.EvaluateRisk_ReturnsBadRequest_WhenPlannedCommitmentIsZero" computerName="DESKTOP-6A6A1RN" duration="00:00:00.0019861" startTime="2026-04-28T21:33:32.4543284+05:30" endTime="2026-04-28T21:33:32.4543286+05:30" testType="13cdc9d9-ddb5-4fa4-a97d-d965ccfc6d4b" outcome="Passed" testListId="8c84fa94-04c1-424b-9868-57a2d4851a1d" relativeResultsDirectory="80b4453a-e23f-4cdf-a5dd-de911702153e" />
    <UnitTestResult executionId="f0d89425-4435-420b-ac3b-7e294593c526" testId="b57f6e02-c660-4c73-9845-565d1cc8b0b3" testName="SprintMonitor.Tests.Controllers.SprintsControllerTests.GetSprintsByTeam_ReturnsEmptyList_WhenNoSprints" computerName="DESKTOP-6A6A1RN" duration="00:00:00.0067293" startTime="2026-04-28T21:33:32.4458616+05:30" endTime="2026-04-28T21:33:32.4458618+05:30" testType="13cdc9d9-ddb5-4fa4-a97d-d965ccfc6d4b" outcome="Passed" testListId="8c84fa94-04c1-424b-9868-57a2d4851a1d" relativeResultsDirectory="f0d89425-4435-420b-ac3b-7e294593c526" />
    <UnitTestResult executionId="6af26700-0822-4962-a296-b2031e5438f1" testId="11e255a6-d632-0b3c-e0dd-4e5b0ce75131" testName="SprintMonitor.Tests.Services.TeamServiceTests.DeleteTeamAsync_TeamIsMarkedInactiveAfterDelete" computerName="DESKTOP-6A6A1RN" duration="00:00:00.0053457" startTime="2026-04-28T21:33:34.2171508+05:30" endTime="2026-04-28T21:33:34.2171515+05:30" testType="13cdc9d9-ddb5-4fa4-a97d-d965ccfc6d4b" outcome="Passed" testListId="8c84fa94-04c1-424b-9868-57a2d4851a1d" relativeResultsDirectory="6af26700-0822-4962-a296-b2031e5438f1" />
    <UnitTestResult executionId="ece4c967-fe89-426d-b1d4-d4f44fdb34c2" testId="86af41ee-3ec7-24a4-4284-b0b75e132ddd" testName="SprintMonitor.Tests.Services.RiskAssessmentServiceTests.EvaluateRiskAsync_RecommendsReducingCommitment_WhenOvercommitting" computerName="DESKTOP-6A6A1RN" duration="00:00:00.0141503" startTime="2026-04-28T21:33:34.5921246+05:30" endTime="2026-04-28T21:33:34.5921251+05:30" testType="13cdc9d9-ddb5-4fa4-a97d-d965ccfc6d4b" outcome="Passed" testListId="8c84fa94-04c1-424b-9868-57a2d4851a1d" relativeResultsDirectory="ece4c967-fe89-426d-b1d4-d4f44fdb34c2" />
    <UnitTestResult executionId="0ca01d65-ab00-4b33-bad7-107de2351eb8" testId="83f5ad48-b460-f0a6-a45e-663926b9f4c0" testName="SprintMonitor.Tests.Services.TeamServiceTests.DeleteTeamAsync_SoftDeletesTeam_WhenExists" computerName="DESKTOP-6A6A1RN" duration="00:00:00.0829221" startTime="2026-04-28T21:33:34.1313007+05:30" endTime="2026-04-28T21:33:34.1313010+05:30" testType="13cdc9d9-ddb5-4fa4-a97d-d965ccfc6d4b" outcome="Passed" testListId="8c84fa94-04c1-424b-9868-57a2d4851a1d" relativeResultsDirectory="0ca01d65-ab00-4b33-bad7-107de2351eb8" />
    <UnitTestResult executionId="e802fa53-a358-411a-aafd-de6f0b09d967" testId="40d00c69-5529-e271-e174-3fbc33b13d09" testName="SprintMonitor.Tests.Controllers.SprintsControllerTests.GetRecentSprints_UsesDefaultCount" computerName="DESKTOP-6A6A1RN" duration="00:00:00.0128136" startTime="2026-04-28T21:33:32.4597790+05:30" endTime="2026-04-28T21:33:32.4597791+05:30" testType="13cdc9d9-ddb5-4fa4-a97d-d965ccfc6d4b" outcome="Passed" testListId="8c84fa94-04c1-424b-9868-57a2d4851a1d" relativeResultsDirectory="e802fa53-a358-411a-aafd-de6f0b09d967" />
    <UnitTestResult executionId="cc32ed9a-2959-450f-88ae-da4ba734cdc3" testId="c2524f81-e366-7265-2ba0-94576629bcbc" testName="SprintMonitor.Tests.Controllers.TeamsControllerTests.UpdateTeam_ReturnsNotFound_WhenTeamDoesNotExist" computerName="DESKTOP-6A6A1RN" duration="00:00:00.0028714" startTime="2026-04-28T21:33:32.4713708+05:30" endTime="2026-04-28T21:33:32.4713711+05:30" testType="13cdc9d9-ddb5-4fa4-a97d-d965ccfc6d4b" outcome="Passed" testListId="8c84fa94-04c1-424b-9868-57a2d4851a1d" relativeResultsDirectory="cc32ed9a-2959-450f-88ae-da4ba734cdc3" />
    <UnitTestResult executionId="1f16931f-95c5-4c6c-bcd7-5182203a9d92" testId="c1cd69ea-90cf-5960-bbc6-f3c67b6f9c1c" testName="SprintMonitor.Tests.Services.TeamServiceTests.UpdateTeamAsync_UpdatesTeam_WhenExists" computerName="DESKTOP-6A6A1RN" duration="00:00:00.0047646" startTime="2026-04-28T21:33:34.2220827+05:30" endTime="2026-04-28T21:33:34.2220832+05:30" testType="13cdc9d9-ddb5-4fa4-a97d-d965ccfc6d4b" outcome="Passed" testListId="8c84fa94-04c1-424b-9868-57a2d4851a1d" relativeResultsDirectory="1f16931f-95c5-4c6c-bcd7-5182203a9d92" />
    <UnitTestResult executionId="73f5a884-829c-4a24-9543-4a2b8193db6f" testId="fe43978c-415e-4f03-c8e7-a236eccedb9f" testName="SprintMonitor.Tests.Services.MetricsServiceTests.CalculateMetrics_CalculatesCVR_WhenPlannedCommitmentProvided" computerName="DESKTOP-6A6A1RN" duration="00:00:00.0566537" startTime="2026-04-28T21:33:32.2570254+05:30" endTime="2026-04-28T21:33:32.2570750+05:30" testType="13cdc9d9-ddb5-4fa4-a97d-d965ccfc6d4b" outcome="Passed" testListId="8c84fa94-04c1-424b-9868-57a2d4851a1d" relativeResultsDirectory="73f5a884-829c-4a24-9543-4a2b8193db6f" />
    <UnitTestResult executionId="1f394ec4-bc25-4bc0-b2c6-1e12e5655878" testId="5082b9a5-8477-824e-1d49-4ea2bbfa2c93" testName="SprintMonitor.Tests.Services.MetricsServiceTests.CalculateMetrics_HandlesSingleSprint" computerName="DESKTOP-6A6A1RN" duration="00:00:00.0004147" startTime="2026-04-28T21:33:32.3596759+05:30" endTime="2026-04-28T21:33:32.3596762+05:30" testType="13cdc9d9-ddb5-4fa4-a97d-d965ccfc6d4b" outcome="Passed" testListId="8c84fa94-04c1-424b-9868-57a2d4851a1d" relativeResultsDirectory="1f394ec4-bc25-4bc0-b2c6-1e12e5655878" />
    <UnitTestResult executionId="1cfead38-0b79-461f-a794-f4431bd2e18d" testId="91d94b6b-650f-93f4-cb4d-b3f1f19013ae" testName="SprintMonitor.Tests.Services.RiskAssessmentServiceTests.EvaluateRiskAsync_IncludesVelocityVariabilityFactor" computerName="DESKTOP-6A6A1RN" duration="00:00:00.0089473" startTime="2026-04-28T21:33:34.6541476+05:30" endTime="2026-04-28T21:33:34.6541480+05:30" testType="13cdc9d9-ddb5-4fa4-a97d-d965ccfc6d4b" outcome="Passed" testListId="8c84fa94-04c1-424b-9868-57a2d4851a1d" relativeResultsDirectory="1cfead38-0b79-461f-a794-f4431bd2e18d" />
  </Results>
  <TestDefinitions>
    <UnitTest name="SprintMonitor.Tests.Controllers.SprintsControllerTests.CreateSprint_ReturnsBadRequest_WhenNegativeCompletedPoints" storage="c:\users\sunit\desktop\dissertation project\sprint_monitor\sprint-monitor-api\sprintmonitor.tests\bin\debug\net8.0\sprintmonitor.tests.dll" id="ac9a534b-94fc-047e-6d1e-2f8104405a60">
      <Execution id="bce0ed7f-6410-441d-92c9-f2fb7a4978cc" />
      <TestMethod codeBase="C:\Users\sunit\Desktop\Dissertation Project\Sprint_Monitor\sprint-monitor-api\SprintMonitor.Tests\bin\Debug\net8.0\SprintMonitor.Tests.dll" adapterTypeName="executor://xunit/VsTestRunner2/netcoreapp" className="SprintMonitor.Tests.Controllers.SprintsControllerTests" name="CreateSprint_ReturnsBadRequest_WhenNegativeCompletedPoints" />
    </UnitTest>
    <UnitTest name="SprintMonitor.Tests.Services.RiskAssessmentServiceTests.EvaluateRiskAsync_ReturnsHighRisk_ForModerateMetricsWithAvailabilityPenalty" storage="c:\users\sunit\desktop\dissertation project\sprint_monitor\sprint-monitor-api\sprintmonitor.tests\bin\debug\net8.0\sprintmonitor.tests.dll" id="1d2b3548-bfd8-6c3b-bbe2-8e1bacc18b9d">
      <Execution id="f0e99a1d-cc04-4770-b3e8-9ccbd395aca6" />
      <TestMethod codeBase="C:\Users\sunit\Desktop\Dissertation Project\Sprint_Monitor\sprint-monitor-api\SprintMonitor.Tests\bin\Debug\net8.0\SprintMonitor.Tests.dll" adapterTypeName="executor://xunit/VsTestRunner2/netcoreapp" className="SprintMonitor.Tests.Services.RiskAssessmentServiceTests" name="EvaluateRiskAsync_ReturnsHighRisk_ForModerateMetricsWithAvailabilityPenalty" />
    </UnitTest>
    <UnitTest name="SprintMonitor.Tests.Services.TeamServiceTests.DeleteTeamAsync_TeamIsMarkedInactiveAfterDelete" storage="c:\users\sunit\desktop\dissertation project\sprint_monitor\sprint-monitor-api\sprintmonitor.tests\bin\debug\net8.0\sprintmonitor.tests.dll" id="11e255a6-d632-0b3c-e0dd-4e5b0ce75131">
      <Execution id="6af26700-0822-4962-a296-b2031e5438f1" />
      <TestMethod codeBase="C:\Users\sunit\Desktop\Dissertation Project\Sprint_Monitor\sprint-monitor-api\SprintMonitor.Tests\bin\Debug\net8.0\SprintMonitor.Tests.dll" adapterTypeName="executor://xunit/VsTestRunner2/netcoreapp" className="SprintMonitor.Tests.Services.TeamServiceTests" name="DeleteTeamAsync_TeamIsMarkedInactiveAfterDelete" />
    </UnitTest>
    <UnitTest name="SprintMonitor.Tests.Controllers.SprintsControllerTests.DeleteSprint_ReturnsNotFound_WhenSprintDoesNotExist" storage="c:\users\sunit\desktop\dissertation project\sprint_monitor\sprint-monitor-api\sprintmonitor.tests\bin\debug\net8.0\sprintmonitor.tests.dll" id="bbedff67-ba3d-882d-aed5-edbd2afabb22">
      <Execution id="b29b42d0-0ad8-4173-9700-fc5b96281af3" />
      <TestMethod codeBase="C:\Users\sunit\Desktop\Dissertation Project\Sprint_Monitor\sprint-monitor-api\SprintMonitor.Tests\bin\Debug\net8.0\SprintMonitor.Tests.dll" adapterTypeName="executor://xunit/VsTestRunner2/netcoreapp" className="SprintMonitor.Tests.Controllers.SprintsControllerTests" name="DeleteSprint_ReturnsNotFound_WhenSprintDoesNotExist" />
    </UnitTest>
    <UnitTest name="SprintMonitor.Tests.Services.MetricsServiceTests.CalculateMetrics_HandlesVeryLowCommitment" storage="c:\users\sunit\desktop\dissertation project\sprint_monitor\sprint-monitor-api\sprintmonitor.tests\bin\debug\net8.0\sprintmonitor.tests.dll" id="37a20fa5-630f-5b62-6688-a9b45341ad0d">
      <Execution id="ea640fd6-3e2e-4180-9d71-efb9ee331f85" />
      <TestMethod codeBase="C:\Users\sunit\Desktop\Dissertation Project\Sprint_Monitor\sprint-monitor-api\SprintMonitor.Tests\bin\Debug\net8.0\SprintMonitor.Tests.dll" adapterTypeName="executor://xunit/VsTestRunner2/netcoreapp" className="SprintMonitor.Tests.Services.MetricsServiceTests" name="CalculateMetrics_HandlesVeryLowCommitment" />
    </UnitTest>
    <UnitTest name="SprintMonitor.Tests.Services.SprintServiceTests.CreateSprintAsync_CreatesNewSprint" storage="c:\users\sunit\desktop\dissertation project\sprint_monitor\sprint-monitor-api\sprintmonitor.tests\bin\debug\net8.0\sprintmonitor.tests.dll" id="9698218e-c1f7-1e93-2dc5-7088a4f87cd4">
      <Execution id="2f22ad66-7c93-470b-9984-620097851b7b" />
      <TestMethod codeBase="C:\Users\sunit\Desktop\Dissertation Project\Sprint_Monitor\sprint-monitor-api\SprintMonitor.Tests\bin\Debug\net8.0\SprintMonitor.Tests.dll" adapterTypeName="executor://xunit/VsTestRunner2/netcoreapp" className="SprintMonitor.Tests.Services.SprintServiceTests" name="CreateSprintAsync_CreatesNewSprint" />
    </UnitTest>
    <UnitTest name="SprintMonitor.Tests.Services.MetricsServiceTests.CalculateMetrics_LowCV_WithConsistentVelocity" storage="c:\users\sunit\desktop\dissertation project\sprint_monitor\sprint-monitor-api\sprintmonitor.tests\bin\debug\net8.0\sprintmonitor.tests.dll" id="7c5b8dd9-210d-a172-4e9b-9105a84185b6">
      <Execution id="9e7f890d-4367-4b33-a056-42880992bc76" />
      <TestMethod codeBase="C:\Users\sunit\Desktop\Dissertation Project\Sprint_Monitor\sprint-monitor-api\SprintMonitor.Tests\bin\Debug\net8.0\SprintMonitor.Tests.dll" adapterTypeName="executor://xunit/VsTestRunner2/netcoreapp" className="SprintMonitor.Tests.Services.MetricsServiceTests" name="CalculateMetrics_LowCV_WithConsistentVelocity" />
    </UnitTest>
    <UnitTest name="SprintMonitor.Tests.Services.TeamServiceTests.GetTeamByIdAsync_ReturnsTeam_WhenExists" storage="c:\users\sunit\desktop\dissertation project\sprint_monitor\sprint-monitor-api\sprintmonitor.tests\bin\debug\net8.0\sprintmonitor.tests.dll" id="87b5d955-4b45-dbd0-e933-2aecf5d95fbc">
      <Execution id="86636e6f-b8fb-4730-8183-5a094b3d6d04" />
      <TestMethod codeBase="C:\Users\sunit\Desktop\Dissertation Project\Sprint_Monitor\sprint-monitor-api\SprintMonitor.Tests\bin\Debug\net8.0\SprintMonitor.Tests.dll" adapterTypeName="executor://xunit/VsTestRunner2/netcoreapp" className="SprintMonitor.Tests.Services.TeamServiceTests" name="GetTeamByIdAsync_ReturnsTeam_WhenExists" />
    </UnitTest>
    <UnitTest name="SprintMonitor.Tests.Services.SprintServiceTests.UpdateSprintAsync_ReturnsNull_WhenSprintNotExists" storage="c:\users\sunit\desktop\dissertation project\sprint_monitor\sprint-monitor-api\sprintmonitor.tests\bin\debug\net8.0\sprintmonitor.tests.dll" id="65946560-ca6e-8050-613f-fbe2e1b60e23">
      <Execution id="a6078700-9560-4be8-a406-884ea7134f84" />
      <TestMethod codeBase="C:\Users\sunit\Desktop\Dissertation Project\Sprint_Monitor\sprint-monitor-api\SprintMonitor.Tests\bin\Debug\net8.0\SprintMonitor.Tests.dll" adapterTypeName="executor://xunit/VsTestRunner2/netcoreapp" className="SprintMonitor.Tests.Services.SprintServiceTests" name="UpdateSprintAsync_ReturnsNull_WhenSprintNotExists" />
    </UnitTest>
    <UnitTest name="SprintMonitor.Tests.Services.TeamServiceTests.GetTeamByIdAsync_ReturnsNull_WhenNotExists" storage="c:\users\sunit\desktop\dissertation project\sprint_monitor\sprint-monitor-api\sprintmonitor.tests\bin\debug\net8.0\sprintmonitor.tests.dll" id="2384abbb-0a84-1c65-f849-bddaf32b6c19">
      <Execution id="fe6df71a-9259-4313-b077-782822405859" />
      <TestMethod codeBase="C:\Users\sunit\Desktop\Dissertation Project\Sprint_Monitor\sprint-monitor-api\SprintMonitor.Tests\bin\Debug\net8.0\SprintMonitor.Tests.dll" adapterTypeName="executor://xunit/VsTestRunner2/netcoreapp" className="SprintMonitor.Tests.Services.TeamServiceTests" name="GetTeamByIdAsync_ReturnsNull_WhenNotExists" />
    </UnitTest>
    <UnitTest name="SprintMonitor.Tests.Services.TeamServiceTests.CreateTeamAsync_TeamExistsInDatabase" storage="c:\users\sunit\desktop\dissertation project\sprint_monitor\sprint-monitor-api\sprintmonitor.tests\bin\debug\net8.0\sprintmonitor.tests.dll" id="cbdf0f34-78a3-c19d-8e3b-be975d3295cf">
      <Execution id="f44820f5-d842-432a-b6d9-6828ba82c947" />
      <TestMethod codeBase="C:\Users\sunit\Desktop\Dissertation Project\Sprint_Monitor\sprint-monitor-api\SprintMonitor.Tests\bin\Debug\net8.0\SprintMonitor.Tests.dll" adapterTypeName="executor://xunit/VsTestRunner2/netcoreapp" className="SprintMonitor.Tests.Services.TeamServiceTests" name="CreateTeamAsync_TeamExistsInDatabase" />
    </UnitTest>
    <UnitTest name="SprintMonitor.Tests.Controllers.RiskAssessmentControllerTests.EvaluateRisk_ReturnsBadRequest_WhenTeamAvailabilityIsNegative" storage="c:\users\sunit\desktop\dissertation project\sprint_monitor\sprint-monitor-api\sprintmonitor.tests\bin\debug\net8.0\sprintmonitor.tests.dll" id="b00b466d-4393-df14-41e9-90080332d347">
      <Execution id="69d44641-b705-4378-bdfb-f8e18ff84b6c" />
      <TestMethod codeBase="C:\Users\sunit\Desktop\Dissertation Project\Sprint_Monitor\sprint-monitor-api\SprintMonitor.Tests\bin\Debug\net8.0\SprintMonitor.Tests.dll" adapterTypeName="executor://xunit/VsTestRunner2/netcoreapp" className="SprintMonitor.Tests.Controllers.RiskAssessmentControllerTests" name="EvaluateRisk_ReturnsBadRequest_WhenTeamAvailabilityIsNegative" />
    </UnitTest>
    <UnitTest name="SprintMonitor.Tests.Services.SprintServiceTests.GetRecentSprintsAsync_ReturnsMostRecentSprints" storage="c:\users\sunit\desktop\dissertation project\sprint_monitor\sprint-monitor-api\sprintmonitor.tests\bin\debug\net8.0\sprintmonitor.tests.dll" id="1add0938-8f09-87d9-2d47-077eb0f84b00">
      <Execution id="e8ae7ddf-b956-4426-8533-834c594e4051" />
      <TestMethod codeBase="C:\Users\sunit\Desktop\Dissertation Project\Sprint_Monitor\sprint-monitor-api\SprintMonitor.Tests\bin\Debug\net8.0\SprintMonitor.Tests.dll" adapterTypeName="executor://xunit/VsTestRunner2/netcoreapp" className="SprintMonitor.Tests.Services.SprintServiceTests" name="GetRecentSprintsAsync_ReturnsMostRecentSprints" />
    </UnitTest>
    <UnitTest name="SprintMonitor.Tests.Services.SprintServiceTests.GetSprintByIdAsync_ReturnsSprint_WhenExists" storage="c:\users\sunit\desktop\dissertation project\sprint_monitor\sprint-monitor-api\sprintmonitor.tests\bin\debug\net8.0\sprintmonitor.tests.dll" id="e7c81b60-edf0-d262-d67f-fe59fad95922">
      <Execution id="a8a1573f-d0fb-4046-8b1b-c570437e853b" />
      <TestMethod codeBase="C:\Users\sunit\Desktop\Dissertation Project\Sprint_Monitor\sprint-monitor-api\SprintMonitor.Tests\bin\Debug\net8.0\SprintMonitor.Tests.dll" adapterTypeName="executor://xunit/VsTestRunner2/netcoreapp" className="SprintMonitor.Tests.Services.SprintServiceTests" name="GetSprintByIdAsync_ReturnsSprint_WhenExists" />
    </UnitTest>
    <UnitTest name="SprintMonitor.Tests.Controllers.SprintsControllerTests.GetSprint_ReturnsOk_WhenSprintExists" storage="c:\users\sunit\desktop\dissertation project\sprint_monitor\sprint-monitor-api\sprintmonitor.tests\bin\debug\net8.0\sprintmonitor.tests.dll" id="953bef0b-9d9d-1db9-1261-d96a0633e0c1">
      <Execution id="6a853b40-031d-460d-9c1a-a0fdba7144da" />
      <TestMethod codeBase="C:\Users\sunit\Desktop\Dissertation Project\Sprint_Monitor\sprint-monitor-api\SprintMonitor.Tests\bin\Debug\net8.0\SprintMonitor.Tests.dll" adapterTypeName="executor://xunit/VsTestRunner2/netcoreapp" className="SprintMonitor.Tests.Controllers.SprintsControllerTests" name="GetSprint_ReturnsOk_WhenSprintExists" />
    </UnitTest>
    <UnitTest name="SprintMonitor.Tests.Services.TeamServiceTests.GetAllTeamsAsync_ReturnsActiveTeams" storage="c:\users\sunit\desktop\dissertation project\sprint_monitor\sprint-monitor-api\sprintmonitor.tests\bin\debug\net8.0\sprintmonitor.tests.dll" id="107b051a-5602-e11b-9f79-7e3b0ae5a0f9">
      <Execution id="8021654c-b3da-4e5d-8289-9b3d74eb3055" />
      <TestMethod codeBase="C:\Users\sunit\Desktop\Dissertation Project\Sprint_Monitor\sprint-monitor-api\SprintMonitor.Tests\bin\Debug\net8.0\SprintMonitor.Tests.dll" adapterTypeName="executor://xunit/VsTestRunner2/netcoreapp" className="SprintMonitor.Tests.Services.TeamServiceTests" name="GetAllTeamsAsync_ReturnsActiveTeams" />
    </UnitTest>
    <UnitTest name="SprintMonitor.Tests.Controllers.SprintsControllerTests.GetRecentSprints_ReturnsOkWithSprints" storage="c:\users\sunit\desktop\dissertation project\sprint_monitor\sprint-monitor-api\sprintmonitor.tests\bin\debug\net8.0\sprintmonitor.tests.dll" id="9625d8df-6d67-af35-34c1-558d9ffcaf95">
      <Execution id="a73e6e21-e860-4233-84dc-7f6ce6f67c24" />
      <TestMethod codeBase="C:\Users\sunit\Desktop\Dissertation Project\Sprint_Monitor\sprint-monitor-api\SprintMonitor.Tests\bin\Debug\net8.0\SprintMonitor.Tests.dll" adapterTypeName="executor://xunit/VsTestRunner2/netcoreapp" className="SprintMonitor.Tests.Controllers.SprintsControllerTests" name="GetRecentSprints_ReturnsOkWithSprints" />
    </UnitTest>
    <UnitTest name="SprintMonitor.Tests.Controllers.TeamsControllerTests.UpdateTeam_ReturnsNotFound_WhenTeamDoesNotExist" storage="c:\users\sunit\desktop\dissertation project\sprint_monitor\sprint-monitor-api\sprintmonitor.tests\bin\debug\net8.0\sprintmonitor.tests.dll" id="c2524f81-e366-7265-2ba0-94576629bcbc">
      <Execution id="cc32ed9a-2959-450f-88ae-da4ba734cdc3" />
      <TestMethod codeBase="C:\Users\sunit\Desktop\Dissertation Project\Sprint_Monitor\sprint-monitor-api\SprintMonitor.Tests\bin\Debug\net8.0\SprintMonitor.Tests.dll" adapterTypeName="executor://xunit/VsTestRunner2/netcoreapp" className="SprintMonitor.Tests.Controllers.TeamsControllerTests" name="UpdateTeam_ReturnsNotFound_WhenTeamDoesNotExist" />
    </UnitTest>
    <UnitTest name="SprintMonitor.Tests.Services.RiskAssessmentServiceTests.EvaluateRiskAsync_ReturnsHighRisk_ForHighRiskMetrics" storage="c:\users\sunit\desktop\dissertation project\sprint_monitor\sprint-monitor-api\sprintmonitor.tests\bin\debug\net8.0\sprintmonitor.tests.dll" id="cfd4982a-47e1-f2ed-b463-1bb9bfd492c6">
      <Execution id="4beea7f1-dfbe-4f97-8d8d-0a50588f7a32" />
      <TestMethod codeBase="C:\Users\sunit\Desktop\Dissertation Project\Sprint_Monitor\sprint-monitor-api\SprintMonitor.Tests\bin\Debug\net8.0\SprintMonitor.Tests.dll" adapterTypeName="executor://xunit/VsTestRunner2/netcoreapp" className="SprintMonitor.Tests.Services.RiskAssessmentServiceTests" name="EvaluateRiskAsync_ReturnsHighRisk_ForHighRiskMetrics" />
    </UnitTest>
    <UnitTest name="SprintMonitor.Tests.Controllers.TeamsControllerTests.UpdateTeam_ReturnsOk_WhenTeamExists" storage="c:\users\sunit\desktop\dissertation project\sprint_monitor\sprint-monitor-api\sprintmonitor.tests\bin\debug\net8.0\sprintmonitor.tests.dll" id="c2cd2ed3-4905-395f-a914-9280a0c87bd7">
      <Execution id="58a14eae-5c27-4f63-9d3a-bac6ff74830c" />
      <TestMethod codeBase="C:\Users\sunit\Desktop\Dissertation Project\Sprint_Monitor\sprint-monitor-api\SprintMonitor.Tests\bin\Debug\net8.0\SprintMonitor.Tests.dll" adapterTypeName="executor://xunit/VsTestRunner2/netcoreapp" className="SprintMonitor.Tests.Controllers.TeamsControllerTests" name="UpdateTeam_ReturnsOk_WhenTeamExists" />
    </UnitTest>
    <UnitTest name="SprintMonitor.Tests.Controllers.TeamsControllerTests.DeleteTeam_ReturnsNotFound_WhenTeamDoesNotExist" storage="c:\users\sunit\desktop\dissertation project\sprint_monitor\sprint-monitor-api\sprintmonitor.tests\bin\debug\net8.0\sprintmonitor.tests.dll" id="a2da4fb5-c080-c6c3-88e7-6faee1f12c9a">
      <Execution id="457e5f95-55f1-4f6a-bbb0-395309371594" />
      <TestMethod codeBase="C:\Users\sunit\Desktop\Dissertation Project\Sprint_Monitor\sprint-monitor-api\SprintMonitor.Tests\bin\Debug\net8.0\SprintMonitor.Tests.dll" adapterTypeName="executor://xunit/VsTestRunner2/netcoreapp" className="SprintMonitor.Tests.Controllers.TeamsControllerTests" name="DeleteTeam_ReturnsNotFound_WhenTeamDoesNotExist" />
    </UnitTest>
    <UnitTest name="SprintMonitor.Tests.Controllers.TeamsControllerTests.CreateTeam_ReturnsBadRequest_WhenNameIsWhitespace" storage="c:\users\sunit\desktop\dissertation project\sprint_monitor\sprint-monitor-api\sprintmonitor.tests\bin\debug\net8.0\sprintmonitor.tests.dll" id="8fd77805-61d7-5f0c-2889-88adba000385">
      <Execution id="17b82cf9-3a59-40dc-8d95-b22d37daa882" />
      <TestMethod codeBase="C:\Users\sunit\Desktop\Dissertation Project\Sprint_Monitor\sprint-monitor-api\SprintMonitor.Tests\bin\Debug\net8.0\SprintMonitor.Tests.dll" adapterTypeName="executor://xunit/VsTestRunner2/netcoreapp" className="SprintMonitor.Tests.Controllers.TeamsControllerTests" name="CreateTeam_ReturnsBadRequest_WhenNameIsWhitespace" />
    </UnitTest>
    <UnitTest name="SprintMonitor.Tests.Controllers.RiskAssessmentControllerTests.GetAssessmentHistory_ReturnsOk_WithAssessments" storage="c:\users\sunit\desktop\dissertation project\sprint_monitor\sprint-monitor-api\sprintmonitor.tests\bin\debug\net8.0\sprintmonitor.tests.dll" id="01756942-b786-4e10-06c2-b38b42a47316">
      <Execution id="06f07333-114a-44ff-a8be-06e68a2a29d3" />
      <TestMethod codeBase="C:\Users\sunit\Desktop\Dissertation Project\Sprint_Monitor\sprint-monitor-api\SprintMonitor.Tests\bin\Debug\net8.0\SprintMonitor.Tests.dll" adapterTypeName="executor://xunit/VsTestRunner2/netcoreapp" className="SprintMonitor.Tests.Controllers.RiskAssessmentControllerTests" name="GetAssessmentHistory_ReturnsOk_WithAssessments" />
    </UnitTest>
    <UnitTest name="SprintMonitor.Tests.Controllers.SprintsControllerTests.UpdateSprint_ReturnsOk_WhenSprintExists" storage="c:\users\sunit\desktop\dissertation project\sprint_monitor\sprint-monitor-api\sprintmonitor.tests\bin\debug\net8.0\sprintmonitor.tests.dll" id="decedc0f-ffde-f2c2-f25e-219101d7d472">
      <Execution id="10b8d0a6-4773-4810-87e7-b5185c724e87" />
      <TestMethod codeBase="C:\Users\sunit\Desktop\Dissertation Project\Sprint_Monitor\sprint-monitor-api\SprintMonitor.Tests\bin\Debug\net8.0\SprintMonitor.Tests.dll" adapterTypeName="executor://xunit/VsTestRunner2/netcoreapp" className="SprintMonitor.Tests.Controllers.SprintsControllerTests" name="UpdateSprint_ReturnsOk_WhenSprintExists" />
    </UnitTest>
    <UnitTest name="SprintMonitor.Tests.Services.RiskAssessmentServiceTests.EvaluateRiskAsync_RecommendationsHavePriority" storage="c:\users\sunit\desktop\dissertation project\sprint_monitor\sprint-monitor-api\sprintmonitor.tests\bin\debug\net8.0\sprintmonitor.tests.dll" id="34dd16a7-1794-9856-c682-fbe555750b2f">
      <Execution id="3a1fa390-3885-4e5d-a02c-447d6c81af78" />
      <TestMethod codeBase="C:\Users\sunit\Desktop\Dissertation Project\Sprint_Monitor\sprint-monitor-api\SprintMonitor.Tests\bin\Debug\net8.0\SprintMonitor.Tests.dll" adapterTypeName="executor://xunit/VsTestRunner2/netcoreapp" className="SprintMonitor.Tests.Services.RiskAssessmentServiceTests" name="EvaluateRiskAsync_RecommendationsHavePriority" />
    </UnitTest>
    <UnitTest name="SprintMonitor.Tests.Services.TeamServiceTests.UpdateTeamAsync_UpdatesTeam_WhenExists" storage="c:\users\sunit\desktop\dissertation project\sprint_monitor\sprint-monitor-api\sprintmonitor.tests\bin\debug\net8.0\sprintmonitor.tests.dll" id="c1cd69ea-90cf-5960-bbc6-f3c67b6f9c1c">
      <Execution id="1f16931f-95c5-4c6c-bcd7-5182203a9d92" />
      <TestMethod codeBase="C:\Users\sunit\Desktop\Dissertation Project\Sprint_Monitor\sprint-monitor-api\SprintMonitor.Tests\bin\Debug\net8.0\SprintMonitor.Tests.dll" adapterTypeName="executor://xunit/VsTestRunner2/netcoreapp" className="SprintMonitor.Tests.Services.TeamServiceTests" name="UpdateTeamAsync_UpdatesTeam_WhenExists" />
    </UnitTest>
    <UnitTest name="SprintMonitor.Tests.Controllers.SprintsControllerTests.GetSprint_ReturnsNotFound_WhenSprintDoesNotExist" storage="c:\users\sunit\desktop\dissertation project\sprint_monitor\sprint-monitor-api\sprintmonitor.tests\bin\debug\net8.0\sprintmonitor.tests.dll" id="b7656f98-f723-0bfd-59d7-a147ad61d131">
      <Execution id="fe4561ff-beed-4471-86ed-c80a35551f32" />
      <TestMethod codeBase="C:\Users\sunit\Desktop\Dissertation Project\Sprint_Monitor\sprint-monitor-api\SprintMonitor.Tests\bin\Debug\net8.0\SprintMonitor.Tests.dll" adapterTypeName="executor://xunit/VsTestRunner2/netcoreapp" className="SprintMonitor.Tests.Controllers.SprintsControllerTests" name="GetSprint_ReturnsNotFound_WhenSprintDoesNotExist" />
    </UnitTest>
    <UnitTest name="SprintMonitor.Tests.Services.RiskAssessmentServiceTests.EvaluateRiskAsync_IncludesVelocityVariabilityFactor" storage="c:\users\sunit\desktop\dissertation project\sprint_monitor\sprint-monitor-api\sprintmonitor.tests\bin\debug\net8.0\sprintmonitor.tests.dll" id="91d94b6b-650f-93f4-cb4d-b3f1f19013ae">
      <Execution id="1cfead38-0b79-461f-a794-f4431bd2e18d" />
      <TestMethod codeBase="C:\Users\sunit\Desktop\Dissertation Project\Sprint_Monitor\sprint-monitor-api\SprintMonitor.Tests\bin\Debug\net8.0\SprintMonitor.Tests.dll" adapterTypeName="executor://xunit/VsTestRunner2/netcoreapp" className="SprintMonitor.Tests.Services.RiskAssessmentServiceTests" name="EvaluateRiskAsync_IncludesVelocityVariabilityFactor" />
    </UnitTest>
    <UnitTest name="SprintMonitor.Tests.Controllers.RiskAssessmentControllerTests.GetAssessmentHistory_ReturnsEmptyList_WhenNoAssessments" storage="c:\users\sunit\desktop\dissertation project\sprint_monitor\sprint-monitor-api\sprintmonitor.tests\bin\debug\net8.0\sprintmonitor.tests.dll" id="848551cd-4179-ae26-cc7a-4497cd3bbb1b">
      <Execution id="4f83d8ca-fb20-48d5-baa7-40b2166a8a4f" />
      <TestMethod codeBase="C:\Users\sunit\Desktop\Dissertation Project\Sprint_Monitor\sprint-monitor-api\SprintMonitor.Tests\bin\Debug\net8.0\SprintMonitor.Tests.dll" adapterTypeName="executor://xunit/VsTestRunner2/netcoreapp" className="SprintMonitor.Tests.Controllers.RiskAssessmentControllerTests" name="GetAssessmentHistory_ReturnsEmptyList_WhenNoAssessments" />
    </UnitTest>
    <UnitTest name="SprintMonitor.Tests.Controllers.SprintsControllerTests.GetSprintsByTeam_ReturnsEmptyList_WhenNoSprints" storage="c:\users\sunit\desktop\dissertation project\sprint_monitor\sprint-monitor-api\sprintmonitor.tests\bin\debug\net8.0\sprintmonitor.tests.dll" id="b57f6e02-c660-4c73-9845-565d1cc8b0b3">
      <Execution id="f0d89425-4435-420b-ac3b-7e294593c526" />
      <TestMethod codeBase="C:\Users\sunit\Desktop\Dissertation Project\Sprint_Monitor\sprint-monitor-api\SprintMonitor.Tests\bin\Debug\net8.0\SprintMonitor.Tests.dll" adapterTypeName="executor://xunit/VsTestRunner2/netcoreapp" className="SprintMonitor.Tests.Controllers.SprintsControllerTests" name="GetSprintsByTeam_ReturnsEmptyList_WhenNoSprints" />
    </UnitTest>
    <UnitTest name="SprintMonitor.Tests.Controllers.TeamsControllerTests.CreateTeam_ReturnsCreated_WhenValidData" storage="c:\users\sunit\desktop\dissertation project\sprint_monitor\sprint-monitor-api\sprintmonitor.tests\bin\debug\net8.0\sprintmonitor.tests.dll" id="6155aebe-207f-adf2-febb-f8637d68e7ca">
      <Execution id="9907d431-2c28-4d61-af90-1856f18b13f0" />
      <TestMethod codeBase="C:\Users\sunit\Desktop\Dissertation Project\Sprint_Monitor\sprint-monitor-api\SprintMonitor.Tests\bin\Debug\net8.0\SprintMonitor.Tests.dll" adapterTypeName="executor://xunit/VsTestRunner2/netcoreapp" className="SprintMonitor.Tests.Controllers.TeamsControllerTests" name="CreateTeam_ReturnsCreated_WhenValidData" />
    </UnitTest>
    <UnitTest name="SprintMonitor.Tests.Services.TeamServiceTests.UpdateTeamAsync_ReturnsNull_WhenTeamNotExists" storage="c:\users\sunit\desktop\dissertation project\sprint_monitor\sprint-monitor-api\sprintmonitor.tests\bin\debug\net8.0\sprintmonitor.tests.dll" id="b0d0aeb8-d92f-3193-5dc4-296f77d9f9cc">
      <Execution id="0262c92a-b6c6-4d72-8a48-8599b8a96d77" />
      <TestMethod codeBase="C:\Users\sunit\Desktop\Dissertation Project\Sprint_Monitor\sprint-monitor-api\SprintMonitor.Tests\bin\Debug\net8.0\SprintMonitor.Tests.dll" adapterTypeName="executor://xunit/VsTestRunner2/netcoreapp" className="SprintMonitor.Tests.Services.TeamServiceTests" name="UpdateTeamAsync_ReturnsNull_WhenTeamNotExists" />
    </UnitTest>
    <UnitTest name="SprintMonitor.Tests.Services.MetricsServiceTests.CalculateMetrics_HandlesVeryHighCommitment" storage="c:\users\sunit\desktop\dissertation project\sprint_monitor\sprint-monitor-api\sprintmonitor.tests\bin\debug\net8.0\sprintmonitor.tests.dll" id="81fa6ea6-ec03-4365-2003-18e7909a7075">
      <Execution id="f3c307fa-24a3-4c82-beb6-39449f0eb16b" />
      <TestMethod codeBase="C:\Users\sunit\Desktop\Dissertation Project\Sprint_Monitor\sprint-monitor-api\SprintMonitor.Tests\bin\Debug\net8.0\SprintMonitor.Tests.dll" adapterTypeName="executor://xunit/VsTestRunner2/netcoreapp" className="SprintMonitor.Tests.Services.MetricsServiceTests" name="CalculateMetrics_HandlesVeryHighCommitment" />
    </UnitTest>
    <UnitTest name="SprintMonitor.Tests.Services.SprintServiceTests.DeleteSprintAsync_DeletesSprint_WhenExists" storage="c:\users\sunit\desktop\dissertation project\sprint_monitor\sprint-monitor-api\sprintmonitor.tests\bin\debug\net8.0\sprintmonitor.tests.dll" id="b625bce3-86ee-c386-24a8-43a03d2709c9">
      <Execution id="d0b936ec-0f72-44a7-b858-6f6f3c2b7ec5" />
      <TestMethod codeBase="C:\Users\sunit\Desktop\Dissertation Project\Sprint_Monitor\sprint-monitor-api\SprintMonitor.Tests\bin\Debug\net8.0\SprintMonitor.Tests.dll" adapterTypeName="executor://xunit/VsTestRunner2/netcoreapp" className="SprintMonitor.Tests.Services.SprintServiceTests" name="DeleteSprintAsync_DeletesSprint_WhenExists" />
    </UnitTest>
    <UnitTest name="SprintMonitor.Tests.Controllers.RiskAssessmentControllerTests.GetAssessment_ReturnsNotFound_WhenAssessmentDoesNotExist" storage="c:\users\sunit\desktop\dissertation project\sprint_monitor\sprint-monitor-api\sprintmonitor.tests\bin\debug\net8.0\sprintmonitor.tests.dll" id="c910335b-d97b-0fa6-4148-d6a56cb4ec15">
      <Execution id="3fb9c878-7f60-497d-a434-24b78b9cd7cf" />
      <TestMethod codeBase="C:\Users\sunit\Desktop\Dissertation Project\Sprint_Monitor\sprint-monitor-api\SprintMonitor.Tests\bin\Debug\net8.0\SprintMonitor.Tests.dll" adapterTypeName="executor://xunit/VsTestRunner2/netcoreapp" className="SprintMonitor.Tests.Controllers.RiskAssessmentControllerTests" name="GetAssessment_ReturnsNotFound_WhenAssessmentDoesNotExist" />
    </UnitTest>
    <UnitTest name="SprintMonitor.Tests.Services.SprintServiceTests.GetSprintsByTeamAsync_ReturnsSprints_ForExistingTeam" storage="c:\users\sunit\desktop\dissertation project\sprint_monitor\sprint-monitor-api\sprintmonitor.tests\bin\debug\net8.0\sprintmonitor.tests.dll" id="bf3f7915-3ede-0f2a-610e-55b0ed98ad6e">
      <Execution id="cc2ed732-bb81-45e1-9546-2a40f2801253" />
      <TestMethod codeBase="C:\Users\sunit\Desktop\Dissertation Project\Sprint_Monitor\sprint-monitor-api\SprintMonitor.Tests\bin\Debug\net8.0\SprintMonitor.Tests.dll" adapterTypeName="executor://xunit/VsTestRunner2/netcoreapp" className="SprintMonitor.Tests.Services.SprintServiceTests" name="GetSprintsByTeamAsync_ReturnsSprints_ForExistingTeam" />
    </UnitTest>
[...]
      <Execution id="6f6f5a2c-a755-47ab-853f-26dd39e9d241" />
      <TestMethod codeBase="C:\Users\sunit\Desktop\Dissertation Project\Sprint_Monitor\sprint-monitor-api\SprintMonitor.Tests\bin\Debug\net8.0\SprintMonitor.Tests.dll" adapterTypeName="executor://xunit/VsTestRunner2/netcoreapp" className="SprintMonitor.Tests.Services.SprintServiceTests" name="GetRecentSprintsAsync_ReturnsRequestedCount" />
    </UnitTest>
    <UnitTest name="SprintMonitor.Tests.Services.SprintServiceTests.GetRecentSprintsAsync_ReturnsAllSprints_WhenCountExceedsAvailable" storage="c:\users\sunit\desktop\dissertation project\sprint_monitor\sprint-monitor-api\sprintmonitor.tests\bin\debug\net8.0\sprintmonitor.tests.dll" id="3ed74129-5059-ffcb-59ef-9b74816aaccd">
      <Execution id="d8cfb7f9-6dc0-4953-bb2c-394cfd9781e4" />
      <TestMethod codeBase="C:\Users\sunit\Desktop\Dissertation Project\Sprint_Monitor\sprint-monitor-api\SprintMonitor.Tests\bin\Debug\net8.0\SprintMonitor.Tests.dll" adapterTypeName="executor://xunit/VsTestRunner2/netcoreapp" className="SprintMonitor.Tests.Services.SprintServiceTests" name="GetRecentSprintsAsync_ReturnsAllSprints_WhenCountExceedsAvailable" />
    </UnitTest>
    <UnitTest name="SprintMonitor.Tests.Services.RiskAssessmentServiceTests.EvaluateRiskAsync_IncludesSpilloverRiskFactor" storage="c:\users\sunit\desktop\dissertation project\sprint_monitor\sprint-monitor-api\sprintmonitor.tests\bin\debug\net8.0\sprintmonitor.tests.dll" id="e0dc3954-353b-469a-cf61-0bec9b891646">
      <Execution id="0fad3c7c-feb7-4c4e-8b89-f42b75b119e6" />
      <TestMethod codeBase="C:\Users\sunit\Desktop\Dissertation Project\Sprint_Monitor\sprint-monitor-api\SprintMonitor.Tests\bin\Debug\net8.0\SprintMonitor.Tests.dll" adapterTypeName="executor://xunit/VsTestRunner2/netcoreapp" className="SprintMonitor.Tests.Services.RiskAssessmentServiceTests" name="EvaluateRiskAsync_IncludesSpilloverRiskFactor" />
    </UnitTest>
    <UnitTest name="SprintMonitor.Tests.Services.SprintServiceTests.UpdateSprintAsync_UpdatesSprint_WhenExists" storage="c:\users\sunit\desktop\dissertation project\sprint_monitor\sprint-monitor-api\sprintmonitor.tests\bin\debug\net8.0\sprintmonitor.tests.dll" id="941df030-903f-359c-e8c2-6c1524015ccf">
      <Execution id="a4e1369a-66ec-482d-abd8-47b78984a2e0" />
      <TestMethod codeBase="C:\Users\sunit\Desktop\Dissertation Project\Sprint_Monitor\sprint-monitor-api\SprintMonitor.Tests\bin\Debug\net8.0\SprintMonitor.Tests.dll" adapterTypeName="executor://xunit/VsTestRunner2/netcoreapp" className="SprintMonitor.Tests.Services.SprintServiceTests" name="UpdateSprintAsync_UpdatesSprint_WhenExists" />
    </UnitTest>
    <UnitTest name="SprintMonitor.Tests.Controllers.TeamsControllerTests.GetTeam_ReturnsOkWithTeam_WhenTeamExists" storage="c:\users\sunit\desktop\dissertation project\sprint_monitor\sprint-monitor-api\sprintmonitor.tests\bin\debug\net8.0\sprintmonitor.tests.dll" id="426609c4-2f4f-f0a2-a470-d721613891bd">
      <Execution id="57c0fd29-7b15-463c-981c-830754035d58" />
      <TestMethod codeBase="C:\Users\sunit\Desktop\Dissertation Project\Sprint_Monitor\sprint-monitor-api\SprintMonitor.Tests\bin\Debug\net8.0\SprintMonitor.Tests.dll" adapterTypeName="executor://xunit/VsTestRunner2/netcoreapp" className="SprintMonitor.Tests.Controllers.TeamsControllerTests" name="GetTeam_ReturnsOkWithTeam_WhenTeamExists" />
    </UnitTest>
  </TestDefinitions>
  <TestEntries>
    <TestEntry testId="c3ec664e-b665-9d50-a05f-618e3eb0cd2e" executionId="7657a414-3e80-470d-9285-bb9343c8aa1a" testListId="8c84fa94-04c1-424b-9868-57a2d4851a1d" />
    <TestEntry testId="848551cd-4179-ae26-cc7a-4497cd3bbb1b" executionId="4f83d8ca-fb20-48d5-baa7-40b2166a8a4f" testListId="8c84fa94-04c1-424b-9868-57a2d4851a1d" />
    <TestEntry testId="bbedff67-ba3d-882d-aed5-edbd2afabb22" executionId="b29b42d0-0ad8-4173-9700-fc5b96281af3" testListId="8c84fa94-04c1-424b-9868-57a2d4851a1d" />
    <TestEntry testId="f53d0607-ac0d-0f5f-8b31-9ca6abde2ea6" executionId="ba855acb-b5c2-49f6-873c-b598e65893f8" testListId="8c84fa94-04c1-424b-9868-57a2d4851a1d" />
    <TestEntry testId="4854a12b-503c-28f1-240f-b9072e3d0723" executionId="c16220ba-305b-4b68-aa8e-01ba7a9b921d" testListId="8c84fa94-04c1-424b-9868-57a2d4851a1d" />
    <TestEntry testId="6e1eb252-fa14-2872-0fd4-394ae13e1b8d" executionId="5a0532c5-9336-4564-91ba-555844239227" testListId="8c84fa94-04c1-424b-9868-57a2d4851a1d" />
    <TestEntry testId="77abe839-4ce1-cf06-addd-77fd432a9c66" executionId="27bab33b-3e1c-4388-92be-736a923245bb" testListId="8c84fa94-04c1-424b-9868-57a2d4851a1d" />
    <TestEntry testId="567494dc-f881-f6c9-0012-4f5a0ef9f20d" executionId="4bd3b91c-8f3e-4f2f-8c28-78f8449ae437" testListId="8c84fa94-04c1-424b-9868-57a2d4851a1d" />
    <TestEntry testId="a2769320-77f8-23da-202a-d466476b295d" executionId="659c72cf-33e8-41f7-91ef-c64434e2cd6d" testListId="8c84fa94-04c1-424b-9868-57a2d4851a1d" />
    <TestEntry testId="16a94fb7-926c-f763-478d-981e8fd90267" executionId="c2b4aeda-134e-4c43-8afd-70c03b84a68d" testListId="8c84fa94-04c1-424b-9868-57a2d4851a1d" />
    <TestEntry testId="ac9a534b-94fc-047e-6d1e-2f8104405a60" executionId="bce0ed7f-6410-441d-92c9-f2fb7a4978cc" testListId="8c84fa94-04c1-424b-9868-57a2d4851a1d" />
    <TestEntry testId="63a2a478-aa65-1ecd-46e9-2fca1f3647d0" executionId="8485ab8e-7311-418e-a09f-6bc694108fed" testListId="8c84fa94-04c1-424b-9868-57a2d4851a1d" />
    <TestEntry testId="8ee90808-1d7a-d770-8f55-b8f8db6b9307" executionId="f43bbadb-e054-41fb-b14e-4ee97bf2f538" testListId="8c84fa94-04c1-424b-9868-57a2d4851a1d" />
    <TestEntry testId="706a2bd8-ce4b-7273-7cd9-acd11a01d430" executionId="b6c572a7-c871-41e3-afd1-c40f348806dd" testListId="8c84fa94-04c1-424b-9868-57a2d4851a1d" />
    <TestEntry testId="6046303c-9f7e-382c-1031-ade6894af5b7" executionId="ffc40ced-88c7-4b6d-9e5f-648278d54691" testListId="8c84fa94-04c1-424b-9868-57a2d4851a1d" />
    <TestEntry testId="40b26adc-7394-e569-15da-a422189c0300" executionId="752df4fd-e968-4649-a380-9759fed98c46" testListId="8c84fa94-04c1-424b-9868-57a2d4851a1d" />
    <TestEntry testId="6155aebe-207f-adf2-febb-f8637d68e7ca" executionId="9907d431-2c28-4d61-af90-1856f18b13f0" testListId="8c84fa94-04c1-424b-9868-57a2d4851a1d" />
    <TestEntry testId="e7c81b60-edf0-d262-d67f-fe59fad95922" executionId="a8a1573f-d0fb-4046-8b1b-c570437e853b" testListId="8c84fa94-04c1-424b-9868-57a2d4851a1d" />
    <TestEntry testId="0621deb9-6fa4-22c3-05c3-19d81c3a21da" executionId="1a761f48-37b6-4afd-aa48-da14795d4924" testListId="8c84fa94-04c1-424b-9868-57a2d4851a1d" />
    <TestEntry testId="c910335b-d97b-0fa6-4148-d6a56cb4ec15" executionId="3fb9c878-7f60-497d-a434-24b78b9cd7cf" testListId="8c84fa94-04c1-424b-9868-57a2d4851a1d" />
    <TestEntry testId="9625d8df-6d67-af35-34c1-558d9ffcaf95" executionId="a73e6e21-e860-4233-84dc-7f6ce6f67c24" testListId="8c84fa94-04c1-424b-9868-57a2d4851a1d" />
    <TestEntry testId="82794717-d371-1d17-36d0-f3c54ac4e2b7" executionId="4d0ed562-40a7-4b18-b548-c5b9a7f22b58" testListId="8c84fa94-04c1-424b-9868-57a2d4851a1d" />
    <TestEntry testId="dbc4d080-e65f-3b62-58a8-8c6cb52bdc84" executionId="ef1c87f5-ef92-437e-86d1-45d6f72bb329" testListId="8c84fa94-04c1-424b-9868-57a2d4851a1d" />
    <TestEntry testId="426609c4-2f4f-f0a2-a470-d721613891bd" executionId="57c0fd29-7b15-463c-981c-830754035d58" testListId="8c84fa94-04c1-424b-9868-57a2d4851a1d" />
    <TestEntry testId="8fd77805-61d7-5f0c-2889-88adba000385" executionId="17b82cf9-3a59-40dc-8d95-b22d37daa882" testListId="8c84fa94-04c1-424b-9868-57a2d4851a1d" />
    <TestEntry testId="cbdf0f34-78a3-c19d-8e3b-be975d3295cf" executionId="f44820f5-d842-432a-b6d9-6828ba82c947" testListId="8c84fa94-04c1-424b-9868-57a2d4851a1d" />
    <TestEntry testId="b0d0aeb8-d92f-3193-5dc4-296f77d9f9cc" executionId="0262c92a-b6c6-4d72-8a48-8599b8a96d77" testListId="8c84fa94-04c1-424b-9868-57a2d4851a1d" />
    <TestEntry testId="37a20fa5-630f-5b62-6688-a9b45341ad0d" executionId="ea640fd6-3e2e-4180-9d71-efb9ee331f85" testListId="8c84fa94-04c1-424b-9868-57a2d4851a1d" />
    <TestEntry testId="81fa6ea6-ec03-4365-2003-18e7909a7075" executionId="f3c307fa-24a3-4c82-beb6-39449f0eb16b" testListId="8c84fa94-04c1-424b-9868-57a2d4851a1d" />
    <TestEntry testId="f71929e2-1562-d259-f98c-8db626cfc4d3" executionId="f5cfc9f5-2e9c-4bb4-aa12-c97b28d589e8" testListId="8c84fa94-04c1-424b-9868-57a2d4851a1d" />
    <TestEntry testId="6cdf02db-2687-f1ea-e56b-cf7fd04023c6" executionId="a245ae96-9853-48b5-bbc3-36542ba9de13" testListId="8c84fa94-04c1-424b-9868-57a2d4851a1d" />
    <TestEntry testId="941df030-903f-359c-e8c2-6c1524015ccf" executionId="a4e1369a-66ec-482d-abd8-47b78984a2e0" testListId="8c84fa94-04c1-424b-9868-57a2d4851a1d" />
    <TestEntry testId="cfd4982a-47e1-f2ed-b463-1bb9bfd492c6" executionId="4beea7f1-dfbe-4f97-8d8d-0a50588f7a32" testListId="8c84fa94-04c1-424b-9868-57a2d4851a1d" />
    <TestEntry testId="b00b466d-4393-df14-41e9-90080332d347" executionId="69d44641-b705-4378-bdfb-f8e18ff84b6c" testListId="8c84fa94-04c1-424b-9868-57a2d4851a1d" />
    <TestEntry testId="b7656f98-f723-0bfd-59d7-a147ad61d131" executionId="fe4561ff-beed-4471-86ed-c80a35551f32" testListId="8c84fa94-04c1-424b-9868-57a2d4851a1d" />
    <TestEntry testId="7c0e7349-8da0-bdb7-4746-c3dd1fa87dd1" executionId="59074c4a-1bba-4b2c-8adb-a304245a210c" testListId="8c84fa94-04c1-424b-9868-57a2d4851a1d" />
    <TestEntry testId="a243651d-2ddf-161c-a7d8-c48b3603385a" executionId="79ad8fe2-4b04-4c8d-9569-968351f0376d" testListId="8c84fa94-04c1-424b-9868-57a2d4851a1d" />
    <TestEntry testId="7ef32457-cf9c-7548-0d76-be20b4b57e4e" executionId="bbeeccc1-f754-4690-a284-fd58b0314666" testListId="8c84fa94-04c1-424b-9868-57a2d4851a1d" />
    <TestEntry testId="953bef0b-9d9d-1db9-1261-d96a0633e0c1" executionId="6a853b40-031d-460d-9c1a-a0fdba7144da" testListId="8c84fa94-04c1-424b-9868-57a2d4851a1d" />
    <TestEntry testId="1add0938-8f09-87d9-2d47-077eb0f84b00" executionId="e8ae7ddf-b956-4426-8533-834c594e4051" testListId="8c84fa94-04c1-424b-9868-57a2d4851a1d" />
    <TestEntry testId="9698218e-c1f7-1e93-2dc5-7088a4f87cd4" executionId="2f22ad66-7c93-470b-9984-620097851b7b" testListId="8c84fa94-04c1-424b-9868-57a2d4851a1d" />
    <TestEntry testId="bfac52fd-00c5-3585-e448-4b07502f3919" executionId="a5cbad80-7d4c-465f-bf6e-39f999909194" testListId="8c84fa94-04c1-424b-9868-57a2d4851a1d" />
    <TestEntry testId="83174210-891f-d5fe-a8f3-a7929444a2a0" executionId="4b4a06f3-fd63-4e98-bf71-04368e7de026" testListId="8c84fa94-04c1-424b-9868-57a2d4851a1d" />
    <TestEntry testId="ba1eb752-a105-d067-33df-a3e6bf00e93f" executionId="c41e431d-428f-4929-9e00-0ef45023a206" testListId="8c84fa94-04c1-424b-9868-57a2d4851a1d" />
    <TestEntry testId="3ed74129-5059-ffcb-59ef-9b74816aaccd" executionId="d8cfb7f9-6dc0-4953-bb2c-394cfd9781e4" testListId="8c84fa94-04c1-424b-9868-57a2d4851a1d" />
    <TestEntry testId="624362ed-d5b7-4eb9-0af5-8e79cc27b81e" executionId="f2645659-2fc4-4ae1-9934-695f6b5f8b11" testListId="8c84fa94-04c1-424b-9868-57a2d4851a1d" />
    <TestEntry testId="107b051a-5602-e11b-9f79-7e3b0ae5a0f9" executionId="8021654c-b3da-4e5d-8289-9b3d74eb3055" testListId="8c84fa94-04c1-424b-9868-57a2d4851a1d" />
    <TestEntry testId="01756942-b786-4e10-06c2-b38b42a47316" executionId="06f07333-114a-44ff-a8be-06e68a2a29d3" testListId="8c84fa94-04c1-424b-9868-57a2d4851a1d" />
    <TestEntry testId="2384abbb-0a84-1c65-f849-bddaf32b6c19" executionId="fe6df71a-9259-4313-b077-782822405859" testListId="8c84fa94-04c1-424b-9868-57a2d4851a1d" />
    <TestEntry testId="2cc9a4ad-9f3a-ba29-d731-313949607cf1" executionId="3af698fb-31f1-41f4-a3b6-b65babe47b88" testListId="8c84fa94-04c1-424b-9868-57a2d4851a1d" />
    <TestEntry testId="05f0eb12-90b3-f3ae-c5cd-5b94313ab714" executionId="90bc5ee9-0b22-4f42-8d59-bdc9a4bbcba1" testListId="8c84fa94-04c1-424b-9868-57a2d4851a1d" />
    <TestEntry testId="189e8bd5-3979-0a1b-eb6d-749214769996" executionId="5a67a698-5920-4dd5-bd77-9a7d3e20e979" testListId="8c84fa94-04c1-424b-9868-57a2d4851a1d" />
    <TestEntry testId="bf3f7915-3ede-0f2a-610e-55b0ed98ad6e" executionId="cc2ed732-bb81-45e1-9546-2a40f2801253" testListId="8c84fa94-04c1-424b-9868-57a2d4851a1d" />
    <TestEntry testId="6e99bb9a-88d5-32a6-9c2e-aca45333aedc" executionId="8e4438bf-6813-4bf1-842c-b7986eb5317d" testListId="8c84fa94-04c1-424b-9868-57a2d4851a1d" />
    <TestEntry testId="ccc84d02-7d44-b40a-5b7b-04e84c4e6a50" executionId="5f8f8235-101f-4ccd-ba22-5693e288e316" testListId="8c84fa94-04c1-424b-9868-57a2d4851a1d" />
    <TestEntry testId="65946560-ca6e-8050-613f-fbe2e1b60e23" executionId="a6078700-9560-4be8-a406-884ea7134f84" testListId="8c84fa94-04c1-424b-9868-57a2d4851a1d" />
    <TestEntry testId="c2cd2ed3-4905-395f-a914-9280a0c87bd7" executionId="58a14eae-5c27-4f63-9d3a-bac6ff74830c" testListId="8c84fa94-04c1-424b-9868-57a2d4851a1d" />
    <TestEntry testId="b811aea5-d008-af72-e9f7-3485a234188a" executionId="8e74ee4f-e7fe-43ef-a504-4ee96b411d46" testListId="8c84fa94-04c1-424b-9868-57a2d4851a1d" />
    <TestEntry testId="97eaebb9-1299-944c-7c2f-9186f54ce0cc" executionId="6f6f5a2c-a755-47ab-853f-26dd39e9d241" testListId="8c84fa94-04c1-424b-9868-57a2d4851a1d" />
    <TestEntry testId="d5865003-7c1b-d7da-6373-964ee7d7d2b4" executionId="0f6aef78-a3b1-43d8-95d2-7dcbac892b30" testListId="8c84fa94-04c1-424b-9868-57a2d4851a1d" />
    <TestEntry testId="87b5d955-4b45-dbd0-e933-2aecf5d95fbc" executionId="86636e6f-b8fb-4730-8183-5a094b3d6d04" testListId="8c84fa94-04c1-424b-9868-57a2d4851a1d" />
    <TestEntry testId="decedc0f-ffde-f2c2-f25e-219101d7d472" executionId="10b8d0a6-4773-4810-87e7-b5185c724e87" testListId="8c84fa94-04c1-424b-9868-57a2d4851a1d" />
    <TestEntry testId="2112caeb-0852-b81a-518b-65000539f327" executionId="5c06d482-75e5-4efb-80a7-84cb2590827c" testListId="8c84fa94-04c1-424b-9868-57a2d4851a1d" />
    <TestEntry testId="e0dc3954-353b-469a-cf61-0bec9b891646" executionId="0fad3c7c-feb7-4c4e-8b89-f42b75b119e6" testListId="8c84fa94-04c1-424b-9868-57a2d4851a1d" />
    <TestEntry testId="7c5b8dd9-210d-a172-4e9b-9105a84185b6" executionId="9e7f890d-4367-4b33-a056-42880992bc76" testListId="8c84fa94-04c1-424b-9868-57a2d4851a1d" />
    <TestEntry testId="2f8597e9-dfe0-6ab2-dd3c-fa0673096608" executionId="b34a8ec2-86cc-4d37-ab9e-31ac63609675" testListId="8c84fa94-04c1-424b-9868-57a2d4851a1d" />
    <TestEntry testId="b625bce3-86ee-c386-24a8-43a03d2709c9" executionId="d0b936ec-0f72-44a7-b858-6f6f3c2b7ec5" testListId="8c84fa94-04c1-424b-9868-57a2d4851a1d" />
    <TestEntry testId="71ec4120-2edb-b393-613a-a32179f12691" executionId="8fda89b5-9887-491a-abe7-1b7ad4c54c86" testListId="8c84fa94-04c1-424b-9868-57a2d4851a1d" />
    <TestEntry testId="ee522a29-2e27-f305-e9d0-2275b8e0c403" executionId="fa37f363-e4cc-42e2-9a36-6689141ae41b" testListId="8c84fa94-04c1-424b-9868-57a2d4851a1d" />
    <TestEntry testId="a2da4fb5-c080-c6c3-88e7-6faee1f12c9a" executionId="457e5f95-55f1-4f6a-bbb0-395309371594" testListId="8c84fa94-04c1-424b-9868-57a2d4851a1d" />
    <TestEntry testId="711e6fb3-4d3e-0fea-73f0-2d17125494b0" executionId="3a1466dc-c1f1-4f5f-8021-182e6dca58e5" testListId="8c84fa94-04c1-424b-9868-57a2d4851a1d" />
    <TestEntry testId="4a2044c6-3794-f1ab-c841-8fd7112b7b4d" executionId="0f9377d6-4c2f-4efc-a1af-19448cc23a1e" testListId="8c84fa94-04c1-424b-9868-57a2d4851a1d" />
    <TestEntry testId="c668c3ce-8e29-77f1-f20c-a9451a189c0d" executionId="d84d205a-224c-4f61-a55c-7c87348c8b4c" testListId="8c84fa94-04c1-424b-9868-57a2d4851a1d" />
    <TestEntry testId="49e35dc7-411a-65e9-2828-a475104833f2" executionId="99b35c80-b133-4318-9a3e-65d3c50dcaac" testListId="8c84fa94-04c1-424b-9868-57a2d4851a1d" />
    <TestEntry testId="2883928a-fbd0-1d9b-4d14-7eef88cbbf28" executionId="bc41bb0a-143e-400e-b108-a72133bfd29f" testListId="8c84fa94-04c1-424b-9868-57a2d4851a1d" />
    <TestEntry testId="7c040fed-828a-9c86-e6d1-231f805cc470" executionId="b719b66c-3804-47c8-a57d-38f5dcde8ec4" testListId="8c84fa94-04c1-424b-9868-57a2d4851a1d" />
    <TestEntry testId="2c721836-3ff7-51d3-2c38-b7b425157b48" executionId="c7379ae9-f7ae-4863-b653-8690c16302b7" testListId="8c84fa94-04c1-424b-9868-57a2d4851a1d" />
    <TestEntry testId="3b6d5bbc-2b07-652d-b08e-b59f78e654e6" executionId="33b13219-77a7-4425-89ee-83fe933c00a0" testListId="8c84fa94-04c1-424b-9868-57a2d4851a1d" />
    <TestEntry testId="afbcffea-d66b-3ec6-606a-60af60c0321c" executionId="e6ad232a-6e1e-4e13-b675-c8ce8019d9dc" testListId="8c84fa94-04c1-424b-9868-57a2d4851a1d" />
    <TestEntry testId="34dd16a7-1794-9856-c682-fbe555750b2f" executionId="3a1fa390-3885-4e5d-a02c-447d6c81af78" testListId="8c84fa94-04c1-424b-9868-57a2d4851a1d" />
    <TestEntry testId="38813362-b039-ba9f-8cfe-5ac5d85f364c" executionId="00239659-df4a-49cd-83d8-1082eef8b29d" testListId="8c84fa94-04c1-424b-9868-57a2d4851a1d" />
    <TestEntry testId="1d2b3548-bfd8-6c3b-bbe2-8e1bacc18b9d" executionId="f0e99a1d-cc04-4770-b3e8-9ccbd395aca6" testListId="8c84fa94-04c1-424b-9868-57a2d4851a1d" />
    <TestEntry testId="3755cd34-4010-8aa1-da92-23b6c4cf0dfb" executionId="3b383b95-972d-4e78-980a-3c2365eaac08" testListId="8c84fa94-04c1-424b-9868-57a2d4851a1d" />
    <TestEntry testId="3acbdd40-a0d2-f3b9-7999-4a32492a6a4e" executionId="80b4453a-e23f-4cdf-a5dd-de911702153e" testListId="8c84fa94-04c1-424b-9868-57a2d4851a1d" />
    <TestEntry testId="b57f6e02-c660-4c73-9845-565d1cc8b0b3" executionId="f0d89425-4435-420b-ac3b-7e294593c526" testListId="8c84fa94-04c1-424b-9868-57a2d4851a1d" />
    <TestEntry testId="11e255a6-d632-0b3c-e0dd-4e5b0ce75131" executionId="6af26700-0822-4962-a296-b2031e5438f1" testListId="8c84fa94-04c1-424b-9868-57a2d4851a1d" />
    <TestEntry testId="86af41ee-3ec7-24a4-4284-b0b75e132ddd" executionId="ece4c967-fe89-426d-b1d4-d4f44fdb34c2" testListId="8c84fa94-04c1-424b-9868-57a2d4851a1d" />
    <TestEntry testId="83f5ad48-b460-f0a6-a45e-663926b9f4c0" executionId="0ca01d65-ab00-4b33-bad7-107de2351eb8" testListId="8c84fa94-04c1-424b-9868-57a2d4851a1d" />
    <TestEntry testId="40d00c69-5529-e271-e174-3fbc33b13d09" executionId="e802fa53-a358-411a-aafd-de6f0b09d967" testListId="8c84fa94-04c1-424b-9868-57a2d4851a1d" />
    <TestEntry testId="c2524f81-e366-7265-2ba0-94576629bcbc" executionId="cc32ed9a-2959-450f-88ae-da4ba734cdc3" testListId="8c84fa94-04c1-424b-9868-57a2d4851a1d" />
    <TestEntry testId="c1cd69ea-90cf-5960-bbc6-f3c67b6f9c1c" executionId="1f16931f-95c5-4c6c-bcd7-5182203a9d92" testListId="8c84fa94-04c1-424b-9868-57a2d4851a1d" />
    <TestEntry testId="fe43978c-415e-4f03-c8e7-a236eccedb9f" executionId="73f5a884-829c-4a24-9543-4a2b8193db6f" testListId="8c84fa94-04c1-424b-9868-57a2d4851a1d" />
    <TestEntry testId="5082b9a5-8477-824e-1d49-4ea2bbfa2c93" executionId="1f394ec4-bc25-4bc0-b2c6-1e12e5655878" testListId="8c84fa94-04c1-424b-9868-57a2d4851a1d" />
    <TestEntry testId="91d94b6b-650f-93f4-cb4d-b3f1f19013ae" executionId="1cfead38-0b79-461f-a794-f4431bd2e18d" testListId="8c84fa94-04c1-424b-9868-57a2d4851a1d" />
  </TestEntries>
  <TestLists>
    <TestList name="Results Not in a List" id="8c84fa94-04c1-424b-9868-57a2d4851a1d" />
    <TestList name="All Loaded Results" id="19431567-8539-422a-85d7-44ee4e166bda" />
  </TestLists>
  <ResultSummary outcome="Completed">
    <Counters total="94" executed="94" passed="94" failed="0" error="0" timeout="0" aborted="0" inconclusive="0" passedButRunAborted="0" notRunnable="0" notExecuted="0" disconnected="0" warning="0" completed="0" inProgress="0" pending="0" />
    <Output>
      <StdOut>[xUnit.net 00:00:00.00] xUnit.net VSTest Adapter v2.5.6+bf9b858c26 (64-bit .NET 8.0.24)&#xD;
[xUnit.net 00:00:00.22]   Discovering: SprintMonitor.Tests&#xD;
[xUnit.net 00:00:00.36]   Discovered:  SprintMonitor.Tests&#xD;
[xUnit.net 00:00:00.37]   Starting:    SprintMonitor.Tests&#xD;
[xUnit.net 00:00:03.16]   Finished:    SprintMonitor.Tests&#xD;
</StdOut>
    </Output>
  </ResultSummary>
</TestRun>